Log file open, 06/29/18 20:13:28
LogWindows: Failed to load 'aqProf.dll' (GetLastError=126)
LogWindows: File 'aqProf.dll' does not exist
LogWindows: Failed to load 'VtuneApi.dll' (GetLastError=126)
LogWindows: File 'VtuneApi.dll' does not exist
LogWindows: Failed to load 'VtuneApi32e.dll' (GetLastError=126)
LogWindows: File 'VtuneApi32e.dll' does not exist
LogInit: Display: Running engine for game: RafaGirafa
LogPlatformFile: Not using cached read wrapper
LogInit: Display: RandInit(-59181994) SRandInit(-59181994).
LogInit: Read version file with build ID '3944462'
LogInit: Overriding engine version to CL 4033788, compatible CL 3944462
LogInit: Registered custom module enumerator with build ID '3944462'
LogTaskGraph: Started task graph with 5 named threads and 11 total threads with 3 sets of task threads.
LogStats: Stats thread started at 0.143527
LogD3D11RHI: Aftermath initialized
LogICUInternationalization: Display: ICU TimeZone Detection - Raw Offset: -3:00, Platform Override: ''
LogModuleManager: Display: Found up-to-date module file ../../../Engine/Plugins/2D/Paper2D/Binaries/Win64/UE4Editor-Paper2D.dll (API version 3944462).
LogModuleManager: Display: Found up-to-date module file ../../../Engine/Plugins/2D/Paper2D/Binaries/Win64/UE4Editor-Paper2DEditor.dll (API version 3944462).
LogModuleManager: Display: Found up-to-date module file ../../../Engine/Plugins/2D/Paper2D/Binaries/Win64/UE4Editor-PaperSpriteSheetImporter.dll (API version 3944462).
LogModuleManager: Display: Found up-to-date module file ../../../Engine/Plugins/2D/Paper2D/Binaries/Win64/UE4Editor-PaperTiledImporter.dll (API version 3944462).
LogModuleManager: Display: Found up-to-date module file ../../../Engine/Plugins/2D/Paper2D/Binaries/Win64/UE4Editor-SmartSnapping.dll (API version 3944462).
LogModuleManager: Display: Found up-to-date module file ../../../Engine/Plugins/Blendables/LightPropagationVolume/Binaries/Win64/UE4Editor-LightPropagationVolumeRuntime.dll (API version 3944462).
LogModuleManager: Display: Found up-to-date module file ../../../Engine/Plugins/Blendables/LightPropagationVolume/Binaries/Win64/UE4Editor-LightPropagationVolumeEditor.dll (API version 3944462).
LogModuleManager: Display: Found up-to-date module file ../../../Engine/Plugins/Developer/CLionSourceCodeAccess/Binaries/Win64/UE4Editor-CLionSourceCodeAccess.dll (API version 3944462).
LogModuleManager: Display: Found up-to-date module file ../../../Engine/Plugins/Developer/GitSourceControl/Binaries/Win64/UE4Editor-GitSourceControl.dll (API version 3944462).
LogModuleManager: Display: Found up-to-date module file ../../../Engine/Plugins/Developer/PerforceSourceControl/Binaries/Win64/UE4Editor-PerforceSourceControl.dll (API version 3944462).
LogModuleManager: Display: Found up-to-date module file ../../../Engine/Plugins/Developer/SubversionSourceControl/Binaries/Win64/UE4Editor-SubversionSourceControl.dll (API version 3944462).
LogModuleManager: Display: Found up-to-date module file ../../../Engine/Plugins/Developer/UObjectPlugin/Binaries/Win64/UE4Editor-UObjectPlugin.dll (API version 3944462).
LogModuleManager: Display: Found up-to-date module file ../../../Engine/Plugins/Developer/VisualStudioCodeSourceCodeAccess/Binaries/Win64/UE4Editor-VisualStudioCodeSourceCodeAccess.dll (API version 3944462).
LogModuleManager: Display: Found up-to-date module file ../../../Engine/Plugins/Developer/VisualStudioSourceCodeAccess/Binaries/Win64/UE4Editor-VisualStudioSourceCodeAccess.dll (API version 3944462).
LogModuleManager: Display: Found up-to-date module file ../../../Engine/Plugins/Editor/AssetManagerEditor/Binaries/Win64/UE4Editor-AssetManagerEditor.dll (API version 3944462).
LogModuleManager: Display: Found up-to-date module file ../../../Engine/Plugins/Editor/CryptoKeys/Binaries/Win64/UE4Editor-CryptoKeys.dll (API version 3944462).
LogModuleManager: Display: Found up-to-date module file ../../../Engine/Plugins/Editor/CryptoKeys/Binaries/Win64/UE4Editor-CryptoKeysOpenSSL.dll (API version 3944462).
LogModuleManager: Display: Found up-to-date module file ../../../Engine/Plugins/Editor/DataValidation/Binaries/Win64/UE4Editor-DataValidation.dll (API version 3944462).
LogModuleManager: Display: Found up-to-date module file ../../../Engine/Plugins/Editor/FacialAnimation/Binaries/Win64/UE4Editor-FacialAnimation.dll (API version 3944462).
LogModuleManager: Display: Found up-to-date module file ../../../Engine/Plugins/Editor/FacialAnimation/Binaries/Win64/UE4Editor-FacialAnimationEditor.dll (API version 3944462).
LogModuleManager: Display: Found up-to-date module file ../../../Engine/Plugins/Editor/GameplayTagsEditor/Binaries/Win64/UE4Editor-GameplayTagsEditor.dll (API version 3944462).
LogModuleManager: Display: Found up-to-date module file ../../../Engine/Plugins/Editor/MobileLauncherProfileWizard/Binaries/Win64/UE4Editor-MobileLauncherProfileWizard.dll (API version 3944462).
LogModuleManager: Display: Found up-to-date module file ../../../Engine/Plugins/Editor/PluginBrowser/Binaries/Win64/UE4Editor-PluginBrowser.dll (API version 3944462).
LogModuleManager: Display: Found up-to-date module file ../../../Engine/Plugins/Editor/SpeedTreeImporter/Binaries/Win64/UE4Editor-SpeedTreeImporter.dll (API version 3944462).
LogModuleManager: Display: Found up-to-date module file ../../../Engine/Plugins/Enterprise/DatasmithContent/Binaries/Win64/UE4Editor-DatasmithContent.dll (API version 3944462).
LogModuleManager: Display: Found up-to-date module file ../../../Engine/Plugins/Experimental/AlembicImporter/Binaries/Win64/UE4Editor-AlembicImporter.dll (API version 3944462).
LogModuleManager: Display: Found up-to-date module file ../../../Engine/Plugins/Experimental/AlembicImporter/Binaries/Win64/UE4Editor-AlembicLibrary.dll (API version 3944462).
LogModuleManager: Display: Found up-to-date module file ../../../Engine/Plugins/Experimental/CharacterAI/Binaries/Win64/UE4Editor-CharacterAI.dll (API version 3944462).
LogModuleManager: Display: Found up-to-date module file ../../../Engine/Plugins/Experimental/HTML5Networking/Binaries/Win64/UE4Editor-HTML5Networking.dll (API version 3944462).
LogModuleManager: Display: Found up-to-date module file ../../../Engine/Plugins/Media/AndroidMedia/Binaries/Win64/UE4Editor-AndroidMediaEditor.dll (API version 3944462).
LogModuleManager: Display: Found up-to-date module file ../../../Engine/Plugins/Media/AndroidMedia/Binaries/Win64/UE4Editor-AndroidMediaFactory.dll (API version 3944462).
LogModuleManager: Display: Found up-to-date module file ../../../Engine/Plugins/Media/AvfMedia/Binaries/Win64/UE4Editor-AvfMediaEditor.dll (API version 3944462).
LogModuleManager: Display: Found up-to-date module file ../../../Engine/Plugins/Media/AvfMedia/Binaries/Win64/UE4Editor-AvfMediaFactory.dll (API version 3944462).
LogModuleManager: Display: Found up-to-date module file ../../../Engine/Plugins/Media/AvfMedia/Binaries/Win64/UE4Editor-AvfMediaFactory.dll (API version 3944462).
LogModuleManager: Display: Found up-to-date module file ../../../Engine/Plugins/Media/ImgMedia/Binaries/Win64/UE4Editor-ImgMedia.dll (API version 3944462).
LogModuleManager: Display: Found up-to-date module file ../../../Engine/Plugins/Media/ImgMedia/Binaries/Win64/UE4Editor-ImgMediaEditor.dll (API version 3944462).
LogModuleManager: Display: Found up-to-date module file ../../../Engine/Plugins/Media/ImgMedia/Binaries/Win64/UE4Editor-ImgMediaFactory.dll (API version 3944462).
LogModuleManager: Display: Found up-to-date module file ../../../Engine/Plugins/Media/ImgMedia/Binaries/Win64/UE4Editor-ImgMediaFactory.dll (API version 3944462).
LogModuleManager: Display: Found up-to-date module file ../../../Engine/Plugins/Media/ImgMedia/Binaries/Win64/UE4Editor-OpenExrWrapper.dll (API version 3944462).
LogModuleManager: Display: Found up-to-date module file ../../../Engine/Plugins/Media/LinearTimecode/Binaries/Win64/UE4Editor-LinearTimecode.dll (API version 3944462).
LogModuleManager: Display: Found up-to-date module file ../../../Engine/Plugins/Media/MediaCompositing/Binaries/Win64/UE4Editor-MediaCompositing.dll (API version 3944462).
LogModuleManager: Display: Found up-to-date module file ../../../Engine/Plugins/Media/MediaCompositing/Binaries/Win64/UE4Editor-MediaCompositingEditor.dll (API version 3944462).
LogModuleManager: Display: Found up-to-date module file ../../../Engine/Plugins/Media/MediaPlayerEditor/Binaries/Win64/UE4Editor-MediaPlayerEditor.dll (API version 3944462).
LogModuleManager: Display: Found up-to-date module file ../../../Engine/Plugins/Media/WmfMedia/Binaries/Win64/UE4Editor-WmfMedia.dll (API version 3944462).
LogModuleManager: Display: Found up-to-date module file ../../../Engine/Plugins/Media/WmfMedia/Binaries/Win64/UE4Editor-WmfMediaEditor.dll (API version 3944462).
LogModuleManager: Display: Found up-to-date module file ../../../Engine/Plugins/Media/WmfMedia/Binaries/Win64/UE4Editor-WmfMediaFactory.dll (API version 3944462).
LogModuleManager: Display: Found up-to-date module file ../../../Engine/Plugins/Media/WmfMedia/Binaries/Win64/UE4Editor-WmfMediaFactory.dll (API version 3944462).
LogModuleManager: Display: Found up-to-date module file ../../../Engine/Plugins/Messaging/TcpMessaging/Binaries/Win64/UE4Editor-TcpMessaging.dll (API version 3944462).
LogModuleManager: Display: Found up-to-date module file ../../../Engine/Plugins/Messaging/UdpMessaging/Binaries/Win64/UE4Editor-UdpMessaging.dll (API version 3944462).
LogModuleManager: Display: Found up-to-date module file ../../../Engine/Plugins/MovieScene/ActorSequence/Binaries/Win64/UE4Editor-ActorSequence.dll (API version 3944462).
LogModuleManager: Display: Found up-to-date module file ../../../Engine/Plugins/MovieScene/LevelSequenceEditor/Binaries/Win64/UE4Editor-LevelSequenceEditor.dll (API version 3944462).
LogModuleManager: Display: Found up-to-date module file ../../../Engine/Plugins/MovieScene/MatineeToLevelSequence/Binaries/Win64/UE4Editor-MatineeToLevelSequence.dll (API version 3944462).
LogModuleManager: Display: Found up-to-date module file ../../../Engine/Plugins/NetcodeUnitTest/NetcodeUnitTest/Binaries/Win64/UE4Editor-NetcodeUnitTest.dll (API version 3944462).
LogModuleManager: Display: Found up-to-date module file ../../../Engine/Plugins/NetcodeUnitTest/NUTUnrealEngine4/Binaries/Win64/UE4Editor-NUTUnrealEngine4.dll (API version 3944462).
LogModuleManager: Display: Found up-to-date module file ../../../Engine/Plugins/Online/OnlineSubsystem/Binaries/Win64/UE4Editor-OnlineSubsystem.dll (API version 3944462).
LogModuleManager: Display: Found up-to-date module file ../../../Engine/Plugins/Runtime/AndroidPermission/Binaries/Win64/UE4Editor-AndroidPermission.dll (API version 3944462).
LogModuleManager: Display: Found up-to-date module file ../../../Engine/Plugins/Online/OnlineSubsystemNull/Binaries/Win64/UE4Editor-OnlineSubsystemNull.dll (API version 3944462).
LogModuleManager: Display: Found up-to-date module file ../../../Engine/Plugins/Online/OnlineSubsystemUtils/Binaries/Win64/UE4Editor-OnlineSubsystemUtils.dll (API version 3944462).
LogModuleManager: Display: Found up-to-date module file ../../../Engine/Plugins/Online/OnlineSubsystemUtils/Binaries/Win64/UE4Editor-OnlineBlueprintSupport.dll (API version 3944462).
LogModuleManager: Display: Found up-to-date module file ../../../Engine/Plugins/Runtime/AndroidDeviceProfileSelector/Binaries/Win64/UE4Editor-AndroidDeviceProfileSelector.dll (API version 3944462).
LogModuleManager: Display: Found up-to-date module file ../../../Engine/Plugins/Runtime/AppleARKit/Binaries/Win64/UE4Editor-AppleARKit.dll (API version 3944462).
LogModuleManager: Display: Found up-to-date module file ../../../Engine/Plugins/Runtime/ProceduralMeshComponent/Binaries/Win64/UE4Editor-ProceduralMeshComponent.dll (API version 3944462).
LogModuleManager: Display: Found up-to-date module file ../../../Engine/Plugins/Runtime/ProceduralMeshComponent/Binaries/Win64/UE4Editor-ProceduralMeshComponentEditor.dll (API version 3944462).
LogModuleManager: Display: Found up-to-date module file ../../../Engine/Plugins/Animation/LiveLink/Binaries/Win64/UE4Editor-LiveLink.dll (API version 3944462).
LogModuleManager: Display: Found up-to-date module file ../../../Engine/Plugins/Animation/LiveLink/Binaries/Win64/UE4Editor-LiveLinkEditor.dll (API version 3944462).
LogModuleManager: Display: Found up-to-date module file ../../../Engine/Plugins/Runtime/ArchVisCharacter/Binaries/Win64/UE4Editor-ArchVisCharacter.dll (API version 3944462).
LogModuleManager: Display: Found up-to-date module file ../../../Engine/Plugins/Runtime/AudioCapture/Binaries/Win64/UE4Editor-AudioCapture.dll (API version 3944462).
LogModuleManager: Display: Found up-to-date module file ../../../Engine/Plugins/Runtime/AudioCapture/Binaries/Win64/UE4Editor-AudioCaptureEditor.dll (API version 3944462).
LogModuleManager: Display: Found up-to-date module file ../../../Engine/Plugins/Runtime/CableComponent/Binaries/Win64/UE4Editor-CableComponent.dll (API version 3944462).
LogModuleManager: Display: Found up-to-date module file ../../../Engine/Plugins/Runtime/CustomMeshComponent/Binaries/Win64/UE4Editor-CustomMeshComponent.dll (API version 3944462).
LogModuleManager: Display: Found up-to-date module file ../../../Engine/Plugins/Runtime/ExampleDeviceProfileSelector/Binaries/Win64/UE4Editor-ExampleDeviceProfileSelector.dll (API version 3944462).
LogModuleManager: Display: Found up-to-date module file ../../../Engine/Plugins/Runtime/ImmediatePhysics/Binaries/Win64/UE4Editor-ImmediatePhysics.dll (API version 3944462).
LogModuleManager: Display: Found up-to-date module file ../../../Engine/Plugins/Runtime/ImmediatePhysics/Binaries/Win64/UE4Editor-ImmediatePhysicsEditor.dll (API version 3944462).
LogModuleManager: Display: Found up-to-date module file ../../../Engine/Plugins/Runtime/LocationServicesBPLibrary/Binaries/Win64/UE4Editor-LocationServicesBPLibrary.dll (API version 3944462).
LogModuleManager: Display: Found up-to-date module file ../../../Engine/Plugins/Runtime/MobilePatchingUtils/Binaries/Win64/UE4Editor-MobilePatchingUtils.dll (API version 3944462).
LogModuleManager: Display: Found up-to-date module file ../../../Engine/Plugins/Runtime/Oculus/OculusVR/Binaries/Win64/UE4Editor-OculusHMD.dll (API version 3944462).
LogModuleManager: Display: Found up-to-date module file ../../../Engine/Plugins/Runtime/Oculus/OculusVR/Binaries/Win64/UE4Editor-OculusInput.dll (API version 3944462).
LogModuleManager: Display: Found up-to-date module file ../../../Engine/Plugins/Runtime/Oculus/OculusVR/Binaries/Win64/UE4Editor-OculusEditor.dll (API version 3944462).
LogModuleManager: Display: Found up-to-date module file ../../../Engine/Plugins/Runtime/PhysXVehicles/Binaries/Win64/UE4Editor-PhysXVehicles.dll (API version 3944462).
LogModuleManager: Display: Found up-to-date module file ../../../Engine/Plugins/Runtime/PhysXVehicles/Binaries/Win64/UE4Editor-PhysXVehiclesEditor.dll (API version 3944462).
LogModuleManager: Display: Found up-to-date module file ../../../Engine/Plugins/Runtime/RuntimePhysXCooking/Binaries/Win64/UE4Editor-RuntimePhysXCooking.dll (API version 3944462).
LogModuleManager: Display: Found up-to-date module file ../../../Engine/Plugins/Runtime/Steam/SteamVR/Binaries/Win64/UE4Editor-SteamVR.dll (API version 3944462).
LogModuleManager: Display: Found up-to-date module file ../../../Engine/Plugins/Runtime/Steam/SteamVR/Binaries/Win64/UE4Editor-SteamVRController.dll (API version 3944462).
LogModuleManager: Display: Found up-to-date module file ../../../Engine/Plugins/Runtime/WindowsMoviePlayer/Binaries/Win64/UE4Editor-WindowsMoviePlayer.dll (API version 3944462).
LogPluginManager: Mounting plugin Paper2D
LogPluginManager: Mounting plugin LiveLink
LogPluginManager: Mounting plugin LightPropagationVolume
LogPluginManager: Mounting plugin CLionSourceCodeAccess
LogPluginManager: Mounting plugin CodeLiteSourceCodeAccess
LogPluginManager: Mounting plugin GitSourceControl
LogPluginManager: Mounting plugin KDevelopSourceCodeAccess
LogPluginManager: Mounting plugin NullSourceCodeAccess
LogPluginManager: Mounting plugin PerforceSourceControl
LogPluginManager: Mounting plugin SubversionSourceControl
LogPluginManager: Mounting plugin UObjectPlugin
LogPluginManager: Mounting plugin VisualStudioCodeSourceCodeAccess
LogPluginManager: Mounting plugin VisualStudioSourceCodeAccess
LogPluginManager: Mounting plugin XCodeSourceCodeAccess
LogPluginManager: Mounting plugin AssetManagerEditor
LogPluginManager: Mounting plugin CryptoKeys
LogPluginManager: Mounting plugin DataValidation
LogPluginManager: Mounting plugin FacialAnimation
LogPluginManager: Mounting plugin GameplayTagsEditor
LogPluginManager: Mounting plugin MobileLauncherProfileWizard
LogPluginManager: Mounting plugin PluginBrowser
LogPluginManager: Mounting plugin SpeedTreeImporter
LogPluginManager: Mounting plugin DatasmithContent
LogPluginManager: Mounting plugin AlembicImporter
LogPluginManager: Mounting plugin CharacterAI
LogPluginManager: Mounting plugin HTML5Networking
LogPluginManager: Mounting plugin AndroidMedia
LogPluginManager: Mounting plugin AvfMedia
LogPluginManager: Mounting plugin ImgMedia
LogPluginManager: Mounting plugin LinearTimecode
LogPluginManager: Mounting plugin MediaCompositing
LogPluginManager: Mounting plugin MediaPlayerEditor
LogPluginManager: Mounting plugin WmfMedia
LogPluginManager: Mounting plugin TcpMessaging
LogPluginManager: Mounting plugin UdpMessaging
LogPluginManager: Mounting plugin ActorSequence
LogPluginManager: Mounting plugin LevelSequenceEditor
LogPluginManager: Mounting plugin MatineeToLevelSequence
LogPluginManager: Mounting plugin NetcodeUnitTest
LogPluginManager: Mounting plugin NUTUnrealEngine4
LogPluginManager: Mounting plugin OnlineSubsystemGooglePlay
LogPluginManager: Mounting plugin OnlineSubsystemIOS
LogPluginManager: Mounting plugin OnlineSubsystem
LogPluginManager: Mounting plugin OnlineSubsystemNull
LogPluginManager: Mounting plugin OnlineSubsystemUtils
LogPluginManager: Mounting plugin AndroidDeviceProfileSelector
LogPluginManager: Mounting plugin AndroidMoviePlayer
LogPluginManager: Mounting plugin AndroidPermission
LogPluginManager: Mounting plugin AppleARKit
LogPluginManager: Mounting plugin AppleMoviePlayer
LogPluginManager: Mounting plugin ArchVisCharacter
LogPluginManager: Mounting plugin AudioCapture
LogPluginManager: Mounting plugin CableComponent
LogPluginManager: Mounting plugin CustomMeshComponent
LogPluginManager: Mounting plugin ExampleDeviceProfileSelector
LogPluginManager: Mounting plugin GoogleCloudMessaging
LogPluginManager: Mounting plugin ImmediatePhysics
LogPluginManager: Mounting plugin IOSDeviceProfileSelector
LogPluginManager: Mounting plugin LinuxDeviceProfileSelector
LogPluginManager: Mounting plugin LocationServicesBPLibrary
LogPluginManager: Mounting plugin MobilePatchingUtils
LogPluginManager: Mounting plugin OculusVR
LogPluginManager: Plugin shader directory ../../../Engine/Plugins/Runtime/Oculus/OculusVR/Shaders found
LogPluginManager: Mapping shader source directory ../../../Engine/Plugins/Runtime/Oculus/OculusVR/Shaders to virtual directory /Plugin/OculusVR
LogPluginManager: Mounting plugin PhysXVehicles
LogPluginManager: Mounting plugin ProceduralMeshComponent
LogPluginManager: Mounting plugin RuntimePhysXCooking
LogPluginManager: Mounting plugin SteamVR
LogPluginManager: Mounting plugin WindowsMoviePlayer
LogStreaming: Display: Took  1.678s to configure plugins.
LogInit: Using libcurl 7.47.1
LogInit:  - built for x86_64-pc-win32
LogInit:  - supports SSL with OpenSSL/1.0.2g
LogInit:  - supports HTTP deflate (compression) using libz 1.2.8
LogInit:  - other features:
LogInit:      CURL_VERSION_SSL
LogInit:      CURL_VERSION_LIBZ
LogInit:      CURL_VERSION_IPV6
LogInit:      CURL_VERSION_ASYNCHDNS
LogInit:      CURL_VERSION_LARGEFILE
LogInit:      CURL_VERSION_IDN
LogInit:  CurlRequestOptions (configurable via config and command line):
LogInit:  - bVerifyPeer = false  - Libcurl will NOT verify peer certificate
LogInit:  - bUseHttpProxy = false  - Libcurl will NOT use HTTP proxy
LogInit:  - bDontReuseConnections = false  - Libcurl will reuse connections
LogInit:  - CertBundlePath = nullptr  - Libcurl will use whatever was configured at build time.
LogInit:  - MaxHostConnections = 16  - Libcurl will limit the number of connections to a host
LogInit:  - LocalHostAddr = Default
LogInit: WinSock: version 1.1 (2.2), MaxSocks=32767, MaxUdp=65467
LogInit: WinSock: I am DESKTOP-SP95I47 (192.168.0.109:0)
LogInit: Build: ++UE4+Release-4.19-CL-4033788
LogInit: Engine Version: 4.19.2-4033788+++UE4+Release-4.19
LogInit: Compatible Engine Version: 4.19.0-3944462+++UE4+Release-4.19
LogInit: Net CL: 3944462
LogDevObjectVersion: Number of dev versions registered: 18
LogDevObjectVersion:   Dev-Blueprints (B0D832E4-1F89-4F0D-ACCF-7EB736FD4AA2): 10
LogDevObjectVersion:   Dev-Build (E1C64328-A22C-4D53-A36C-8E866417BD8C): 0
LogDevObjectVersion:   Dev-Core (375EC13C-06E4-48FB-B500-84F0262A717E): 2
LogDevObjectVersion:   Dev-Editor (E4B068ED-F494-42E9-A231-DA0B2E46BB41): 23
LogDevObjectVersion:   Dev-Framework (CFFC743F-43B0-4480-9391-14DF171D2073): 33
LogDevObjectVersion:   Dev-Mobile (B02B49B5-BB20-44E9-A304-32B752E40360): 2
LogDevObjectVersion:   Dev-Networking (A4E4105C-59A1-49B5-A7C5-40C4547EDFEE): 0
LogDevObjectVersion:   Dev-Online (39C831C9-5AE6-47DC-9A44-9C173E1C8E7C): 0
LogDevObjectVersion:   Dev-Physics (78F01B33-EBEA-4F98-B9B4-84EACCB95AA2): 0
LogDevObjectVersion:   Dev-Platform (6631380F-2D4D-43E0-8009-CF276956A95A): 0
LogDevObjectVersion:   Dev-Rendering (12F88B9F-8875-4AFC-A67C-D90C383ABD29): 25
LogDevObjectVersion:   Dev-Sequencer (7B5AE74C-D270-4C10-A958-57980B212A5A): 6
LogDevObjectVersion:   Dev-VR (D7296918-1DD6-4BDD-9DE2-64A83CC13884): 1
LogDevObjectVersion:   Dev-LoadTimes (C2A15278-BFE7-4AFE-6C17-90FF531DF755): 1
LogDevObjectVersion:   Private-Geometry (6EACA3D4-40EC-4CC1-B786-8BED09428FC5): 2
LogDevObjectVersion:   Dev-AnimPhys (29E575DD-E0A3-4627-9D10-D276232CDCEA): 16
LogDevObjectVersion:   Dev-ReflectionCapture (6B266CEC-1EC7-4B8F-A30B-E4D90942FC07): 1
LogDevObjectVersion:   Dev-Automation (0DF73D61-A23F-47EA-B727-89E90C41499A): 1
LogInit: Compiled (64-bit): Apr 27 2018 02:06:57
LogInit: Compiled with Visual C++: 19.00.24215.01
LogInit: Build Configuration: Development
LogInit: Branch Name: ++UE4+Release-4.19
LogInit: Command Line: 
LogInit: Base Directory: C:/Program Files/Epic Games/UE_4.19/Engine/Binaries/Win64/
LogInit: Installed Engine Build: 1
LogStreaming: Display: Took  0.005s to delete old logs.
LogInit: Presizing for max 8388607 objects, including 0 objects not considered by GC, pre-allocating 0 bytes for permanent pool.
LogInit: Object subsystem initialized
[2018.06.29-23.13.30:083][  0]LogInit: Selected Device Profile: [Windows]
[2018.06.29-23.13.30:083][  0]LogInit: Applying CVar settings loaded from the selected device profile: [Windows]
[2018.06.29-23.13.30:094][  0]LogInit: Computer: DESKTOP-SP95I47
[2018.06.29-23.13.30:094][  0]LogInit: User: juaia
[2018.06.29-23.13.30:094][  0]LogInit: CPU Page size=4096, Cores=2
[2018.06.29-23.13.30:094][  0]LogInit: High frequency timer resolution =2.835943 MHz
[2018.06.29-23.13.30:094][  0]LogMemory: Memory total: Physical=7.9GB (8GB approx)
[2018.06.29-23.13.30:094][  0]LogMemory: Platform Memory Stats for Windows
[2018.06.29-23.13.30:094][  0]LogMemory: Process Physical Memory: 273.19 MB used, 273.19 MB peak
[2018.06.29-23.13.30:094][  0]LogMemory: Process Virtual Memory: 266.13 MB used, 266.13 MB peak
[2018.06.29-23.13.30:094][  0]LogMemory: Physical Memory: 3906.72 MB used,  4163.89 MB free, 8070.62 MB total
[2018.06.29-23.13.30:094][  0]LogMemory: Virtual Memory: 4781.89 MB used,  4163.89 MB free, 134217728.00 MB total
[2018.06.29-23.13.30:184][  0]LogInit: Using OS detected language (pt-BR).
[2018.06.29-23.13.30:184][  0]LogInit: Using OS detected locale (pt-BR).
[2018.06.29-23.13.30:510][  0]LogStreaming: Display: Took  0.327s to EndInitTextLocalization.
[2018.06.29-23.13.30:511][  0]LogInit: Setting process to per monitor DPI aware
[2018.06.29-23.13.30:557][  0]LogSlate: New Slate User Created.  User Index 0, Is Virtual User: 0
[2018.06.29-23.13.30:557][  0]LogSlate: Slate User Registered.  User Index 0, Is Virtual User: 0
[2018.06.29-23.13.30:840][  0]LogD3D11RHI: D3D11 adapters:
[2018.06.29-23.13.30:851][  0]LogD3D11RHI:    0. 'Intel(R) HD Graphics 620' (Feature Level 11_0)
[2018.06.29-23.13.30:851][  0]LogD3D11RHI:       128/0/4035 MB DedicatedVideo/DedicatedSystem/SharedSystem, Outputs:1, VendorId:0x8086
[2018.06.29-23.13.31:489][  0]LogD3D11RHI:    1. 'Radeon (TM) R7 M445' (Feature Level 11_0)
[2018.06.29-23.13.31:489][  0]LogD3D11RHI:       4087/0/4035 MB DedicatedVideo/DedicatedSystem/SharedSystem, Outputs:0, VendorId:0x1002
[2018.06.29-23.13.31:491][  0]LogD3D11RHI:    2. 'Microsoft Basic Render Driver' (Feature Level 11_0)
[2018.06.29-23.13.31:491][  0]LogD3D11RHI:       0/0/4035 MB DedicatedVideo/DedicatedSystem/SharedSystem, Outputs:0, VendorId:0x1414
[2018.06.29-23.13.31:491][  0]LogD3D11RHI: Chosen D3D11 Adapter: 1
[2018.06.29-23.13.31:498][  0]LogD3D11RHI: Creating new Direct3DDevice
[2018.06.29-23.13.31:498][  0]LogD3D11RHI:     GPU DeviceId: 0x6900 (for the marketing name, search the web for "GPU Device Id")
[2018.06.29-23.13.31:498][  0]LogWindows: EnumDisplayDevices:
[2018.06.29-23.13.31:498][  0]LogWindows:    0. 'Intel(R) HD Graphics 620' (P:1 D:1)
[2018.06.29-23.13.31:498][  0]LogWindows:    1. 'Intel(R) HD Graphics 620' (P:0 D:0)
[2018.06.29-23.13.31:498][  0]LogWindows:    2. 'Intel(R) HD Graphics 620' (P:0 D:0)
[2018.06.29-23.13.31:498][  0]LogWindows: DebugString: GetVideoDriverDetailsInvalid PrimaryIsNotTheChoosenAdapter GetVideoDriverDetailsInvalid PrimaryIsNotTheChoosenAdapter GetVideoDriverDetailsInvalid PrimaryIsNotTheChoosenAdapter FoundDriverCount:0 
[2018.06.29-23.13.31:498][  0]LogD3D11RHI:     Adapter Name: Radeon (TM) R7 M445
[2018.06.29-23.13.31:498][  0]LogD3D11RHI:   Driver Version: Unknown (internal:Unknown, unified:Unknown)
[2018.06.29-23.13.31:498][  0]LogD3D11RHI:      Driver Date: Unknown
[2018.06.29-23.13.31:498][  0]LogRHI: Texture pool is 2861 MB (70% of 4087 MB)
[2018.06.29-23.13.31:519][  0]LogD3D11RHI: Async texture creation enabled
[2018.06.29-23.13.31:533][  0]LogD3D11RHI: GPU Timing Frequency: 27.000000 (Debug: 2 1)
[2018.06.29-23.13.31:534][  0]LogShaderCompilers: Guid format shader working directory is -11 characters bigger than the processId version (../../../../../../Users/juaia/Documents/GitHub/Rafa-game/Intermediate/Shaders/WorkingDirectory/11100/).
[2018.06.29-23.13.31:534][  0]LogShaderCompilers: Cleaned the shader compiler working directory 'C:/Users/juaia/AppData/Local/Temp/UnrealShaderWorkingDir/9D82507E49FB19B04799898C19A31FF3/'.
[2018.06.29-23.13.31:917][  0]LogTemp: Display: Loaded TP AllDesktopTargetPlatform
[2018.06.29-23.13.31:930][  0]LogTemp: Display: Loaded TP MacClientTargetPlatform
[2018.06.29-23.13.31:944][  0]LogTemp: Display: Loaded TP MacNoEditorTargetPlatform
[2018.06.29-23.13.31:958][  0]LogTemp: Display: Loaded TP MacServerTargetPlatform
[2018.06.29-23.13.31:971][  0]LogTemp: Display: Loaded TP MacTargetPlatform
[2018.06.29-23.13.31:985][  0]LogTemp: Display: Loaded TP WindowsClientTargetPlatform
[2018.06.29-23.13.31:998][  0]LogTemp: Display: Loaded TP WindowsNoEditorTargetPlatform
[2018.06.29-23.13.32:013][  0]LogTemp: Display: Loaded TP WindowsServerTargetPlatform
[2018.06.29-23.13.32:020][  0]LogTemp: Display: Loaded TP WindowsTargetPlatform
[2018.06.29-23.13.32:031][  0]LogTemp: Display: Loaded TP Android_ASTCTargetPlatform
[2018.06.29-23.13.32:043][  0]LogTemp: Display: Loaded TP Android_ATCTargetPlatform
[2018.06.29-23.13.32:054][  0]LogTemp: Display: Loaded TP Android_DXTTargetPlatform
[2018.06.29-23.13.32:066][  0]LogTemp: Display: Loaded TP Android_ETC1aTargetPlatform
[2018.06.29-23.13.32:078][  0]LogTemp: Display: Loaded TP Android_ETC1TargetPlatform
[2018.06.29-23.13.32:089][  0]LogTemp: Display: Loaded TP Android_ETC2TargetPlatform
[2018.06.29-23.13.32:112][  0]LogTemp: Display: Loaded TP Android_MultiTargetPlatform
[2018.06.29-23.13.32:112][  0]LogTemp: Display: Loaded TP Android_PVRTCTargetPlatform
[2018.06.29-23.13.32:124][  0]LogTemp: Display: Loaded TP AndroidTargetPlatform
[2018.06.29-23.13.32:126][  0]LogTemp: Display: Loaded TP HTML5TargetPlatform
[2018.06.29-23.13.32:163][  0]LogTemp: Display: Loaded TP IOSTargetPlatform
[2018.06.29-23.13.32:174][  0]LogTemp: Display: Loaded TP TVOSTargetPlatform
[2018.06.29-23.13.32:185][  0]LogTemp: Display: Loaded TP LinuxClientTargetPlatform
[2018.06.29-23.13.32:197][  0]LogTemp: Display: Loaded TP LinuxNoEditorTargetPlatform
[2018.06.29-23.13.32:208][  0]LogTemp: Display: Loaded TP LinuxServerTargetPlatform
[2018.06.29-23.13.32:219][  0]LogTemp: Display: Loaded TP LinuxTargetPlatform
[2018.06.29-23.13.32:219][  0]LogTargetPlatformManager: Display: Building Assets For Windows
[2018.06.29-23.13.32:394][  0]LogXGEController: Cleaning working directory: C:/Users/juaia/AppData/Local/Temp/UnrealXGEWorkingDir/
[2018.06.29-23.13.32:394][  0]LogXGEController: Cannot use XGE Controller as Incredibuild is not installed on this machine.
[2018.06.29-23.13.32:394][  0]LogShaderCompilers: Cannot use XGE Shader Compiler as Incredibuild is not installed on this machine.
[2018.06.29-23.13.32:394][  0]LogShaderCompilers: Display: Using Local Shader Compiler.
[2018.06.29-23.13.33:119][  0]LogDerivedDataCache: Display: Max Cache Size: 512 MB
[2018.06.29-23.13.33:198][  0]LogDerivedDataCache: Loaded boot cache 0.08s 74MB C:/Users/juaia/AppData/Local/UnrealEngine/4.19/DerivedDataCache/Boot.ddc.
[2018.06.29-23.13.33:198][  0]LogDerivedDataCache: Display: Loaded Boot cache: C:/Users/juaia/AppData/Local/UnrealEngine/4.19/DerivedDataCache/Boot.ddc
[2018.06.29-23.13.33:199][  0]LogDerivedDataCache: FDerivedDataBackendGraph:  Pak pak cache file ../../../../../../Users/juaia/Documents/GitHub/Rafa-game/DerivedDataCache/DDC.ddp not found, will not use a pak cache.
[2018.06.29-23.13.33:199][  0]LogDerivedDataCache: Unable to find inner node Pak for hierarchical cache Hierarchy.
[2018.06.29-23.13.33:199][  0]LogDerivedDataCache: FDerivedDataBackendGraph:  CompressedPak pak cache file ../../../../../../Users/juaia/Documents/GitHub/Rafa-game/DerivedDataCache/Compressed.ddp not found, will not use a pak cache.
[2018.06.29-23.13.33:199][  0]LogDerivedDataCache: Unable to find inner node CompressedPak for hierarchical cache Hierarchy.
[2018.06.29-23.13.33:217][  0]LogDerivedDataCache: Display: Pak cache opened for reading ../../../Engine/DerivedDataCache/Compressed.ddp.
[2018.06.29-23.13.33:230][  0]LogDerivedDataCache: Using Local data cache path C:/Users/juaia/AppData/Local/UnrealEngine/Common/DerivedDataCache: Writable
[2018.06.29-23.13.33:230][  0]LogDerivedDataCache: Shared data cache path not found in *engine.ini, will not use an Shared cache.
[2018.06.29-23.13.33:230][  0]LogDerivedDataCache: Unable to find inner node Shared for hierarchical cache Hierarchy.
[2018.06.29-23.13.33:241][  0]LogMaterial: Verifying Global Shaders for PCD3D_SM5
[2018.06.29-23.13.33:241][  0]LogSlate: Using Freetype 2.6.0
[2018.06.29-23.13.33:242][  0]LogSlate: SlateFontCache - WITH_FREETYPE: 1, WITH_HARFBUZZ: 1
[2018.06.29-23.13.33:242][  0]LogSlate: SlateFontCache - WITH_FREETYPE: 1, WITH_HARFBUZZ: 1
[2018.06.29-23.13.33:377][  0]LogAssetRegistry: FAssetRegistry took 0.0259 seconds to start up
[2018.06.29-23.13.33:691][  0]LogInit: Selected Device Profile: [Windows]
[2018.06.29-23.13.33:837][  0]LogSimplygon: Simplygon DLL not present - disabling.
[2018.06.29-23.13.33:841][  0]LogMeshReduction: Using SimplygonSwarm for distributed automatic mesh merging
[2018.06.29-23.13.33:841][  0]LogMeshReduction: Using QuadricMeshReduction for automatic static mesh reduction
[2018.06.29-23.13.33:841][  0]LogMeshReduction: No automatic skeletal mesh reduction module available
[2018.06.29-23.13.33:841][  0]LogMeshReduction: No automatic mesh merging module available
[2018.06.29-23.13.33:841][  0]LogMeshMerging: No automatic mesh merging module available
[2018.06.29-23.13.33:873][  0]LogNetVersion: RafaGirafa , NetCL: 3944462, EngineNetVer: 2, GameNetVer: 0 (Checksum: 2121433062)
[2018.06.29-23.13.34:378][  0]LogPackageLocalizationCache: Processed 9 localized package path(s) for 2 prioritized culture(s) in 0.116027 seconds
[2018.06.29-23.13.34:383][  0]LogUObjectArray: 36728 objects as part of root set at end of initial load.
[2018.06.29-23.13.34:383][  0]LogUObjectAllocator: 7314312 out of 0 bytes used by permanent object pool.
[2018.06.29-23.13.34:383][  0]LogUObjectArray: CloseDisregardForGC: 0/0 objects in disregard for GC pool
[2018.06.29-23.13.36:076][  0]LogTcpMessaging: Initializing TcpMessaging bridge
[2018.06.29-23.13.36:109][  0]LogUdpMessaging: Initializing bridge on interface 0.0.0.0:0 to multicast group 230.0.0.1:6666.
[2018.06.29-23.13.36:552][  0]SourceControl: Controle de origem desativado
[2018.06.29-23.13.36:552][  0]SourceControl: Controle de origem desativado
[2018.06.29-23.13.36:582][  0]SourceControl: Controle de origem desativado
[2018.06.29-23.13.36:610][  0]SourceControl: Controle de origem desativado
[2018.06.29-23.13.37:340][  0]LogAndroidPermission: UAndroidPermissionCallbackProxy::GetInstance
[2018.06.29-23.13.37:549][  0]LogOcInput: OculusInput pre-init called
[2018.06.29-23.13.37:696][  0]LogEngine: Initializing Engine...
[2018.06.29-23.13.37:698][  0]LogHMD: Failed to initialize OpenVR with code 110
[2018.06.29-23.13.37:700][  0]LogStats: UGameplayTagsManager::ConstructGameplayTagTree: Construct from data asset -  0.000 s
[2018.06.29-23.13.37:700][  0]LogStats: UGameplayTagsManager::ConstructGameplayTagTree: GameplayTagTreeChangedEvent.Broadcast -  0.000 s
[2018.06.29-23.13.37:981][  0]LogAIModule: Creating AISystem for world Untitled
[2018.06.29-23.13.37:998][  0]LogInit: XAudio2 using 'Fones de ouvido / Alto falantes (Realtek Audio)' : 2 channels at 48 kHz using 32 bits per sample (channel mask 0x3)
[2018.06.29-23.13.39:866][  0]LogInit: FAudioDevice initialized.
[2018.06.29-23.13.40:217][  0]LogDerivedDataCache: Saved boot cache 0.35s 74MB C:/Users/juaia/AppData/Local/UnrealEngine/4.19/DerivedDataCache/Boot.ddc.
[2018.06.29-23.13.40:232][  0]LogInit: Texture streaming: Enabled
[2018.06.29-23.13.40:252][  0]LogEngineSessionManager: EngineSessionManager initialized
[2018.06.29-23.13.40:279][  0]LogEngineSessionManager: EngineSessionManager sent abnormal shutdown report. Type=Crashed, SessionId={569E4182-4AAE-CF18-51CC-34A0197260EF}
[2018.06.29-23.13.40:293][  0]LogInit: Transaction tracking system initialized
[2018.06.29-23.13.40:321][  0]BlueprintLog: New page: Carregar Editor
[2018.06.29-23.13.40:410][  0]LocalizationService: Localization service is disabled
[2018.06.29-23.13.40:526][  0]LogConsoleResponse: Display: 
[2018.06.29-23.13.40:699][  0]LogCook: Display: Max memory allowance for cook 16384mb min free memory 0mb
[2018.06.29-23.13.40:699][  0]LogCook: Display: Mobile HDR setting 1
[2018.06.29-23.13.40:699][  0]LogGameplayTags: Display: UGameplayTagsManager::DoneAddingNativeTags. DelegateIsBound: 0
[2018.06.29-23.13.40:699][  0]LogStats: UGameplayTagsManager::ConstructGameplayTagTree: Construct from data asset -  0.000 s
[2018.06.29-23.13.40:699][  0]LogStats: UGameplayTagsManager::ConstructGameplayTagTree: GameplayTagTreeChangedEvent.Broadcast -  0.000 s
[2018.06.29-23.13.41:154][  0]LogFileCache: Scanning file cache for directory 'C:/Users/juaia/Documents/GitHub/Rafa-game/Content/' took 0.01s
[2018.06.29-23.13.41:155][  0]SourceControl: Controle de origem desativado
[2018.06.29-23.13.41:297][  0]LogWindowsTextInputMethodSystem: Display: IME system now deactivated.
[2018.06.29-23.13.41:298][  0]LogSlate: Took 0.000216 seconds to synchronously load lazily loaded font '../../../Engine/Content/Slate/Fonts/Roboto-Regular.ttf' (155K)
[2018.06.29-23.14.29:213][  0]LogSlate: Window 'Restaurar Pacotes' being destroyed
[2018.06.29-23.14.29:214][  0]LogWindowsTextInputMethodSystem: Display: IME system now deactivated.
[2018.06.29-23.14.29:215][  0]LogWindowsTextInputMethodSystem: Display: IME system now deactivated.
[2018.06.29-23.14.33:339][  0]LogSlate: Window 'Não foi possível Registrar a Saída do Controle de Origem!' being destroyed
[2018.06.29-23.14.33:339][  0]LogWindowsTextInputMethodSystem: Display: IME system now deactivated.
[2018.06.29-23.14.33:341][  0]LogWindowsTextInputMethodSystem: Display: IME system now deactivated.
[2018.06.29-23.14.33:359][  0]Cmd: MAP LOAD FILE="../../../../../../Users/juaia/Documents/GitHub/Rafa-game/Content/ThirdPersonBP/Maps/ThirdPersonExampleMap.umap" TEMPLATE=0 SHOWPROGRESS=1 FEATURELEVEL=3
[2018.06.29-23.14.33:360][  0]LightingResults: New page: Compilação de Iluminação
[2018.06.29-23.14.33:365][  0]MapCheck: New page: Verificação de Mapa
[2018.06.29-23.14.33:366][  0]LightingResults: New page: Compilação de Iluminação
[2018.06.29-23.14.33:519][  0]LogUObjectGlobals: Created PersistentFrame Addr=0x00000193c251ef70, Size=72, Default__RafaBlueprint_C Function /Game/RafaGirafa/AnimGir/RafaBlueprint.RafaBlueprint_C:ExecuteUbergraph_RafaBlueprint
[2018.06.29-23.14.33:525][  0]LogUObjectGlobals: Destroyed PersistentFrame Addr=0x00000193c251ef70, Size=72
[2018.06.29-23.14.33:525][  0]LogUObjectGlobals: Created PersistentFrame Addr=0x00000193c250b060, Size=72, Default__RafaBlueprint_C Function /Engine/Transient.REINST_RafaBlueprint_C_0:ExecuteUbergraph_RafaBlueprint
[2018.06.29-23.14.33:581][  0]LogBlueprint: Error: [Compiler RafaBlueprint] Play (None)  references an unknown sequence
[2018.06.29-23.14.33:585][  0]LogBlueprint: Error: [Compiler RafaBlueprint] Missing allocated node for AnimGraphNode_SequencePlayer_13 while searching for node links - likely due to the node having outstanding errors.
[2018.06.29-23.14.33:586][  0]LogUObjectGlobals: Created PersistentFrame Addr=0x00000193c8462520, Size=72, Default__RafaBlueprint_C Function /Game/RafaGirafa/AnimGir/RafaBlueprint.RafaBlueprint_C:ExecuteUbergraph_RafaBlueprint
[2018.06.29-23.14.33:587][  0]LogBlueprint: Warning: [Compiler RafaBlueprint] [0066,65] Compile of RafaBlueprint failed. 2 Fatal Issue(s) 0 Warning(s) [in 63 ms] (/Game/RafaGirafa/AnimGir/RafaBlueprint.RafaBlueprint)
[2018.06.29-23.14.33:604][  0]LogUObjectGlobals: Created PersistentFrame Addr=0x00000193c8447c40, Size=296, Default__ThirdPersonCharacter_C Function /Game/ThirdPersonBP/Blueprints/ThirdPersonCharacter.ThirdPersonCharacter_C:ExecuteUbergraph_ThirdPersonCharacter
[2018.06.29-23.14.33:606][  0]LogUObjectGlobals: Created PersistentFrame Addr=0x00000193c2533ac8, Size=4, Default__GAMEOVER_C Function /Game/UI/GAMEOVER.GAMEOVER_C:ExecuteUbergraph_GAMEOVER
[2018.06.29-23.14.33:631][  0]LogUObjectGlobals: Destroyed PersistentFrame Addr=0x00000193c2533ac8, Size=4
[2018.06.29-23.14.33:631][  0]LogUObjectGlobals: Created PersistentFrame Addr=0x00000193c2533ac8, Size=4, Default__GAMEOVER_C Function /Engine/Transient.REINST_GAMEOVER_C_0:ExecuteUbergraph_GAMEOVER
[2018.06.29-23.14.33:636][  0]LogUObjectGlobals: Destroyed PersistentFrame Addr=0x00000193c8447c40, Size=296
[2018.06.29-23.14.33:636][  0]LogUObjectGlobals: Created PersistentFrame Addr=0x00000193c8447c40, Size=296, Default__ThirdPersonCharacter_C Function /Engine/Transient.REINST_ThirdPersonCharacter_C_6:ExecuteUbergraph_ThirdPersonCharacter
[2018.06.29-23.14.33:647][  0]LogUObjectGlobals: Created PersistentFrame Addr=0x00000193c25323b0, Size=4, Default__GAMEOVER_C Function /Game/UI/GAMEOVER.GAMEOVER_C:ExecuteUbergraph_GAMEOVER
[2018.06.29-23.14.33:651][  0]LogUObjectGlobals: Created PersistentFrame Addr=0x00000193c8444680, Size=296, Default__ThirdPersonCharacter_C Function /Game/ThirdPersonBP/Blueprints/ThirdPersonCharacter.ThirdPersonCharacter_C:ExecuteUbergraph_ThirdPersonCharacter
[2018.06.29-23.14.33:666][  0]LogUObjectGlobals: Created PersistentFrame Addr=0x00000193c1d59300, Size=616, Default__maca_normal_C Function /Game/Objetos/maca_normal.maca_normal_C:ExecuteUbergraph_maca_normal
[2018.06.29-23.14.33:678][  0]LogUObjectGlobals: Destroyed PersistentFrame Addr=0x00000193c1d59300, Size=616
[2018.06.29-23.14.33:678][  0]LogUObjectGlobals: Created PersistentFrame Addr=0x00000193c1d59300, Size=616, Default__maca_normal_C Function /Engine/Transient.REINST_maca_normal_C_9:ExecuteUbergraph_maca_normal
[2018.06.29-23.14.33:688][  0]LogUObjectGlobals: Created PersistentFrame Addr=0x00000193c1dc9080, Size=616, Default__maca_normal_C Function /Game/Objetos/maca_normal.maca_normal_C:ExecuteUbergraph_maca_normal
[2018.06.29-23.14.33:726][  0]LogUObjectGlobals: Created PersistentFrame Addr=0x00000193c1d96200, Size=24, Default__START_C Function /Game/UI/START.START_C:ExecuteUbergraph_START
[2018.06.29-23.14.33:729][  0]LogUObjectGlobals: Destroyed PersistentFrame Addr=0x00000193c1d96200, Size=24
[2018.06.29-23.14.33:729][  0]LogUObjectGlobals: Created PersistentFrame Addr=0x00000193c1d96200, Size=24, Default__START_C Function /Engine/Transient.REINST_START_C_1:ExecuteUbergraph_START
[2018.06.29-23.14.33:731][  0]LogUObjectGlobals: Created PersistentFrame Addr=0x00000193c1d95978, Size=24, Default__START_C Function /Game/UI/START.START_C:ExecuteUbergraph_START
[2018.06.29-23.14.33:734][  0]LogUObjectGlobals: Created PersistentFrame Addr=0x00000193bd0ff8a0, Size=32, Default__ThirdPersonExampleMap_C Function /Game/ThirdPersonBP/Maps/ThirdPersonExampleMap.ThirdPersonExampleMap_C:ExecuteUbergraph_ThirdPersonExampleMap
[2018.06.29-23.14.33:736][  0]LogUObjectGlobals: Destroyed PersistentFrame Addr=0x00000193bd0ff8a0, Size=32
[2018.06.29-23.14.33:736][  0]LogUObjectGlobals: Created PersistentFrame Addr=0x00000193bd0ff8a0, Size=32, Default__ThirdPersonExampleMap_C Function /Engine/Transient.REINST_ThirdPersonExampleMap_C_12:ExecuteUbergraph_ThirdPersonExampleMap
[2018.06.29-23.14.33:737][  0]LogUObjectGlobals: Created PersistentFrame Addr=0x00000193bd0fe700, Size=32, Default__ThirdPersonExampleMap_C Function /Game/ThirdPersonBP/Maps/ThirdPersonExampleMap.ThirdPersonExampleMap_C:ExecuteUbergraph_ThirdPersonExampleMap
[2018.06.29-23.14.34:272][  0]LogSkeletalMesh: Skeletal Mesh found in DDC [0.453465ms] /Game/RafaGirafa/AnimGir/RAFA_WALK_01.RAFA_WALK_01
[2018.06.29-23.14.34:408][  0]LogAIModule: Creating AISystem for world ThirdPersonExampleMap
[2018.06.29-23.14.35:514][  0]LogEditorServer: Finished looking for orphan Actors (0.000 secs)
[2018.06.29-23.14.35:576][  0]LogUObjectGlobals: Destroyed PersistentFrame Addr=0x00000193c250b060, Size=72
[2018.06.29-23.14.35:577][  0]LogUObjectGlobals: Destroyed PersistentFrame Addr=0x00000193c8447c40, Size=296
[2018.06.29-23.14.35:577][  0]LogUObjectGlobals: Destroyed PersistentFrame Addr=0x00000193c2533ac8, Size=4
[2018.06.29-23.14.35:577][  0]LogUObjectGlobals: Destroyed PersistentFrame Addr=0x00000193c1d59300, Size=616
[2018.06.29-23.14.35:577][  0]LogUObjectGlobals: Destroyed PersistentFrame Addr=0x00000193c1d96200, Size=24
[2018.06.29-23.14.35:577][  0]LogUObjectGlobals: Destroyed PersistentFrame Addr=0x00000193bd0ff8a0, Size=32
[2018.06.29-23.14.35:585][  0]Cmd: MAP CHECKDEP NOCLEARLOG
[2018.06.29-23.14.35:696][  0]MapCheck: Map check complete: 0 Error(s), 0 Warning(s), took 110,435ms to complete.
[2018.06.29-23.14.35:696][  0]LogFileHelpers: Loading map 'ThirdPersonExampleMap' took 2.338
[2018.06.29-23.14.35:773][  0]LogStats: Warning: MetaData mismatch. Did you assign a stat to two groups? New //STATGROUP_Threads//SplashScreenThread///Thread_27a4_0///####STATCAT_Advanced#### old //STATGROUP_Threads//SplashScreenThread///Thread_1cd0_0///####STATCAT_Advanced####
[2018.06.29-23.14.35:773][  0]LogCollectionManager: Loaded 0 collections in 0.002178 seconds
[2018.06.29-23.14.35:816][  0]LogFileCache: Scanning file cache for directory 'C:/Users/juaia/Documents/GitHub/Rafa-game/Saved/Collections/' took 0.01s
[2018.06.29-23.14.35:817][  0]LogFileCache: Scanning file cache for directory 'C:/Users/juaia/Documents/GitHub/Rafa-game/Content/Developers/juaia/Collections/' took 0.01s
[2018.06.29-23.14.35:817][  0]LogFileCache: Scanning file cache for directory 'C:/Users/juaia/Documents/GitHub/Rafa-game/Content/Collections/' took 0.01s
[2018.06.29-23.14.35:817][  0]LogCollectionManager: Rebuilt the GUID cache for 0 collections in 0.000000 seconds
[2018.06.29-23.14.35:827][  0]LogContentBrowser: Native class hierarchy populated in 0.0102 seconds. Added 2452 classes and 558 folders.
[2018.06.29-23.14.35:835][  0]LogContentBrowser: Native class hierarchy updated for 'WidgetCarousel' in 0.0003 seconds. Added 0 classes and 0 folders.
[2018.06.29-23.14.35:900][  0]LogContentBrowser: Native class hierarchy updated for 'AddContentDialog' in 0.0003 seconds. Added 0 classes and 0 folders.
[2018.06.29-23.14.35:908][  0]LogContentBrowser: Native class hierarchy updated for 'SceneOutliner' in 0.0004 seconds. Added 1 classes and 2 folders.
[2018.06.29-23.14.35:940][  0]LogSlate: Took 0.000568 seconds to synchronously load lazily loaded font '../../../Engine/Content/Slate/Fonts/Roboto-Bold.ttf' (160K)
[2018.06.29-23.14.35:968][  0]LogSlate: Took 0.000268 seconds to synchronously load lazily loaded font '../../../Engine/Content/Editor/Slate/Fonts/FontAwesome.ttf' (139K)
[2018.06.29-23.14.36:091][  0]LogRenderer: Reallocating scene render targets to support 692x372 Format 10 NumSamples 1 (Frame:1).
[2018.06.29-23.14.36:448][  0]LogContentBrowser: Native class hierarchy updated for 'HierarchicalLODOutliner' in 0.0003 seconds. Added 0 classes and 0 folders.
[2018.06.29-23.14.36:448][  0]LogLoad: (Engine Initialization) Total time: 69.51 seconds
[2018.06.29-23.14.36:448][  0]LogLoad: (Engine Initialization) Total Blueprint compile time: 0.00 seconds
[2018.06.29-23.14.36:818][  0]LogContentStreaming: Texture pool size now 1000 MB
[2018.06.29-23.14.36:827][  0]LogSlate: Took 0.000189 seconds to synchronously load lazily loaded font '../../../Engine/Content/Slate/Fonts/Roboto-Light.ttf' (167K)
[2018.06.29-23.14.37:121][  1]LogFileCache: Retrieving MD5 hashes for directory 'C:/Users/juaia/Documents/GitHub/Rafa-game/Content/' took 0.32s
[2018.06.29-23.14.37:137][  1]LogAssetRegistry: Asset discovery search completed in 63.7814 seconds
[2018.06.29-23.14.37:138][  1]LogCollectionManager: Rebuilt the object cache for 0 collections in 0.000001 seconds (found 0 objects)
[2018.06.29-23.14.37:138][  1]LogCollectionManager: Fixed up redirectors for 0 collections in 0.000050 seconds (updated 0 objects)
[2018.06.29-23.14.37:803][  3]LogSlate: Took 0.000224 seconds to synchronously load lazily loaded font '../../../Engine/Content/Slate/Fonts/Roboto-Light.ttf' (167K)
[2018.06.29-23.15.14:121][112]LogSlate: FSceneViewport::OnFocusLost() reason 0
[2018.06.29-23.15.36:778][807]LogFactory: FactoryCreateFile: StaticMesh with FbxFactory (0 0 C:\Users\juaia\Downloads\RAFA_ACABA.fbx)
[2018.06.29-23.15.36:793][807]LogFbx: ItemName: GlobalSettings, ItemCount : 1
[2018.06.29-23.15.36:793][807]LogFbx: ItemName: AnimationStack, ItemCount : 1
[2018.06.29-23.15.36:793][807]LogFbx: ItemName: AnimationLayer, ItemCount : 1
[2018.06.29-23.15.36:793][807]LogFbx: ItemName: NodeAttribute, ItemCount : 44
[2018.06.29-23.15.36:793][807]LogFbx: ItemName: Model, ItemCount : 55
[2018.06.29-23.15.36:793][807]LogFbx: ItemName: Geometry, ItemCount : 11
[2018.06.29-23.15.36:793][807]LogFbx: ItemName: Material, ItemCount : 1
[2018.06.29-23.15.36:793][807]LogFbx: ItemName: Texture, ItemCount : 1
[2018.06.29-23.15.36:793][807]LogFbx: ItemName: AnimationCurveNode, ItemCount : 145
[2018.06.29-23.15.36:793][807]LogFbx: ItemName: Pose, ItemCount : 1
[2018.06.29-23.15.36:793][807]LogFbx: ItemName: Deformer, ItemCount : 32
[2018.06.29-23.15.36:793][807]LogFbx: ItemName: Video, ItemCount : 1
[2018.06.29-23.15.36:800][807]LogFbx: Loading FBX Scene from C:\Users\juaia\Downloads\RAFA_ACABA.fbx
[2018.06.29-23.15.36:823][807]LogFbx: FBX Scene Loaded Succesfully
[2018.06.29-23.15.52:892][807]LogSlate: Window 'Opções de Importação FBX' being destroyed
[2018.06.29-23.15.52:938][807]LogFbx: Loading FBX Scene from C:\Users\juaia\Downloads\RAFA_ACABA.fbx
[2018.06.29-23.15.52:963][807]LogFbx: FBX Scene Loaded Succesfully
[2018.06.29-23.15.52:965][807]LogFbx: =================================================
[2018.06.29-23.15.52:965][807]LogFbx: Dumping Node START [RAFA_ESQUELETO] 
[2018.06.29-23.15.52:965][807]LogFbx: 	Total Deformer Count -1938883440.
[2018.06.29-23.15.52:965][807]LogFbx: 		[Node 1]  (Type Skin).
[2018.06.29-23.15.52:965][807]LogFbx: =================================================
[2018.06.29-23.15.52:965][807]LogFbx: 	Attribute () Type (4).
[2018.06.29-23.15.52:965][807]LogFbx: 		[Node Attribute Child 1] RAFA_ESQUELETO (Type Mesh).
[2018.06.29-23.15.52:965][807]LogFbx: Dumping Node END [RAFA_ESQUELETO]
[2018.06.29-23.15.52:966][807]LogFbx: =================================================
[2018.06.29-23.15.52:966][807]LogFbx: Dumping Node START [RAFA_ESQUELETO] 
[2018.06.29-23.15.52:966][807]LogFbx: 	Total Deformer Count -1938883440.
[2018.06.29-23.15.52:966][807]LogFbx: 		[Node 1]  (Type Skin).
[2018.06.29-23.15.52:966][807]LogFbx: =================================================
[2018.06.29-23.15.52:966][807]LogFbx: 	Attribute () Type (4).
[2018.06.29-23.15.52:966][807]LogFbx: 		[Node Attribute Child 1] RAFA_ESQUELETO (Type Mesh).
[2018.06.29-23.15.52:966][807]LogFbx: Dumping Node END [RAFA_ESQUELETO]
[2018.06.29-23.15.52:966][807]LogFbx: Warning: Not valid bind pose for Pose (skinCluster3) - Node RAFA_ESQUELETO : The relative matrices do not match
[2018.06.29-23.15.52:966][807]LogFbx: Warning: Getting valid bind pose failed. Try to recreate bind pose
[2018.06.29-23.15.52:967][807]LogFbx: Valid bind pose for Pose (FbxSDKBindPose) - RAFA_ESQUELETO
[2018.06.29-23.15.52:967][807]LogFbx: Warning: Recreating bind pose succeeded.
[2018.06.29-23.15.52:968][807]LogMaterial: Warning: Material /Game/RafaGirafa/AnimGir/rafa1.rafa1 needed to have new flag set bUsedWithSkeletalMesh !
[2018.06.29-23.15.53:025][807]LogMaterial: Missing cached shader map for material rafa1, compiling. 
[2018.06.29-23.15.53:068][807]LogFbxMaterialImport: Warning: Unable to find Texture file /Users/agnesaragaki/Documents/maya/projects/default/images/outUV_rafa_cor.png
[2018.06.29-23.15.53:079][807]LogMaterial: Missing cached shader map for material rafa1, compiling. 
[2018.06.29-23.15.53:117][807]LogShaderCompilers: Display: Shaders left to compile 60
[2018.06.29-23.15.53:117][807]LogShaderCompilers: Display: Shaders left to compile 50
[2018.06.29-23.15.53:117][807]LogShaderCompilers: Display: Shaders left to compile 40
[2018.06.29-23.15.53:117][807]LogFbx: Triangulating skeletal mesh RAFA_ESQUELETO
[2018.06.29-23.15.53:223][807]LogFbx: Warning: Bones digested - 44  Depth of hierarchy - 11
[2018.06.29-23.15.53:281][807]LogSkeletalMesh: Section 0: 2382 vertices, 31 active bones
[2018.06.29-23.15.53:289][807]LogSkeletalMesh: Section 0: Material=0, 1962 triangles
[2018.06.29-23.15.53:290][807]LogSkeletalMesh: Building Skeletal Mesh RAFA_ACABA...
[2018.06.29-23.15.53:296][807]LogSkeletalMesh: Built Skeletal Mesh [0.01s] /Game/RafaGirafa/AnimGir/RAFA_ACABA.RAFA_ACABA
[2018.06.29-23.15.53:298][807]LogLinker: Não é possível encontrar o arquivo “/Game/RafaGirafa/AnimGir/RAFA_ACABA_PhysicsAsset”
[2018.06.29-23.15.53:298][807]LogLinker: Não é possível encontrar o arquivo “/Game/RafaGirafa/AnimGir/RAFA_ACABA_PhysicsAsset”
[2018.06.29-23.15.53:306][807]LogFbx: =================================================
[2018.06.29-23.15.53:307][807]LogFbx: Dumping Node START [RAFA_ESQUELETO] 
[2018.06.29-23.15.53:307][807]LogFbx: 	Total Deformer Count 124304688.
[2018.06.29-23.15.53:307][807]LogFbx: 		[Node 1]  (Type Skin).
[2018.06.29-23.15.53:307][807]LogFbx: =================================================
[2018.06.29-23.15.53:307][807]LogFbx: 	Attribute () Type (4).
[2018.06.29-23.15.53:307][807]LogFbx: 		[Node Attribute Child 1] RAFA_ESQUELETO (Type Mesh).
[2018.06.29-23.15.53:307][807]LogFbx: Dumping Node END [RAFA_ESQUELETO]
[2018.06.29-23.15.53:307][807]LogFbx: =================================================
[2018.06.29-23.15.53:307][807]LogFbx: Dumping Node START [RAFA_ESQUELETO] 
[2018.06.29-23.15.53:307][807]LogFbx: 	Total Deformer Count 124304688.
[2018.06.29-23.15.53:307][807]LogFbx: 		[Node 1]  (Type Skin).
[2018.06.29-23.15.53:307][807]LogFbx: =================================================
[2018.06.29-23.15.53:307][807]LogFbx: 	Attribute () Type (4).
[2018.06.29-23.15.53:307][807]LogFbx: 		[Node Attribute Child 1] RAFA_ESQUELETO (Type Mesh).
[2018.06.29-23.15.53:307][807]LogFbx: Dumping Node END [RAFA_ESQUELETO]
[2018.06.29-23.15.53:308][807]LogFbx: SortedLinks :(0) principal
[2018.06.29-23.15.53:308][807]LogFbx: SortedLinks :(1) Coluna1
[2018.06.29-23.15.53:308][807]LogFbx: SortedLinks :(2) Coluna2
[2018.06.29-23.15.53:308][807]LogFbx: SortedLinks :(3) Coluna3
[2018.06.29-23.15.53:308][807]LogFbx: SortedLinks :(4) Coluna5
[2018.06.29-23.15.53:308][807]LogFbx: SortedLinks :(5) FD__Leg1
[2018.06.29-23.15.53:308][807]LogFbx: SortedLinks :(6) FD__Leg2
[2018.06.29-23.15.53:308][807]LogFbx: SortedLinks :(7) FD__Leg3
[2018.06.29-23.15.53:308][807]LogFbx: SortedLinks :(8) FD__Leg4
[2018.06.29-23.15.53:308][807]LogFbx: SortedLinks :(9) pescoso_01
[2018.06.29-23.15.53:308][807]LogFbx: SortedLinks :(10) pescoso_02
[2018.06.29-23.15.53:308][807]LogFbx: SortedLinks :(11) pescoso_03
[2018.06.29-23.15.53:308][807]LogFbx: SortedLinks :(12) pescoso_04
[2018.06.29-23.15.53:308][807]LogFbx: SortedLinks :(13) cabeca_01
[2018.06.29-23.15.53:308][807]LogFbx: SortedLinks :(14) cabeca_02
[2018.06.29-23.15.53:308][807]LogFbx: SortedLinks :(15) D_EYE
[2018.06.29-23.15.53:308][807]LogFbx: SortedLinks :(16) E_EYE
[2018.06.29-23.15.53:308][807]LogFbx: SortedLinks :(17) ikHandle13
[2018.06.29-23.15.53:308][807]LogFbx: SortedLinks :(18) FE_Leg1
[2018.06.29-23.15.53:308][807]LogFbx: SortedLinks :(19) FE_Leg2
[2018.06.29-23.15.53:308][807]LogFbx: SortedLinks :(20) FE_Leg3
[2018.06.29-23.15.53:308][807]LogFbx: SortedLinks :(21) FE_Leg4
[2018.06.29-23.15.53:308][807]LogFbx: SortedLinks :(22) rabo1
[2018.06.29-23.15.53:308][807]LogFbx: SortedLinks :(23) rabo2
[2018.06.29-23.15.53:308][807]LogFbx: SortedLinks :(24) TD_leg1
[2018.06.29-23.15.53:308][807]LogFbx: SortedLinks :(25) TD_leg2
[2018.06.29-23.15.53:308][807]LogFbx: SortedLinks :(26) TD_leg3
[2018.06.29-23.15.53:308][807]LogFbx: SortedLinks :(27) TD_leg4
[2018.06.29-23.15.53:308][807]LogFbx: SortedLinks :(28) TE_leg1
[2018.06.29-23.15.53:308][807]LogFbx: SortedLinks :(29) TE_leg2
[2018.06.29-23.15.53:308][807]LogFbx: SortedLinks :(30) TE_leg3
[2018.06.29-23.15.53:308][807]LogFbx: SortedLinks :(31) TE_leg4
[2018.06.29-23.15.53:308][807]LogFbx: SortedLinks :(32) ikHandle4
[2018.06.29-23.15.53:308][807]LogFbx: SortedLinks :(33) ikHandle11
[2018.06.29-23.15.53:308][807]LogFbx: SortedLinks :(34) ikHandle8
[2018.06.29-23.15.53:308][807]LogFbx: SortedLinks :(35) ikHandle5
[2018.06.29-23.15.53:308][807]LogFbx: SortedLinks :(36) ikHandle9
[2018.06.29-23.15.53:308][807]LogFbx: SortedLinks :(37) ikHandle12
[2018.06.29-23.15.53:308][807]LogFbx: SortedLinks :(38) ikHandle10
[2018.06.29-23.15.53:308][807]LogFbx: SortedLinks :(39) ikHandle15
[2018.06.29-23.15.53:308][807]LogFbx: SortedLinks :(40) ikHandle14
[2018.06.29-23.15.53:308][807]LogFbx: SortedLinks :(41) ikHandle16
[2018.06.29-23.15.53:308][807]LogFbx: SortedLinks :(42) ikHandle17
[2018.06.29-23.15.53:308][807]LogFbx: SortedLinks :(43) ikHandle18
[2018.06.29-23.15.53:310][807]LogFbx: Parsing AnimStack Take 001
[2018.06.29-23.15.53:311][807]LogLinker: Não é possível encontrar o arquivo “/Game/RafaGirafa/AnimGir/RAFA_ACABA_Anim”
[2018.06.29-23.15.53:311][807]LogLinker: Não é possível encontrar o arquivo “/Game/RafaGirafa/AnimGir/RAFA_ACABA_Anim”
[2018.06.29-23.15.53:377][807]LogAnimationCompression: Building Anim DDC data for AnimSequence /Game/RafaGirafa/AnimGir/RAFA_ACABA_Anim.RAFA_ACABA_Anim
[2018.06.29-23.15.53:378][807]LogAnimation: Warning: No animation data exists for sequence RAFA_ACABA_Anim (Package /Engine/Transient)
[2018.06.29-23.15.53:378][807]LoadErrors: Warning: The Animation  RAFA_ACABA_Anim has no animation data. Recommend to remove.
[2018.06.29-23.15.53:386][807]LogAnimationCompression: Recompressing (AnimSequence /Engine/Transient.RAFA_ACABA_Anim) using current/default (AnimCompress_BitwiseCompressOnly_0) bFirstRecompressUsingCurrentOrDefault(1) bTryAlternateCompressor(0) IsCompressedDataValid(0)
[2018.06.29-23.15.53:386][807]LogAnimationCompression: Warning: When compressing RAFA_ACABA_Anim track 0: no translation keys
[2018.06.29-23.15.53:386][807]LogAnimationCompression: Warning: When compressing RAFA_ACABA_Anim track 0: no translation keys
[2018.06.29-23.15.53:386][807]LogAnimationCompression: Warning: When compressing RAFA_ACABA_Anim track 0: no rotation keys
[2018.06.29-23.15.53:386][807]LogAnimationCompression: Warning: When compressing RAFA_ACABA_Anim track 1: no translation keys
[2018.06.29-23.15.53:386][807]LogAnimationCompression: Warning: When compressing RAFA_ACABA_Anim track 1: no translation keys
[2018.06.29-23.15.53:386][807]LogAnimationCompression: Warning: When compressing RAFA_ACABA_Anim track 1: no rotation keys
[2018.06.29-23.15.53:386][807]LogAnimationCompression: Warning: When compressing RAFA_ACABA_Anim track 2: no translation keys
[2018.06.29-23.15.53:386][807]LogAnimationCompression: Warning: When compressing RAFA_ACABA_Anim track 2: no translation keys
[2018.06.29-23.15.53:386][807]LogAnimationCompression: Warning: When compressing RAFA_ACABA_Anim track 2: no rotation keys
[2018.06.29-23.15.53:387][807]LogAnimationCompression: Warning: When compressing RAFA_ACABA_Anim track 3: no translation keys
[2018.06.29-23.15.53:387][807]LogAnimationCompression: Warning: When compressing RAFA_ACABA_Anim track 3: no translation keys
[2018.06.29-23.15.53:387][807]LogAnimationCompression: Warning: When compressing RAFA_ACABA_Anim track 3: no rotation keys
[2018.06.29-23.15.53:387][807]LogAnimationCompression: Warning: When compressing RAFA_ACABA_Anim track 4: no translation keys
[2018.06.29-23.15.53:387][807]LogAnimationCompression: Warning: When compressing RAFA_ACABA_Anim track 4: no translation keys
[2018.06.29-23.15.53:387][807]LogAnimationCompression: Warning: When compressing RAFA_ACABA_Anim track 4: no rotation keys
[2018.06.29-23.15.53:387][807]LogAnimationCompression: Warning: When compressing RAFA_ACABA_Anim track 5: no translation keys
[2018.06.29-23.15.53:387][807]LogAnimationCompression: Warning: When compressing RAFA_ACABA_Anim track 5: no translation keys
[2018.06.29-23.15.53:387][807]LogAnimationCompression: Warning: When compressing RAFA_ACABA_Anim track 5: no rotation keys
[2018.06.29-23.15.53:387][807]LogAnimationCompression: Warning: When compressing RAFA_ACABA_Anim track 6: no translation keys
[2018.06.29-23.15.53:387][807]LogAnimationCompression: Warning: When compressing RAFA_ACABA_Anim track 6: no translation keys
[2018.06.29-23.15.53:387][807]LogAnimationCompression: Warning: When compressing RAFA_ACABA_Anim track 6: no rotation keys
[2018.06.29-23.15.53:387][807]LogAnimationCompression: Warning: When compressing RAFA_ACABA_Anim track 7: no translation keys
[2018.06.29-23.15.53:387][807]LogAnimationCompression: Warning: When compressing RAFA_ACABA_Anim track 7: no translation keys
[2018.06.29-23.15.53:387][807]LogAnimationCompression: Warning: When compressing RAFA_ACABA_Anim track 7: no rotation keys
[2018.06.29-23.15.53:387][807]LogAnimationCompression: Warning: When compressing RAFA_ACABA_Anim track 8: no translation keys
[2018.06.29-23.15.53:387][807]LogAnimationCompression: Warning: When compressing RAFA_ACABA_Anim track 8: no translation keys
[2018.06.29-23.15.53:387][807]LogAnimationCompression: Warning: When compressing RAFA_ACABA_Anim track 8: no rotation keys
[2018.06.29-23.15.53:387][807]LogAnimationCompression: Warning: When compressing RAFA_ACABA_Anim track 9: no translation keys
[2018.06.29-23.15.53:387][807]LogAnimationCompression: Warning: When compressing RAFA_ACABA_Anim track 9: no translation keys
[2018.06.29-23.15.53:387][807]LogAnimationCompression: Warning: When compressing RAFA_ACABA_Anim track 9: no rotation keys
[2018.06.29-23.15.53:387][807]LogAnimationCompression: Warning: When compressing RAFA_ACABA_Anim track 10: no translation keys
[2018.06.29-23.15.53:387][807]LogAnimationCompression: Warning: When compressing RAFA_ACABA_Anim track 10: no translation keys
[2018.06.29-23.15.53:387][807]LogAnimationCompression: Warning: When compressing RAFA_ACABA_Anim track 10: no rotation keys
[2018.06.29-23.15.53:387][807]LogAnimationCompression: Warning: When compressing RAFA_ACABA_Anim track 11: no translation keys
[2018.06.29-23.15.53:387][807]LogAnimationCompression: Warning: When compressing RAFA_ACABA_Anim track 11: no translation keys
[2018.06.29-23.15.53:387][807]LogAnimationCompression: Warning: When compressing RAFA_ACABA_Anim track 11: no rotation keys
[2018.06.29-23.15.53:387][807]LogAnimationCompression: Warning: When compressing RAFA_ACABA_Anim track 12: no translation keys
[2018.06.29-23.15.53:387][807]LogAnimationCompression: Warning: When compressing RAFA_ACABA_Anim track 12: no translation keys
[2018.06.29-23.15.53:387][807]LogAnimationCompression: Warning: When compressing RAFA_ACABA_Anim track 12: no rotation keys
[2018.06.29-23.15.53:387][807]LogAnimationCompression: Warning: When compressing RAFA_ACABA_Anim track 13: no translation keys
[2018.06.29-23.15.53:387][807]LogAnimationCompression: Warning: When compressing RAFA_ACABA_Anim track 13: no translation keys
[2018.06.29-23.15.53:387][807]LogAnimationCompression: Warning: When compressing RAFA_ACABA_Anim track 13: no rotation keys
[2018.06.29-23.15.53:387][807]LogAnimationCompression: Warning: When compressing RAFA_ACABA_Anim track 14: no translation keys
[2018.06.29-23.15.53:387][807]LogAnimationCompression: Warning: When compressing RAFA_ACABA_Anim track 14: no translation keys
[2018.06.29-23.15.53:387][807]LogAnimationCompression: Warning: When compressing RAFA_ACABA_Anim track 14: no rotation keys
[2018.06.29-23.15.53:387][807]LogAnimationCompression: Warning: When compressing RAFA_ACABA_Anim track 15: no translation keys
[2018.06.29-23.15.53:387][807]LogAnimationCompression: Warning: When compressing RAFA_ACABA_Anim track 15: no translation keys
[2018.06.29-23.15.53:387][807]LogAnimationCompression: Warning: When compressing RAFA_ACABA_Anim track 15: no rotation keys
[2018.06.29-23.15.53:388][807]LogAnimationCompression: Warning: When compressing RAFA_ACABA_Anim track 16: no translation keys
[2018.06.29-23.15.53:388][807]LogAnimationCompression: Warning: When compressing RAFA_ACABA_Anim track 16: no translation keys
[2018.06.29-23.15.53:388][807]LogAnimationCompression: Warning: When compressing RAFA_ACABA_Anim track 16: no rotation keys
[2018.06.29-23.15.53:388][807]LogAnimationCompression: Warning: When compressing RAFA_ACABA_Anim track 17: no translation keys
[2018.06.29-23.15.53:388][807]LogAnimationCompression: Warning: When compressing RAFA_ACABA_Anim track 17: no translation keys
[2018.06.29-23.15.53:388][807]LogAnimationCompression: Warning: When compressing RAFA_ACABA_Anim track 17: no rotation keys
[2018.06.29-23.15.53:388][807]LogAnimationCompression: Warning: When compressing RAFA_ACABA_Anim track 18: no translation keys
[2018.06.29-23.15.53:388][807]LogAnimationCompression: Warning: When compressing RAFA_ACABA_Anim track 18: no translation keys
[2018.06.29-23.15.53:388][807]LogAnimationCompression: Warning: When compressing RAFA_ACABA_Anim track 18: no rotation keys
[2018.06.29-23.15.53:388][807]LogAnimationCompression: Warning: When compressing RAFA_ACABA_Anim track 19: no translation keys
[2018.06.29-23.15.53:388][807]LogAnimationCompression: Warning: When compressing RAFA_ACABA_Anim track 19: no translation keys
[2018.06.29-23.15.53:388][807]LogAnimationCompression: Warning: When compressing RAFA_ACABA_Anim track 19: no rotation keys
[2018.06.29-23.15.53:388][807]LogAnimationCompression: Warning: When compressing RAFA_ACABA_Anim track 20: no translation keys
[2018.06.29-23.15.53:388][807]LogAnimationCompression: Warning: When compressing RAFA_ACABA_Anim track 20: no translation keys
[2018.06.29-23.15.53:388][807]LogAnimationCompression: Warning: When compressing RAFA_ACABA_Anim track 20: no rotation keys
[2018.06.29-23.15.53:388][807]LogAnimationCompression: Warning: When compressing RAFA_ACABA_Anim track 21: no translation keys
[2018.06.29-23.15.53:388][807]LogAnimationCompression: Warning: When compressing RAFA_ACABA_Anim track 21: no translation keys
[2018.06.29-23.15.53:388][807]LogAnimationCompression: Warning: When compressing RAFA_ACABA_Anim track 21: no rotation keys
[2018.06.29-23.15.53:388][807]LogAnimationCompression: Warning: When compressing RAFA_ACABA_Anim track 22: no translation keys
[2018.06.29-23.15.53:388][807]LogAnimationCompression: Warning: When compressing RAFA_ACABA_Anim track 22: no translation keys
[2018.06.29-23.15.53:388][807]LogAnimationCompression: Warning: When compressing RAFA_ACABA_Anim track 22: no rotation keys
[2018.06.29-23.15.53:388][807]LogAnimationCompression: Warning: When compressing RAFA_ACABA_Anim track 23: no translation keys
[2018.06.29-23.15.53:388][807]LogAnimationCompression: Warning: When compressing RAFA_ACABA_Anim track 23: no translation keys
[2018.06.29-23.15.53:388][807]LogAnimationCompression: Warning: When compressing RAFA_ACABA_Anim track 23: no rotation keys
[2018.06.29-23.15.53:388][807]LogAnimationCompression: Warning: When compressing RAFA_ACABA_Anim track 24: no translation keys
[2018.06.29-23.15.53:388][807]LogAnimationCompression: Warning: When compressing RAFA_ACABA_Anim track 24: no translation keys
[2018.06.29-23.15.53:388][807]LogAnimationCompression: Warning: When compressing RAFA_ACABA_Anim track 24: no rotation keys
[2018.06.29-23.15.53:388][807]LogAnimationCompression: Warning: When compressing RAFA_ACABA_Anim track 25: no translation keys
[2018.06.29-23.15.53:388][807]LogAnimationCompression: Warning: When compressing RAFA_ACABA_Anim track 25: no translation keys
[2018.06.29-23.15.53:388][807]LogAnimationCompression: Warning: When compressing RAFA_ACABA_Anim track 25: no rotation keys
[2018.06.29-23.15.53:388][807]LogAnimationCompression: Warning: When compressing RAFA_ACABA_Anim track 26: no translation keys
[2018.06.29-23.15.53:388][807]LogAnimationCompression: Warning: When compressing RAFA_ACABA_Anim track 26: no translation keys
[2018.06.29-23.15.53:388][807]LogAnimationCompression: Warning: When compressing RAFA_ACABA_Anim track 26: no rotation keys
[2018.06.29-23.15.53:388][807]LogAnimationCompression: Warning: When compressing RAFA_ACABA_Anim track 27: no translation keys
[2018.06.29-23.15.53:388][807]LogAnimationCompression: Warning: When compressing RAFA_ACABA_Anim track 27: no translation keys
[2018.06.29-23.15.53:388][807]LogAnimationCompression: Warning: When compressing RAFA_ACABA_Anim track 27: no rotation keys
[2018.06.29-23.15.53:388][807]LogAnimationCompression: Warning: When compressing RAFA_ACABA_Anim track 28: no translation keys
[2018.06.29-23.15.53:389][807]LogAnimationCompression: Warning: When compressing RAFA_ACABA_Anim track 28: no translation keys
[2018.06.29-23.15.53:389][807]LogAnimationCompression: Warning: When compressing RAFA_ACABA_Anim track 28: no rotation keys
[2018.06.29-23.15.53:389][807]LogAnimationCompression: Warning: When compressing RAFA_ACABA_Anim track 29: no translation keys
[2018.06.29-23.15.53:389][807]LogAnimationCompression: Warning: When compressing RAFA_ACABA_Anim track 29: no translation keys
[2018.06.29-23.15.53:389][807]LogAnimationCompression: Warning: When compressing RAFA_ACABA_Anim track 29: no rotation keys
[2018.06.29-23.15.53:389][807]LogAnimationCompression: Warning: When compressing RAFA_ACABA_Anim track 30: no translation keys
[2018.06.29-23.15.53:389][807]LogAnimationCompression: Warning: When compressing RAFA_ACABA_Anim track 30: no translation keys
[2018.06.29-23.15.53:389][807]LogAnimationCompression: Warning: When compressing RAFA_ACABA_Anim track 30: no rotation keys
[2018.06.29-23.15.53:389][807]LogAnimationCompression: Warning: When compressing RAFA_ACABA_Anim track 31: no translation keys
[2018.06.29-23.15.53:389][807]LogAnimationCompression: Warning: When compressing RAFA_ACABA_Anim track 31: no translation keys
[2018.06.29-23.15.53:389][807]LogAnimationCompression: Warning: When compressing RAFA_ACABA_Anim track 31: no rotation keys
[2018.06.29-23.15.53:389][807]LogAnimationCompression: Warning: When compressing RAFA_ACABA_Anim track 32: no translation keys
[2018.06.29-23.15.53:389][807]LogAnimationCompression: Warning: When compressing RAFA_ACABA_Anim track 32: no translation keys
[2018.06.29-23.15.53:389][807]LogAnimationCompression: Warning: When compressing RAFA_ACABA_Anim track 32: no rotation keys
[2018.06.29-23.15.53:389][807]LogAnimationCompression: Warning: When compressing RAFA_ACABA_Anim track 33: no translation keys
[2018.06.29-23.15.53:389][807]LogAnimationCompression: Warning: When compressing RAFA_ACABA_Anim track 33: no translation keys
[2018.06.29-23.15.53:389][807]LogAnimationCompression: Warning: When compressing RAFA_ACABA_Anim track 33: no rotation keys
[2018.06.29-23.15.53:389][807]LogAnimationCompression: Warning: When compressing RAFA_ACABA_Anim track 34: no translation keys
[2018.06.29-23.15.53:389][807]LogAnimationCompression: Warning: When compressing RAFA_ACABA_Anim track 34: no translation keys
[2018.06.29-23.15.53:389][807]LogAnimationCompression: Warning: When compressing RAFA_ACABA_Anim track 34: no rotation keys
[2018.06.29-23.15.53:389][807]LogAnimationCompression: Warning: When compressing RAFA_ACABA_Anim track 35: no translation keys
[2018.06.29-23.15.53:389][807]LogAnimationCompression: Warning: When compressing RAFA_ACABA_Anim track 35: no translation keys
[2018.06.29-23.15.53:389][807]LogAnimationCompression: Warning: When compressing RAFA_ACABA_Anim track 35: no rotation keys
[2018.06.29-23.15.53:389][807]LogAnimationCompression: Warning: When compressing RAFA_ACABA_Anim track 36: no translation keys
[2018.06.29-23.15.53:389][807]LogAnimationCompression: Warning: When compressing RAFA_ACABA_Anim track 36: no translation keys
[2018.06.29-23.15.53:389][807]LogAnimationCompression: Warning: When compressing RAFA_ACABA_Anim track 36: no rotation keys
[2018.06.29-23.15.53:389][807]LogAnimationCompression: Warning: When compressing RAFA_ACABA_Anim track 37: no translation keys
[2018.06.29-23.15.53:389][807]LogAnimationCompression: Warning: When compressing RAFA_ACABA_Anim track 37: no translation keys
[2018.06.29-23.15.53:389][807]LogAnimationCompression: Warning: When compressing RAFA_ACABA_Anim track 37: no rotation keys
[2018.06.29-23.15.53:389][807]LogAnimationCompression: Warning: When compressing RAFA_ACABA_Anim track 38: no translation keys
[2018.06.29-23.15.53:389][807]LogAnimationCompression: Warning: When compressing RAFA_ACABA_Anim track 38: no translation keys
[2018.06.29-23.15.53:389][807]LogAnimationCompression: Warning: When compressing RAFA_ACABA_Anim track 38: no rotation keys
[2018.06.29-23.15.53:389][807]LogAnimationCompression: Warning: When compressing RAFA_ACABA_Anim track 39: no translation keys
[2018.06.29-23.15.53:389][807]LogAnimationCompression: Warning: When compressing RAFA_ACABA_Anim track 39: no translation keys
[2018.06.29-23.15.53:389][807]LogAnimationCompression: Warning: When compressing RAFA_ACABA_Anim track 39: no rotation keys
[2018.06.29-23.15.53:389][807]LogAnimationCompression: Warning: When compressing RAFA_ACABA_Anim track 40: no translation keys
[2018.06.29-23.15.53:390][807]LogAnimationCompression: Warning: When compressing RAFA_ACABA_Anim track 40: no translation keys
[2018.06.29-23.15.53:390][807]LogAnimationCompression: Warning: When compressing RAFA_ACABA_Anim track 40: no rotation keys
[2018.06.29-23.15.53:390][807]LogAnimationCompression: Warning: When compressing RAFA_ACABA_Anim track 41: no translation keys
[2018.06.29-23.15.53:390][807]LogAnimationCompression: Warning: When compressing RAFA_ACABA_Anim track 41: no translation keys
[2018.06.29-23.15.53:390][807]LogAnimationCompression: Warning: When compressing RAFA_ACABA_Anim track 41: no rotation keys
[2018.06.29-23.15.53:390][807]LogAnimationCompression: Warning: When compressing RAFA_ACABA_Anim track 42: no translation keys
[2018.06.29-23.15.53:390][807]LogAnimationCompression: Warning: When compressing RAFA_ACABA_Anim track 42: no translation keys
[2018.06.29-23.15.53:390][807]LogAnimationCompression: Warning: When compressing RAFA_ACABA_Anim track 42: no rotation keys
[2018.06.29-23.15.53:390][807]LogAnimationCompression: Warning: When compressing RAFA_ACABA_Anim track 43: no translation keys
[2018.06.29-23.15.53:390][807]LogAnimationCompression: Warning: When compressing RAFA_ACABA_Anim track 43: no translation keys
[2018.06.29-23.15.53:390][807]LogAnimationCompression: Warning: When compressing RAFA_ACABA_Anim track 43: no rotation keys
[2018.06.29-23.15.54:941][807]LogStats: FPlatformStackWalk::StackWalkAndDump -  1.551 s
[2018.06.29-23.15.54:941][807]LogOutputDevice: Error: === Handled ensure: ===
[2018.06.29-23.15.54:941][807]LogOutputDevice: Error: 
[2018.06.29-23.15.54:941][807]LogOutputDevice: Error: Ensure condition failed: bCompressionSuccessful [File:D:\Build\++UE4+Release-4.19+Compile\Sync\Engine\Source\Runtime\Engine\Private\Animation\AnimCompressionDerivedData.cpp] [Line: 138]
[2018.06.29-23.15.54:941][807]LogOutputDevice: Error: Anim Compression failed for Sequence 'AnimSequence /Engine/Transient.RAFA_ACABA_Anim' with compression scheme 'AnimCompress_BitwiseCompressOnly /Engine/Transient.AnimCompress_BitwiseCompressOnly_0': compressed data empty
[2018.06.29-23.15.54:941][807]LogOutputDevice: Error: 	AnimIndex: 0
[2018.06.29-23.15.54:941][807]LogOutputDevice: Error: 	MaxAnim:1
[2018.06.29-23.15.54:941][807]LogOutputDevice: Error: 	AllowAltCompressor:false
[2018.06.29-23.15.54:941][807]LogOutputDevice: Error: 	Output:false
[2018.06.29-23.15.54:941][807]LogOutputDevice: Error: Stack: 
[2018.06.29-23.15.54:941][807]LogOutputDevice: Error: [Callstack] 0x00000000D1E7B706 UE4Editor-Core.dll!UnknownFunction []
[2018.06.29-23.15.54:941][807]LogOutputDevice: Error: [Callstack] 0x00000000D1BDAE3A UE4Editor-Core.dll!UnknownFunction []
[2018.06.29-23.15.54:941][807]LogOutputDevice: Error: [Callstack] 0x00000000D1BEECD6 UE4Editor-Core.dll!UnknownFunction []
[2018.06.29-23.15.54:941][807]LogOutputDevice: Error: [Callstack] 0x000000009EEAB12A UE4Editor-Engine.dll!UnknownFunction []
[2018.06.29-23.15.54:941][807]LogOutputDevice: Error: [Callstack] 0x00000000923E813A UE4Editor-DerivedDataCache.dll!UnknownFunction []
[2018.06.29-23.15.54:941][807]LogOutputDevice: Error: [Callstack] 0x00000000923E72E4 UE4Editor-DerivedDataCache.dll!UnknownFunction []
[2018.06.29-23.15.54:942][807]LogOutputDevice: Error: [Callstack] 0x0000000092402DE1 UE4Editor-DerivedDataCache.dll!UnknownFunction []
[2018.06.29-23.15.54:942][807]LogOutputDevice: Error: [Callstack] 0x00000000923F071E UE4Editor-DerivedDataCache.dll!UnknownFunction []
[2018.06.29-23.15.54:942][807]LogOutputDevice: Error: [Callstack] 0x000000009EF717E7 UE4Editor-Engine.dll!UnknownFunction []
[2018.06.29-23.15.54:942][807]LogOutputDevice: Error: [Callstack] 0x000000009EF71567 UE4Editor-Engine.dll!UnknownFunction []
[2018.06.29-23.15.54:942][807]LogOutputDevice: Error: [Callstack] 0x000000009EF64C6A UE4Editor-Engine.dll!UnknownFunction []
[2018.06.29-23.15.54:942][807]LogOutputDevice: Error: [Callstack] 0x000000009DB2B7C3 UE4Editor-UnrealEd.dll!UnknownFunction []
[2018.06.29-23.15.54:942][807]LogOutputDevice: Error: [Callstack] 0x000000009DB2C3CF UE4Editor-UnrealEd.dll!UnknownFunction []
[2018.06.29-23.15.54:942][807]LogOutputDevice: Error: [Callstack] 0x000000009D76B0AC UE4Editor-UnrealEd.dll!UnknownFunction []
[2018.06.29-23.15.54:942][807]LogOutputDevice: Error: [Callstack] 0x000000009D69BE37 UE4Editor-UnrealEd.dll!UnknownFunction []
[2018.06.29-23.15.54:942][807]LogOutputDevice: Error: [Callstack] 0x000000009D604FC4 UE4Editor-UnrealEd.dll!UnknownFunction []
[2018.06.29-23.15.54:942][807]LogOutputDevice: Error: [Callstack] 0x000000009D6156F2 UE4Editor-UnrealEd.dll!UnknownFunction []
[2018.06.29-23.15.54:942][807]LogOutputDevice: Error: [Callstack] 0x000000008FFBAC3E UE4Editor-AssetTools.dll!UnknownFunction []
[2018.06.29-23.15.54:942][807]LogOutputDevice: Error: [Callstack] 0x000000008FFB8238 UE4Editor-AssetTools.dll!UnknownFunction []
[2018.06.29-23.15.54:942][807]LogOutputDevice: Error: [Callstack] 0x000000008DEEB3F6 UE4Editor-ContentBrowser.dll!UnknownFunction []
[2018.06.29-23.15.54:942][807]LogOutputDevice: Error: [Callstack] 0x00000000BEA455CB UE4Editor-Slate.dll!UnknownFunction []
[2018.06.29-23.15.54:942][807]LogOutputDevice: Error: [Callstack] 0x00000000BEA1749E UE4Editor-Slate.dll!UnknownFunction []
[2018.06.29-23.15.54:942][807]LogOutputDevice: Error: [Callstack] 0x00000000BEAAF862 UE4Editor-Slate.dll!UnknownFunction []
[2018.06.29-23.15.54:942][807]LogOutputDevice: Error: [Callstack] 0x00000000BEA97D0D UE4Editor-Slate.dll!UnknownFunction []
[2018.06.29-23.15.54:942][807]LogOutputDevice: Error: [Callstack] 0x00000000BEA87F9E UE4Editor-Slate.dll!UnknownFunction []
[2018.06.29-23.15.54:942][807]LogOutputDevice: Error: [Callstack] 0x00000000E63FC5F2 UE4Editor-ApplicationCore.dll!UnknownFunction []
[2018.06.29-23.15.54:942][807]LogOutputDevice: Error: [Callstack] 0x00000000E63F2307 UE4Editor-ApplicationCore.dll!UnknownFunction []
[2018.06.29-23.15.54:942][807]LogOutputDevice: Error: [Callstack] 0x00000000FCA52CCB ole32.dll!UnknownFunction []
[2018.06.29-23.15.54:942][807]LogOutputDevice: Error: [Callstack] 0x00000000FE4B46F3 RPCRT4.dll!UnknownFunction []
[2018.06.29-23.15.54:942][807]LogOutputDevice: Error: [Callstack] 0x00000000FE51DE1D RPCRT4.dll!UnknownFunction []
[2018.06.29-23.15.54:942][807]LogOutputDevice: Error: [Callstack] 0x00000000FE465524 RPCRT4.dll!UnknownFunction []
[2018.06.29-23.15.54:942][807]LogOutputDevice: Error: [Callstack] 0x00000000FE803942 combase.dll!UnknownFunction []
[2018.06.29-23.15.54:942][807]LogOutputDevice: Error: [Callstack] 0x00000000FE79E80B combase.dll!UnknownFunction []
[2018.06.29-23.15.54:942][807]LogOutputDevice: Error: [Callstack] 0x00000000FE79E485 combase.dll!UnknownFunction []
[2018.06.29-23.15.54:942][807]LogOutputDevice: Error: [Callstack] 0x00000000FE79EF06 combase.dll!UnknownFunction []
[2018.06.29-23.15.54:942][807]LogOutputDevice: Error: [Callstack] 0x00000000FE79B182 combase.dll!UnknownFunction []
[2018.06.29-23.15.54:942][807]LogOutputDevice: Error: [Callstack] 0x00000000FE799FCC combase.dll!UnknownFunction []
[2018.06.29-23.15.54:942][807]LogOutputDevice: Error: [Callstack] 0x00000000FE7C01FB combase.dll!UnknownFunction []
[2018.06.29-23.15.54:942][807]LogOutputDevice: Error: [Callstack] 0x00000000FE7BFB08 combase.dll!UnknownFunction []
[2018.06.29-23.15.54:942][807]LogOutputDevice: Error: [Callstack] 0x00000000FC2E6CC1 USER32.dll!UnknownFunction []
[2018.06.29-23.15.54:942][807]LogOutputDevice: Error: [Callstack] 0x00000000FC2E6693 USER32.dll!UnknownFunction []
[2018.06.29-23.15.54:942][807]LogOutputDevice: Error: [Callstack] 0x00000000E6401666 UE4Editor-ApplicationCore.dll!UnknownFunction []
[2018.06.29-23.15.54:942][807]LogOutputDevice: Error: [Callstack] 0x00000000BAA75475 UE4Editor.exe!UnknownFunction []
[2018.06.29-23.15.54:942][807]LogOutputDevice: Error: [Callstack] 0x00000000BAA86BD0 UE4Editor.exe!UnknownFunction []
[2018.06.29-23.15.54:942][807]LogOutputDevice: Error: [Callstack] 0x00000000BAA86C4A UE4Editor.exe!UnknownFunction []
[2018.06.29-23.15.54:942][807]LogOutputDevice: Error: [Callstack] 0x00000000BAA94177 UE4Editor.exe!UnknownFunction []
[2018.06.29-23.15.54:942][807]LogOutputDevice: Error: [Callstack] 0x00000000BAA95B87 UE4Editor.exe!UnknownFunction []
[2018.06.29-23.15.54:942][807]LogOutputDevice: Error: [Callstack] 0x00000000FC1C3034 KERNEL32.DLL!UnknownFunction []
[2018.06.29-23.15.54:943][807]LogOutputDevice: Error: [Callstack] 0x00000000FEC11431 ntdll.dll!UnknownFunction []
[2018.06.29-23.15.54:943][807]LogOutputDevice: Error: 
[2018.06.29-23.15.54:960][807]LogStats:                SubmitErrorReport -  0.000 s
[2018.06.29-23.15.55:660][807]LogStats:                    SendNewReport -  0.700 s
[2018.06.29-23.15.55:660][807]LogStats:             FDebug::EnsureFailed -  2.270 s
[2018.06.29-23.15.55:689][807]FBXImport: Warning: Mesh [Geometry have no name] in the fbx file is not reference by any hierarchy node. 
[2018.06.29-23.15.55:689][807]FBXImport: Warning: Mesh [Geometry have no name] in the fbx file is not reference by any hierarchy node. 
[2018.06.29-23.15.55:689][807]FBXImport: Warning: Mesh [Geometry have no name] in the fbx file is not reference by any hierarchy node. 
[2018.06.29-23.15.55:689][807]FBXImport: Warning: Mesh [Geometry have no name] in the fbx file is not reference by any hierarchy node. 
[2018.06.29-23.15.55:689][807]FBXImport: Warning: Mesh [Geometry have no name] in the fbx file is not reference by any hierarchy node. 
[2018.06.29-23.15.55:689][807]FBXImport: Warning: Mesh [Geometry have no name] in the fbx file is not reference by any hierarchy node. 
[2018.06.29-23.15.55:689][807]FBXImport: Warning: Mesh [Geometry have no name] in the fbx file is not reference by any hierarchy node. 
[2018.06.29-23.15.55:690][807]FBXImport: Warning: Mesh [Geometry have no name] in the fbx file is not reference by any hierarchy node. 
[2018.06.29-23.15.55:690][807]FBXImport: Warning: Mesh [Geometry have no name] in the fbx file is not reference by any hierarchy node. 
[2018.06.29-23.15.55:690][807]FBXImport: Warning: Mesh [Geometry have no name] in the fbx file is not reference by any hierarchy node. 
[2018.06.29-23.15.55:690][807]FBXImport: Warning: The following bones are missing from the bind pose:
ikHandle13  
ikHandle4  
ikHandle11  
ikHandle8  
ikHandle5  
ikHandle9  
ikHandle12  
ikHandle10  
ikHandle15  
ikHandle14  
ikHandle16  
ikHandle17  
ikHandle18  

This can happen for bones that are not vert weighted. If they are not in the correct orientation after importing,
please set the "Use T0 as ref pose" option or add them to the bind pose and reimport the skeletal mesh. 
[2018.06.29-23.15.55:705][807]LogSkeletalMesh: Building Skeletal Mesh RAFA_ACABA...
[2018.06.29-23.15.55:717][807]LogSkeletalMesh: Built Skeletal Mesh [0.01s] /Game/RafaGirafa/AnimGir/RAFA_ACABA.RAFA_ACABA
[2018.06.29-23.15.55:831][808]LogWindows: Windows GetLastError: A operação foi concluída com êxito. (0)
[2018.06.29-23.15.56:611][808]LogShaderCompilers: Display: Shaders left to compile 30
[2018.06.29-23.15.56:611][808]LogWindows: Error: === Critical error: ===
[2018.06.29-23.15.56:611][808]LogWindows: Error: 
[2018.06.29-23.15.56:611][808]LogWindows: Error: Assertion failed: (Index >= 0) & (Index < ArrayNum) [File:D:\Build\++UE4+Release-4.19+Compile\Sync\Engine\Source\Runtime\Core\Public\Containers/Array.h] [Line: 610] 
[2018.06.29-23.15.56:611][808]LogWindows: Error: Array index out of bounds: -1 from an array of size 0
[2018.06.29-23.15.56:611][808]LogWindows: Error: 
[2018.06.29-23.15.56:611][808]LogWindows: Error: 
[2018.06.29-23.15.56:611][808]LogWindows: Error: [Callstack] 0x00000000FB14A388 KERNELBASE.dll!UnknownFunction []
[2018.06.29-23.15.56:611][808]LogWindows: Error: [Callstack] 0x00000000E6407884 UE4Editor-ApplicationCore.dll!UnknownFunction []
[2018.06.29-23.15.56:611][808]LogWindows: Error: [Callstack] 0x00000000D1C96D9B UE4Editor-Core.dll!UnknownFunction []
[2018.06.29-23.15.56:611][808]LogWindows: Error: [Callstack] 0x00000000D1BD1949 UE4Editor-Core.dll!UnknownFunction []
[2018.06.29-23.15.56:611][808]LogWindows: Error: [Callstack] 0x000000009EF45E99 UE4Editor-Engine.dll!UnknownFunction []
[2018.06.29-23.15.56:611][808]LogWindows: Error: [Callstack] 0x000000009EF14B79 UE4Editor-Engine.dll!UnknownFunction []
[2018.06.29-23.15.56:611][808]LogWindows: Error: [Callstack] 0x000000009EF2F3A9 UE4Editor-Engine.dll!UnknownFunction []
[2018.06.29-23.15.56:611][808]LogWindows: Error: [Callstack] 0x000000009EF4CBCA UE4Editor-Engine.dll!UnknownFunction []
[2018.06.29-23.15.56:612][808]LogWindows: Error: [Callstack] 0x000000009EF4B228 UE4Editor-Engine.dll!UnknownFunction []
[2018.06.29-23.15.56:612][808]LogWindows: Error: [Callstack] 0x000000009EFBAFA6 UE4Editor-Engine.dll!UnknownFunction []
[2018.06.29-23.15.56:612][808]LogWindows: Error: [Callstack] 0x000000009EFBAD81 UE4Editor-Engine.dll!UnknownFunction []
[2018.06.29-23.15.56:612][808]LogWindows: Error: [Callstack] 0x00000000C2F72D5A UE4Editor-AnimGraph.dll!UnknownFunction []
[2018.06.29-23.15.56:612][808]LogWindows: Error: [Callstack] 0x000000009EEBBE3E UE4Editor-Engine.dll!UnknownFunction []
[2018.06.29-23.15.56:612][808]LogWindows: Error: [Callstack] 0x000000009EEEF3A7 UE4Editor-Engine.dll!UnknownFunction []
[2018.06.29-23.15.56:612][808]LogWindows: Error: [Callstack] 0x000000009F22CB2E UE4Editor-Engine.dll!UnknownFunction []
[2018.06.29-23.15.56:612][808]LogWindows: Error: [Callstack] 0x000000009F243A08 UE4Editor-Engine.dll!UnknownFunction []
[2018.06.29-23.15.56:612][808]LogWindows: Error: [Callstack] 0x000000009F243672 UE4Editor-Engine.dll!UnknownFunction []
[2018.06.29-23.15.56:612][808]LogWindows: Error: [Callstack] 0x000000009F2481DC UE4Editor-Engine.dll!UnknownFunction []
[2018.06.29-23.15.56:612][808]LogWindows: Error: [Callstack] 0x000000009D1DBDB3 UE4Editor-UnrealEd.dll!UnknownFunction []
[2018.06.29-23.15.56:612][808]LogWindows: Error: [Callstack] 0x000000009DD71D60 UE4Editor-UnrealEd.dll!UnknownFunction []
[2018.06.29-23.15.56:612][808]LogWindows: Error: [Callstack] 0x000000009DD0D263 UE4Editor-UnrealEd.dll!UnknownFunction []
[2018.06.29-23.15.56:612][808]LogWindows: Error: [Callstack] 0x000000009D9EA184 UE4Editor-UnrealEd.dll!UnknownFunction []
[2018.06.29-23.15.56:612][808]LogWindows: Error: [Callstack] 0x000000009D1F7AE2 UE4Editor-UnrealEd.dll!UnknownFunction []
[2018.06.29-23.15.56:612][808]LogWindows: Error: [Callstack] 0x000000009D12E728 UE4Editor-UnrealEd.dll!UnknownFunction []
[2018.06.29-23.15.56:612][808]LogWindows: Error: [Callstack] 0x000000009D4DC1DF UE4Editor-UnrealEd.dll!UnknownFunction []
[2018.06.29-23.15.56:612][808]LogWindows: Error: [Callstack] 0x000000009DD79626 UE4Editor-UnrealEd.dll!UnknownFunction []
[2018.06.29-23.15.56:612][808]LogWindows: Error: [Callstack] 0x00000000BAA75EAC UE4Editor.exe!UnknownFunction []
[2018.06.29-23.15.56:612][808]LogWindows: Error: [Callstack] 0x00000000BAA86BD0 UE4Editor.exe!UnknownFunction []
[2018.06.29-23.15.56:612][808]LogWindows: Error: [Callstack] 0x00000000BAA86C4A UE4Editor.exe!UnknownFunction []
[2018.06.29-23.15.56:612][808]LogWindows: Error: [Callstack] 0x00000000BAA94177 UE4Editor.exe!UnknownFunction []
[2018.06.29-23.15.56:612][808]LogWindows: Error: [Callstack] 0x00000000BAA95B87 UE4Editor.exe!UnknownFunction []
[2018.06.29-23.15.56:612][808]LogWindows: Error: [Callstack] 0x00000000FC1C3034 KERNEL32.DLL!UnknownFunction []
[2018.06.29-23.15.56:612][808]LogWindows: Error: [Callstack] 0x00000000FEC11431 ntdll.dll!UnknownFunction []
[2018.06.29-23.15.56:612][808]LogWindows: Error: [Callstack] 0x00000000FEC11431 ntdll.dll!UnknownFunction []
[2018.06.29-23.15.56:612][808]LogWindows: Error: 
[2018.06.29-23.15.56:644][808]LogExit: Executing StaticShutdownAfterError
[2018.06.29-23.15.56:655][808]LogWindows: FPlatformMisc::RequestExit(1)
[2018.06.29-23.15.56:655][808]Log file closed, 06/29/18 20:15:56
