Log file open, 06/14/18 19:19:13
LogWindows: Failed to load 'aqProf.dll' (GetLastError=126)
LogWindows: File 'aqProf.dll' does not exist
LogWindows: Failed to load 'VSPerf140.dll' (GetLastError=126)
LogWindows: File 'VSPerf140.dll' does not exist
LogWindows: Failed to load 'VtuneApi.dll' (GetLastError=126)
LogWindows: File 'VtuneApi.dll' does not exist
LogWindows: Failed to load 'VtuneApi32e.dll' (GetLastError=126)
LogWindows: File 'VtuneApi32e.dll' does not exist
LogInit: Display: Running engine for game: RafaGirafa
LogPlatformFile: Not using cached read wrapper
LogInit: Display: RandInit(388849655) SRandInit(388849655).
LogInit: Read version file with build ID '3944462'
LogInit: Overriding engine version to CL 3944462, compatible CL 3944462
LogInit: Registered custom module enumerator with build ID '3944462'
LogTaskGraph: Started task graph with 5 named threads and 14 total threads with 3 sets of task threads.
LogStats: Stats thread started at 0.182879
LogD3D11RHI: Aftermath initialized
LogICUInternationalization: Display: ICU TimeZone Detection - Raw Offset: -3:00, Platform Override: ''
LogModuleManager: Display: Found up-to-date module file ../../../Engine/Plugins/2D/Paper2D/Binaries/Win64/UE4Editor-Paper2D.dll (API version 3944462).
LogModuleManager: Display: Found up-to-date module file ../../../Engine/Plugins/2D/Paper2D/Binaries/Win64/UE4Editor-Paper2DEditor.dll (API version 3944462).
LogModuleManager: Display: Found up-to-date module file ../../../Engine/Plugins/2D/Paper2D/Binaries/Win64/UE4Editor-PaperSpriteSheetImporter.dll (API version 3944462).
LogModuleManager: Display: Found up-to-date module file ../../../Engine/Plugins/2D/Paper2D/Binaries/Win64/UE4Editor-PaperTiledImporter.dll (API version 3944462).
LogModuleManager: Display: Found up-to-date module file ../../../Engine/Plugins/2D/Paper2D/Binaries/Win64/UE4Editor-SmartSnapping.dll (API version 3944462).
LogModuleManager: Display: Found up-to-date module file ../../../Engine/Plugins/Blendables/LightPropagationVolume/Binaries/Win64/UE4Editor-LightPropagationVolumeRuntime.dll (API version 3944462).
LogModuleManager: Display: Found up-to-date module file ../../../Engine/Plugins/Blendables/LightPropagationVolume/Binaries/Win64/UE4Editor-LightPropagationVolumeEditor.dll (API version 3944462).
LogModuleManager: Display: Found up-to-date module file ../../../Engine/Plugins/Developer/CLionSourceCodeAccess/Binaries/Win64/UE4Editor-CLionSourceCodeAccess.dll (API version 3944462).
LogModuleManager: Display: Found up-to-date module file ../../../Engine/Plugins/Developer/GitSourceControl/Binaries/Win64/UE4Editor-GitSourceControl.dll (API version 3944462).
LogModuleManager: Display: Found up-to-date module file ../../../Engine/Plugins/Developer/PerforceSourceControl/Binaries/Win64/UE4Editor-PerforceSourceControl.dll (API version 3944462).
LogModuleManager: Display: Found up-to-date module file ../../../Engine/Plugins/Developer/SubversionSourceControl/Binaries/Win64/UE4Editor-SubversionSourceControl.dll (API version 3944462).
LogModuleManager: Display: Found up-to-date module file ../../../Engine/Plugins/Developer/UObjectPlugin/Binaries/Win64/UE4Editor-UObjectPlugin.dll (API version 3944462).
LogModuleManager: Display: Found up-to-date module file ../../../Engine/Plugins/Developer/VisualStudioCodeSourceCodeAccess/Binaries/Win64/UE4Editor-VisualStudioCodeSourceCodeAccess.dll (API version 3944462).
LogModuleManager: Display: Found up-to-date module file ../../../Engine/Plugins/Developer/VisualStudioSourceCodeAccess/Binaries/Win64/UE4Editor-VisualStudioSourceCodeAccess.dll (API version 3944462).
LogModuleManager: Display: Found up-to-date module file ../../../Engine/Plugins/Editor/AssetManagerEditor/Binaries/Win64/UE4Editor-AssetManagerEditor.dll (API version 3944462).
LogModuleManager: Display: Found up-to-date module file ../../../Engine/Plugins/Editor/CryptoKeys/Binaries/Win64/UE4Editor-CryptoKeys.dll (API version 3944462).
LogModuleManager: Display: Found up-to-date module file ../../../Engine/Plugins/Editor/CryptoKeys/Binaries/Win64/UE4Editor-CryptoKeysOpenSSL.dll (API version 3944462).
LogModuleManager: Display: Found up-to-date module file ../../../Engine/Plugins/Editor/DataValidation/Binaries/Win64/UE4Editor-DataValidation.dll (API version 3944462).
LogModuleManager: Display: Found up-to-date module file ../../../Engine/Plugins/Editor/FacialAnimation/Binaries/Win64/UE4Editor-FacialAnimation.dll (API version 3944462).
LogModuleManager: Display: Found up-to-date module file ../../../Engine/Plugins/Editor/FacialAnimation/Binaries/Win64/UE4Editor-FacialAnimationEditor.dll (API version 3944462).
LogModuleManager: Display: Found up-to-date module file ../../../Engine/Plugins/Editor/GameplayTagsEditor/Binaries/Win64/UE4Editor-GameplayTagsEditor.dll (API version 3944462).
LogModuleManager: Display: Found up-to-date module file ../../../Engine/Plugins/Editor/MobileLauncherProfileWizard/Binaries/Win64/UE4Editor-MobileLauncherProfileWizard.dll (API version 3944462).
LogModuleManager: Display: Found up-to-date module file ../../../Engine/Plugins/Editor/PluginBrowser/Binaries/Win64/UE4Editor-PluginBrowser.dll (API version 3944462).
LogModuleManager: Display: Found up-to-date module file ../../../Engine/Plugins/Editor/SpeedTreeImporter/Binaries/Win64/UE4Editor-SpeedTreeImporter.dll (API version 3944462).
LogModuleManager: Display: Found up-to-date module file ../../../Engine/Plugins/Enterprise/DatasmithContent/Binaries/Win64/UE4Editor-DatasmithContent.dll (API version 3944462).
LogModuleManager: Display: Found up-to-date module file ../../../Engine/Plugins/Experimental/AlembicImporter/Binaries/Win64/UE4Editor-AlembicImporter.dll (API version 3944462).
LogModuleManager: Display: Found up-to-date module file ../../../Engine/Plugins/Experimental/AlembicImporter/Binaries/Win64/UE4Editor-AlembicLibrary.dll (API version 3944462).
LogModuleManager: Display: Found up-to-date module file ../../../Engine/Plugins/Experimental/CharacterAI/Binaries/Win64/UE4Editor-CharacterAI.dll (API version 3944462).
LogModuleManager: Display: Found up-to-date module file ../../../Engine/Plugins/Experimental/HTML5Networking/Binaries/Win64/UE4Editor-HTML5Networking.dll (API version 3944462).
LogModuleManager: Display: Found up-to-date module file ../../../Engine/Plugins/Media/AndroidMedia/Binaries/Win64/UE4Editor-AndroidMediaEditor.dll (API version 3944462).
LogModuleManager: Display: Found up-to-date module file ../../../Engine/Plugins/Media/AndroidMedia/Binaries/Win64/UE4Editor-AndroidMediaFactory.dll (API version 3944462).
LogModuleManager: Display: Found up-to-date module file ../../../Engine/Plugins/Media/AvfMedia/Binaries/Win64/UE4Editor-AvfMediaEditor.dll (API version 3944462).
LogModuleManager: Display: Found up-to-date module file ../../../Engine/Plugins/Media/AvfMedia/Binaries/Win64/UE4Editor-AvfMediaFactory.dll (API version 3944462).
LogModuleManager: Display: Found up-to-date module file ../../../Engine/Plugins/Media/AvfMedia/Binaries/Win64/UE4Editor-AvfMediaFactory.dll (API version 3944462).
LogModuleManager: Display: Found up-to-date module file ../../../Engine/Plugins/Media/ImgMedia/Binaries/Win64/UE4Editor-ImgMedia.dll (API version 3944462).
LogModuleManager: Display: Found up-to-date module file ../../../Engine/Plugins/Media/ImgMedia/Binaries/Win64/UE4Editor-ImgMediaEditor.dll (API version 3944462).
LogModuleManager: Display: Found up-to-date module file ../../../Engine/Plugins/Media/ImgMedia/Binaries/Win64/UE4Editor-ImgMediaFactory.dll (API version 3944462).
LogModuleManager: Display: Found up-to-date module file ../../../Engine/Plugins/Media/ImgMedia/Binaries/Win64/UE4Editor-ImgMediaFactory.dll (API version 3944462).
LogModuleManager: Display: Found up-to-date module file ../../../Engine/Plugins/Media/ImgMedia/Binaries/Win64/UE4Editor-OpenExrWrapper.dll (API version 3944462).
LogModuleManager: Display: Found up-to-date module file ../../../Engine/Plugins/Media/LinearTimecode/Binaries/Win64/UE4Editor-LinearTimecode.dll (API version 3944462).
LogModuleManager: Display: Found up-to-date module file ../../../Engine/Plugins/Media/MediaCompositing/Binaries/Win64/UE4Editor-MediaCompositing.dll (API version 3944462).
LogModuleManager: Display: Found up-to-date module file ../../../Engine/Plugins/Media/MediaCompositing/Binaries/Win64/UE4Editor-MediaCompositingEditor.dll (API version 3944462).
LogModuleManager: Display: Found up-to-date module file ../../../Engine/Plugins/Media/MediaPlayerEditor/Binaries/Win64/UE4Editor-MediaPlayerEditor.dll (API version 3944462).
LogModuleManager: Display: Found up-to-date module file ../../../Engine/Plugins/Media/WmfMedia/Binaries/Win64/UE4Editor-WmfMedia.dll (API version 3944462).
LogModuleManager: Display: Found up-to-date module file ../../../Engine/Plugins/Media/WmfMedia/Binaries/Win64/UE4Editor-WmfMediaEditor.dll (API version 3944462).
LogModuleManager: Display: Found up-to-date module file ../../../Engine/Plugins/Media/WmfMedia/Binaries/Win64/UE4Editor-WmfMediaFactory.dll (API version 3944462).
LogModuleManager: Display: Found up-to-date module file ../../../Engine/Plugins/Media/WmfMedia/Binaries/Win64/UE4Editor-WmfMediaFactory.dll (API version 3944462).
LogModuleManager: Display: Found up-to-date module file ../../../Engine/Plugins/Messaging/TcpMessaging/Binaries/Win64/UE4Editor-TcpMessaging.dll (API version 3944462).
LogModuleManager: Display: Found up-to-date module file ../../../Engine/Plugins/Messaging/UdpMessaging/Binaries/Win64/UE4Editor-UdpMessaging.dll (API version 3944462).
LogModuleManager: Display: Found up-to-date module file ../../../Engine/Plugins/MovieScene/ActorSequence/Binaries/Win64/UE4Editor-ActorSequence.dll (API version 3944462).
LogModuleManager: Display: Found up-to-date module file ../../../Engine/Plugins/MovieScene/LevelSequenceEditor/Binaries/Win64/UE4Editor-LevelSequenceEditor.dll (API version 3944462).
LogModuleManager: Display: Found up-to-date module file ../../../Engine/Plugins/MovieScene/MatineeToLevelSequence/Binaries/Win64/UE4Editor-MatineeToLevelSequence.dll (API version 3944462).
LogModuleManager: Display: Found up-to-date module file ../../../Engine/Plugins/NetcodeUnitTest/NetcodeUnitTest/Binaries/Win64/UE4Editor-NetcodeUnitTest.dll (API version 3944462).
LogModuleManager: Display: Found up-to-date module file ../../../Engine/Plugins/NetcodeUnitTest/NUTUnrealEngine4/Binaries/Win64/UE4Editor-NUTUnrealEngine4.dll (API version 3944462).
LogModuleManager: Display: Found up-to-date module file ../../../Engine/Plugins/Online/OnlineSubsystem/Binaries/Win64/UE4Editor-OnlineSubsystem.dll (API version 3944462).
LogModuleManager: Display: Found up-to-date module file ../../../Engine/Plugins/Runtime/AndroidPermission/Binaries/Win64/UE4Editor-AndroidPermission.dll (API version 3944462).
LogModuleManager: Display: Found up-to-date module file ../../../Engine/Plugins/Online/OnlineSubsystemNull/Binaries/Win64/UE4Editor-OnlineSubsystemNull.dll (API version 3944462).
LogModuleManager: Display: Found up-to-date module file ../../../Engine/Plugins/Online/OnlineSubsystemUtils/Binaries/Win64/UE4Editor-OnlineSubsystemUtils.dll (API version 3944462).
LogModuleManager: Display: Found up-to-date module file ../../../Engine/Plugins/Online/OnlineSubsystemUtils/Binaries/Win64/UE4Editor-OnlineBlueprintSupport.dll (API version 3944462).
LogModuleManager: Display: Found up-to-date module file ../../../Engine/Plugins/Runtime/AndroidDeviceProfileSelector/Binaries/Win64/UE4Editor-AndroidDeviceProfileSelector.dll (API version 3944462).
LogModuleManager: Display: Found up-to-date module file ../../../Engine/Plugins/Runtime/AppleARKit/Binaries/Win64/UE4Editor-AppleARKit.dll (API version 3944462).
LogModuleManager: Display: Found up-to-date module file ../../../Engine/Plugins/Runtime/ProceduralMeshComponent/Binaries/Win64/UE4Editor-ProceduralMeshComponent.dll (API version 3944462).
LogModuleManager: Display: Found up-to-date module file ../../../Engine/Plugins/Runtime/ProceduralMeshComponent/Binaries/Win64/UE4Editor-ProceduralMeshComponentEditor.dll (API version 3944462).
LogModuleManager: Display: Found up-to-date module file ../../../Engine/Plugins/Animation/LiveLink/Binaries/Win64/UE4Editor-LiveLink.dll (API version 3944462).
LogModuleManager: Display: Found up-to-date module file ../../../Engine/Plugins/Animation/LiveLink/Binaries/Win64/UE4Editor-LiveLinkEditor.dll (API version 3944462).
LogModuleManager: Display: Found up-to-date module file ../../../Engine/Plugins/Runtime/ArchVisCharacter/Binaries/Win64/UE4Editor-ArchVisCharacter.dll (API version 3944462).
LogModuleManager: Display: Found up-to-date module file ../../../Engine/Plugins/Runtime/AudioCapture/Binaries/Win64/UE4Editor-AudioCapture.dll (API version 3944462).
LogModuleManager: Display: Found up-to-date module file ../../../Engine/Plugins/Runtime/AudioCapture/Binaries/Win64/UE4Editor-AudioCaptureEditor.dll (API version 3944462).
LogModuleManager: Display: Found up-to-date module file ../../../Engine/Plugins/Runtime/CableComponent/Binaries/Win64/UE4Editor-CableComponent.dll (API version 3944462).
LogModuleManager: Display: Found up-to-date module file ../../../Engine/Plugins/Runtime/CustomMeshComponent/Binaries/Win64/UE4Editor-CustomMeshComponent.dll (API version 3944462).
LogModuleManager: Display: Found up-to-date module file ../../../Engine/Plugins/Runtime/ExampleDeviceProfileSelector/Binaries/Win64/UE4Editor-ExampleDeviceProfileSelector.dll (API version 3944462).
LogModuleManager: Display: Found up-to-date module file ../../../Engine/Plugins/Runtime/ImmediatePhysics/Binaries/Win64/UE4Editor-ImmediatePhysics.dll (API version 3944462).
LogModuleManager: Display: Found up-to-date module file ../../../Engine/Plugins/Runtime/ImmediatePhysics/Binaries/Win64/UE4Editor-ImmediatePhysicsEditor.dll (API version 3944462).
LogModuleManager: Display: Found up-to-date module file ../../../Engine/Plugins/Runtime/LocationServicesBPLibrary/Binaries/Win64/UE4Editor-LocationServicesBPLibrary.dll (API version 3944462).
LogModuleManager: Display: Found up-to-date module file ../../../Engine/Plugins/Runtime/MobilePatchingUtils/Binaries/Win64/UE4Editor-MobilePatchingUtils.dll (API version 3944462).
LogModuleManager: Display: Found up-to-date module file ../../../Engine/Plugins/Runtime/Oculus/OculusVR/Binaries/Win64/UE4Editor-OculusHMD.dll (API version 3944462).
LogModuleManager: Display: Found up-to-date module file ../../../Engine/Plugins/Runtime/Oculus/OculusVR/Binaries/Win64/UE4Editor-OculusInput.dll (API version 3944462).
LogModuleManager: Display: Found up-to-date module file ../../../Engine/Plugins/Runtime/Oculus/OculusVR/Binaries/Win64/UE4Editor-OculusEditor.dll (API version 3944462).
LogModuleManager: Display: Found up-to-date module file ../../../Engine/Plugins/Runtime/PhysXVehicles/Binaries/Win64/UE4Editor-PhysXVehicles.dll (API version 3944462).
LogModuleManager: Display: Found up-to-date module file ../../../Engine/Plugins/Runtime/PhysXVehicles/Binaries/Win64/UE4Editor-PhysXVehiclesEditor.dll (API version 3944462).
LogModuleManager: Display: Found up-to-date module file ../../../Engine/Plugins/Runtime/RuntimePhysXCooking/Binaries/Win64/UE4Editor-RuntimePhysXCooking.dll (API version 3944462).
LogModuleManager: Display: Found up-to-date module file ../../../Engine/Plugins/Runtime/Steam/SteamVR/Binaries/Win64/UE4Editor-SteamVR.dll (API version 3944462).
LogModuleManager: Display: Found up-to-date module file ../../../Engine/Plugins/Runtime/Steam/SteamVR/Binaries/Win64/UE4Editor-SteamVRController.dll (API version 3944462).
LogModuleManager: Display: Found up-to-date module file ../../../Engine/Plugins/Runtime/WindowsMoviePlayer/Binaries/Win64/UE4Editor-WindowsMoviePlayer.dll (API version 3944462).
LogPluginManager: Mounting plugin Paper2D
LogPluginManager: Mounting plugin LiveLink
LogPluginManager: Mounting plugin LightPropagationVolume
LogPluginManager: Mounting plugin CLionSourceCodeAccess
LogPluginManager: Mounting plugin CodeLiteSourceCodeAccess
LogPluginManager: Mounting plugin GitSourceControl
LogPluginManager: Mounting plugin KDevelopSourceCodeAccess
LogPluginManager: Mounting plugin NullSourceCodeAccess
LogPluginManager: Mounting plugin PerforceSourceControl
LogPluginManager: Mounting plugin SubversionSourceControl
LogPluginManager: Mounting plugin UObjectPlugin
LogPluginManager: Mounting plugin VisualStudioCodeSourceCodeAccess
LogPluginManager: Mounting plugin VisualStudioSourceCodeAccess
LogPluginManager: Mounting plugin XCodeSourceCodeAccess
LogPluginManager: Mounting plugin AssetManagerEditor
LogPluginManager: Mounting plugin CryptoKeys
LogPluginManager: Mounting plugin DataValidation
LogPluginManager: Mounting plugin FacialAnimation
LogPluginManager: Mounting plugin GameplayTagsEditor
LogPluginManager: Mounting plugin MobileLauncherProfileWizard
LogPluginManager: Mounting plugin PluginBrowser
LogPluginManager: Mounting plugin SpeedTreeImporter
LogPluginManager: Mounting plugin DatasmithContent
LogPluginManager: Mounting plugin AlembicImporter
LogPluginManager: Mounting plugin CharacterAI
LogPluginManager: Mounting plugin HTML5Networking
LogPluginManager: Mounting plugin AndroidMedia
LogPluginManager: Mounting plugin AvfMedia
LogPluginManager: Mounting plugin ImgMedia
LogPluginManager: Mounting plugin LinearTimecode
LogPluginManager: Mounting plugin MediaCompositing
LogPluginManager: Mounting plugin MediaPlayerEditor
LogPluginManager: Mounting plugin WmfMedia
LogPluginManager: Mounting plugin TcpMessaging
LogPluginManager: Mounting plugin UdpMessaging
LogPluginManager: Mounting plugin ActorSequence
LogPluginManager: Mounting plugin LevelSequenceEditor
LogPluginManager: Mounting plugin MatineeToLevelSequence
LogPluginManager: Mounting plugin NetcodeUnitTest
LogPluginManager: Mounting plugin NUTUnrealEngine4
LogPluginManager: Mounting plugin OnlineSubsystemGooglePlay
LogPluginManager: Mounting plugin OnlineSubsystemIOS
LogPluginManager: Mounting plugin OnlineSubsystem
LogPluginManager: Mounting plugin OnlineSubsystemNull
LogPluginManager: Mounting plugin OnlineSubsystemUtils
LogPluginManager: Mounting plugin AndroidDeviceProfileSelector
LogPluginManager: Mounting plugin AndroidMoviePlayer
LogPluginManager: Mounting plugin AndroidPermission
LogPluginManager: Mounting plugin AppleARKit
LogPluginManager: Mounting plugin AppleMoviePlayer
LogPluginManager: Mounting plugin ArchVisCharacter
LogPluginManager: Mounting plugin AudioCapture
LogPluginManager: Mounting plugin CableComponent
LogPluginManager: Mounting plugin CustomMeshComponent
LogPluginManager: Mounting plugin ExampleDeviceProfileSelector
LogPluginManager: Mounting plugin GoogleCloudMessaging
LogPluginManager: Mounting plugin ImmediatePhysics
LogPluginManager: Mounting plugin IOSDeviceProfileSelector
LogPluginManager: Mounting plugin LinuxDeviceProfileSelector
LogPluginManager: Mounting plugin LocationServicesBPLibrary
LogPluginManager: Mounting plugin MobilePatchingUtils
LogPluginManager: Mounting plugin OculusVR
LogPluginManager: Plugin shader directory ../../../Engine/Plugins/Runtime/Oculus/OculusVR/Shaders found
LogPluginManager: Mapping shader source directory ../../../Engine/Plugins/Runtime/Oculus/OculusVR/Shaders to virtual directory /Plugin/OculusVR
LogPluginManager: Mounting plugin PhysXVehicles
LogPluginManager: Mounting plugin ProceduralMeshComponent
LogPluginManager: Mounting plugin RuntimePhysXCooking
LogPluginManager: Mounting plugin SteamVR
LogPluginManager: Mounting plugin WindowsMoviePlayer
LogStreaming: Display: Took  0.845s to configure plugins.
LogInit: Using libcurl 7.47.1
LogInit:  - built for x86_64-pc-win32
LogInit:  - supports SSL with OpenSSL/1.0.2g
LogInit:  - supports HTTP deflate (compression) using libz 1.2.8
LogInit:  - other features:
LogInit:      CURL_VERSION_SSL
LogInit:      CURL_VERSION_LIBZ
LogInit:      CURL_VERSION_IPV6
LogInit:      CURL_VERSION_ASYNCHDNS
LogInit:      CURL_VERSION_LARGEFILE
LogInit:      CURL_VERSION_IDN
LogInit:  CurlRequestOptions (configurable via config and command line):
LogInit:  - bVerifyPeer = false  - Libcurl will NOT verify peer certificate
LogInit:  - bUseHttpProxy = false  - Libcurl will NOT use HTTP proxy
LogInit:  - bDontReuseConnections = false  - Libcurl will reuse connections
LogInit:  - CertBundlePath = nullptr  - Libcurl will use whatever was configured at build time.
LogInit:  - MaxHostConnections = 16  - Libcurl will limit the number of connections to a host
LogInit:  - LocalHostAddr = Default
LogInit: WinSock: version 1.1 (2.2), MaxSocks=32767, MaxUdp=65467
LogInit: WinSock: I am labsoft02 (143.107.102.32:0)
LogInit: Build: ++UE4+Release-4.19-CL-3944462
LogInit: Engine Version: 4.19.0-3944462+++UE4+Release-4.19
LogInit: Compatible Engine Version: 4.19.0-3944462+++UE4+Release-4.19
LogInit: Net CL: 3944462
LogDevObjectVersion: Number of dev versions registered: 18
LogDevObjectVersion:   Dev-Blueprints (B0D832E4-1F89-4F0D-ACCF-7EB736FD4AA2): 10
LogDevObjectVersion:   Dev-Build (E1C64328-A22C-4D53-A36C-8E866417BD8C): 0
LogDevObjectVersion:   Dev-Core (375EC13C-06E4-48FB-B500-84F0262A717E): 2
LogDevObjectVersion:   Dev-Editor (E4B068ED-F494-42E9-A231-DA0B2E46BB41): 23
LogDevObjectVersion:   Dev-Framework (CFFC743F-43B0-4480-9391-14DF171D2073): 33
LogDevObjectVersion:   Dev-Mobile (B02B49B5-BB20-44E9-A304-32B752E40360): 2
LogDevObjectVersion:   Dev-Networking (A4E4105C-59A1-49B5-A7C5-40C4547EDFEE): 0
LogDevObjectVersion:   Dev-Online (39C831C9-5AE6-47DC-9A44-9C173E1C8E7C): 0
LogDevObjectVersion:   Dev-Physics (78F01B33-EBEA-4F98-B9B4-84EACCB95AA2): 0
LogDevObjectVersion:   Dev-Platform (6631380F-2D4D-43E0-8009-CF276956A95A): 0
LogDevObjectVersion:   Dev-Rendering (12F88B9F-8875-4AFC-A67C-D90C383ABD29): 25
LogDevObjectVersion:   Dev-Sequencer (7B5AE74C-D270-4C10-A958-57980B212A5A): 6
LogDevObjectVersion:   Dev-VR (D7296918-1DD6-4BDD-9DE2-64A83CC13884): 1
LogDevObjectVersion:   Dev-LoadTimes (C2A15278-BFE7-4AFE-6C17-90FF531DF755): 1
LogDevObjectVersion:   Private-Geometry (6EACA3D4-40EC-4CC1-B786-8BED09428FC5): 2
LogDevObjectVersion:   Dev-AnimPhys (29E575DD-E0A3-4627-9D10-D276232CDCEA): 16
LogDevObjectVersion:   Dev-ReflectionCapture (6B266CEC-1EC7-4B8F-A30B-E4D90942FC07): 1
LogDevObjectVersion:   Dev-Automation (0DF73D61-A23F-47EA-B727-89E90C41499A): 1
LogInit: Compiled (64-bit): Mar 13 2018 23:12:32
LogInit: Compiled with Visual C++: 19.00.24215.01
LogInit: Build Configuration: Development
LogInit: Branch Name: ++UE4+Release-4.19
LogInit: Command Line: -EpicPortal 
LogInit: Base Directory: C:/Program Files/Epic Games/UE_4.19/Engine/Binaries/Win64/
LogInit: Installed Engine Build: 1
LogStreaming: Display: Took  0.005s to delete old logs.
LogInit: Presizing for max 8388607 objects, including 0 objects not considered by GC, pre-allocating 0 bytes for permanent pool.
LogInit: Object subsystem initialized
[2018.06.14-22.19.14:357][  0]LogInit: Selected Device Profile: [Windows]
[2018.06.14-22.19.14:357][  0]LogInit: Applying CVar settings loaded from the selected device profile: [Windows]
[2018.06.14-22.19.14:364][  0]LogInit: Computer: LABSOFT02
[2018.06.14-22.19.14:364][  0]LogInit: User: aluno
[2018.06.14-22.19.14:364][  0]LogInit: CPU Page size=4096, Cores=4
[2018.06.14-22.19.14:364][  0]LogInit: High frequency timer resolution =3.421870 MHz
[2018.06.14-22.19.14:364][  0]LogMemory: Memory total: Physical=7.9GB (8GB approx)
[2018.06.14-22.19.14:364][  0]LogMemory: Platform Memory Stats for Windows
[2018.06.14-22.19.14:364][  0]LogMemory: Process Physical Memory: 272.97 MB used, 272.97 MB peak
[2018.06.14-22.19.14:364][  0]LogMemory: Process Virtual Memory: 273.94 MB used, 273.94 MB peak
[2018.06.14-22.19.14:364][  0]LogMemory: Physical Memory: 4094.56 MB used,  4016.34 MB free, 8110.90 MB total
[2018.06.14-22.19.14:364][  0]LogMemory: Virtual Memory: 4787.98 MB used,  4016.34 MB free, 134217728.00 MB total
[2018.06.14-22.19.14:377][  0]LogInit: Using OS detected language (en-US).
[2018.06.14-22.19.14:377][  0]LogInit: Using OS detected locale (pt-BR).
[2018.06.14-22.19.14:379][  0]LogTextLocalizationManager: No specific localization for 'en-US' exists, so the 'en' localization will be used.
[2018.06.14-22.19.14:806][  0]LogStreaming: Display: Took  0.429s to EndInitTextLocalization.
[2018.06.14-22.19.14:807][  0]LogInit: Setting process to per monitor DPI aware
[2018.06.14-22.19.14:834][  0]LogSlate: New Slate User Created.  User Index 0, Is Virtual User: 0
[2018.06.14-22.19.14:834][  0]LogSlate: Slate User Registered.  User Index 0, Is Virtual User: 0
[2018.06.14-22.19.14:967][  0]LogD3D11RHI: D3D11 adapters:
[2018.06.14-22.19.14:981][  0]LogD3D11RHI:    0. 'Intel(R) HD Graphics 630' (Feature Level 11_0)
[2018.06.14-22.19.14:981][  0]LogD3D11RHI:       128/0/4055 MB DedicatedVideo/DedicatedSystem/SharedSystem, Outputs:1, VendorId:0x8086
[2018.06.14-22.19.14:982][  0]LogD3D11RHI:    1. 'Microsoft Basic Render Driver' (Feature Level 11_0)
[2018.06.14-22.19.14:982][  0]LogD3D11RHI:       0/0/4055 MB DedicatedVideo/DedicatedSystem/SharedSystem, Outputs:0, VendorId:0x1414
[2018.06.14-22.19.14:982][  0]LogD3D11RHI: Chosen D3D11 Adapter: 0
[2018.06.14-22.19.14:986][  0]LogD3D11RHI: Creating new Direct3DDevice
[2018.06.14-22.19.14:986][  0]LogD3D11RHI:     GPU DeviceId: 0x5912 (for the marketing name, search the web for "GPU Device Id")
[2018.06.14-22.19.14:986][  0]LogWindows: EnumDisplayDevices:
[2018.06.14-22.19.14:986][  0]LogWindows:    0. 'Intel(R) HD Graphics 630' (P:1 D:1)
[2018.06.14-22.19.14:987][  0]LogWindows:    1. 'Intel(R) HD Graphics 630' (P:0 D:0)
[2018.06.14-22.19.14:987][  0]LogWindows:    2. 'Intel(R) HD Graphics 630' (P:0 D:0)
[2018.06.14-22.19.14:987][  0]LogWindows: DebugString: GetVideoDriverDetailsInvalid PrimaryIsNotTheChoosenAdapter GetVideoDriverDetailsInvalid PrimaryIsNotTheChoosenAdapter GetVideoDriverDetailsInvalid PrimaryIsNotTheChoosenAdapter FoundDriverCount:0 
[2018.06.14-22.19.14:987][  0]LogD3D11RHI:     Adapter Name: Intel(R) HD Graphics 630
[2018.06.14-22.19.14:987][  0]LogD3D11RHI:   Driver Version: Unknown (internal:Unknown, unified:Unknown)
[2018.06.14-22.19.14:987][  0]LogD3D11RHI:      Driver Date: Unknown
[2018.06.14-22.19.14:987][  0]LogRHI: Texture pool is 1509 MB (70% of 2155 MB)
[2018.06.14-22.19.14:997][  0]LogD3D11RHI: Async texture creation enabled
[2018.06.14-22.19.15:002][  0]LogD3D11RHI: GPU Timing Frequency: 12.000048 (Debug: 2 0)
[2018.06.14-22.19.15:003][  0]LogShaderCompilers: Guid format shader working directory is -10 characters bigger than the processId version (../../../../../../Users/aluno/Documents/GitHub/Rafa-game/Intermediate/Shaders/WorkingDirectory/6312/).
[2018.06.14-22.19.15:003][  0]LogShaderCompilers: Cleaned the shader compiler working directory 'C:/Users/aluno/AppData/Local/Temp/UnrealShaderWorkingDir/264842E244CF8547C717A2A1F8CE3EAE/'.
[2018.06.14-22.19.15:176][  0]LogTemp: Display: Loaded TP AllDesktopTargetPlatform
[2018.06.14-22.19.15:187][  0]LogTemp: Display: Loaded TP MacClientTargetPlatform
[2018.06.14-22.19.15:198][  0]LogTemp: Display: Loaded TP MacNoEditorTargetPlatform
[2018.06.14-22.19.15:210][  0]LogTemp: Display: Loaded TP MacServerTargetPlatform
[2018.06.14-22.19.15:220][  0]LogTemp: Display: Loaded TP MacTargetPlatform
[2018.06.14-22.19.15:231][  0]LogTemp: Display: Loaded TP WindowsClientTargetPlatform
[2018.06.14-22.19.15:243][  0]LogTemp: Display: Loaded TP WindowsNoEditorTargetPlatform
[2018.06.14-22.19.15:253][  0]LogTemp: Display: Loaded TP WindowsServerTargetPlatform
[2018.06.14-22.19.15:259][  0]LogTemp: Display: Loaded TP WindowsTargetPlatform
[2018.06.14-22.19.15:268][  0]LogTemp: Display: Loaded TP Android_ASTCTargetPlatform
[2018.06.14-22.19.15:278][  0]LogTemp: Display: Loaded TP Android_ATCTargetPlatform
[2018.06.14-22.19.15:287][  0]LogTemp: Display: Loaded TP Android_DXTTargetPlatform
[2018.06.14-22.19.15:297][  0]LogTemp: Display: Loaded TP Android_ETC1aTargetPlatform
[2018.06.14-22.19.15:307][  0]LogTemp: Display: Loaded TP Android_ETC1TargetPlatform
[2018.06.14-22.19.15:316][  0]LogTemp: Display: Loaded TP Android_ETC2TargetPlatform
[2018.06.14-22.19.15:335][  0]LogTemp: Display: Loaded TP Android_MultiTargetPlatform
[2018.06.14-22.19.15:335][  0]LogTemp: Display: Loaded TP Android_PVRTCTargetPlatform
[2018.06.14-22.19.15:345][  0]LogTemp: Display: Loaded TP AndroidTargetPlatform
[2018.06.14-22.19.15:346][  0]LogTemp: Display: Loaded TP HTML5TargetPlatform
[2018.06.14-22.19.15:379][  0]LogTemp: Display: Loaded TP IOSTargetPlatform
[2018.06.14-22.19.15:388][  0]LogTemp: Display: Loaded TP TVOSTargetPlatform
[2018.06.14-22.19.15:398][  0]LogTemp: Display: Loaded TP LinuxClientTargetPlatform
[2018.06.14-22.19.15:408][  0]LogTemp: Display: Loaded TP LinuxNoEditorTargetPlatform
[2018.06.14-22.19.15:417][  0]LogTemp: Display: Loaded TP LinuxServerTargetPlatform
[2018.06.14-22.19.15:427][  0]LogTemp: Display: Loaded TP LinuxTargetPlatform
[2018.06.14-22.19.15:427][  0]LogTargetPlatformManager: Display: Building Assets For Windows
[2018.06.14-22.19.15:511][  0]LogXGEController: Cannot use XGE Controller as Incredibuild is not installed on this machine.
[2018.06.14-22.19.15:511][  0]LogShaderCompilers: Cannot use XGE Shader Compiler as Incredibuild is not installed on this machine.
[2018.06.14-22.19.15:511][  0]LogShaderCompilers: Display: Using Local Shader Compiler.
[2018.06.14-22.19.16:083][  0]LogDerivedDataCache: Display: Max Cache Size: 512 MB
[2018.06.14-22.19.16:216][  0]LogDerivedDataCache: Loaded boot cache 0.13s 74MB C:/Users/aluno/AppData/Local/UnrealEngine/4.19/DerivedDataCache/Boot.ddc.
[2018.06.14-22.19.16:216][  0]LogDerivedDataCache: Display: Loaded Boot cache: C:/Users/aluno/AppData/Local/UnrealEngine/4.19/DerivedDataCache/Boot.ddc
[2018.06.14-22.19.16:217][  0]LogDerivedDataCache: FDerivedDataBackendGraph:  Pak pak cache file ../../../../../../Users/aluno/Documents/GitHub/Rafa-game/DerivedDataCache/DDC.ddp not found, will not use a pak cache.
[2018.06.14-22.19.16:217][  0]LogDerivedDataCache: Unable to find inner node Pak for hierarchical cache Hierarchy.
[2018.06.14-22.19.16:217][  0]LogDerivedDataCache: FDerivedDataBackendGraph:  CompressedPak pak cache file ../../../../../../Users/aluno/Documents/GitHub/Rafa-game/DerivedDataCache/Compressed.ddp not found, will not use a pak cache.
[2018.06.14-22.19.16:217][  0]LogDerivedDataCache: Unable to find inner node CompressedPak for hierarchical cache Hierarchy.
[2018.06.14-22.19.16:236][  0]LogDerivedDataCache: Display: Pak cache opened for reading ../../../Engine/DerivedDataCache/Compressed.ddp.
[2018.06.14-22.19.16:250][  0]LogDerivedDataCache: Using Local data cache path C:/Users/aluno/AppData/Local/UnrealEngine/Common/DerivedDataCache: Writable
[2018.06.14-22.19.16:263][  0]LogMaterial: Verifying Global Shaders for PCD3D_SM5
[2018.06.14-22.19.16:263][  0]LogSlate: Using Freetype 2.6.0
[2018.06.14-22.19.16:264][  0]LogSlate: SlateFontCache - WITH_FREETYPE: 1, WITH_HARFBUZZ: 1
[2018.06.14-22.19.16:264][  0]LogSlate: SlateFontCache - WITH_FREETYPE: 1, WITH_HARFBUZZ: 1
[2018.06.14-22.19.16:361][  0]LogAssetRegistry: FAssetRegistry took 0.0262 seconds to start up
[2018.06.14-22.19.16:632][  0]LogInit: Selected Device Profile: [Windows]
[2018.06.14-22.19.16:758][  0]LogSimplygon: Simplygon DLL not present - disabling.
[2018.06.14-22.19.16:762][  0]LogMeshReduction: Using SimplygonSwarm for distributed automatic mesh merging
[2018.06.14-22.19.16:762][  0]LogMeshReduction: Using QuadricMeshReduction for automatic static mesh reduction
[2018.06.14-22.19.16:762][  0]LogMeshReduction: No automatic skeletal mesh reduction module available
[2018.06.14-22.19.16:762][  0]LogMeshReduction: No automatic mesh merging module available
[2018.06.14-22.19.16:762][  0]LogMeshMerging: No automatic mesh merging module available
[2018.06.14-22.19.16:786][  0]LogNetVersion: RafaGirafa , NetCL: 3944462, EngineNetVer: 2, GameNetVer: 0 (Checksum: 2121433062)
[2018.06.14-22.19.17:187][  0]LogPackageLocalizationCache: Processed 9 localized package path(s) for 2 prioritized culture(s) in 0.054866 seconds
[2018.06.14-22.19.17:195][  0]LogUObjectArray: 36728 objects as part of root set at end of initial load.
[2018.06.14-22.19.17:195][  0]LogUObjectAllocator: 7314312 out of 0 bytes used by permanent object pool.
[2018.06.14-22.19.17:195][  0]LogUObjectArray: CloseDisregardForGC: 0/0 objects in disregard for GC pool
[2018.06.14-22.19.18:200][  0]LogWmfMedia: Failed to load mf.dll
[2018.06.14-22.19.18:200][  0]LogWmfMedia: Failed to load required Windows Media Foundation libraries
[2018.06.14-22.19.18:215][  0]LogWindowsMoviePlayer: Could not load mf.dll. Library not found.
[2018.06.14-22.19.18:215][  0]LogWindowsMoviePlayer: Could not load mfplat.dll. Library not found.
[2018.06.14-22.19.18:216][  0]LogWindowsMoviePlayer: Could not load mfplay.dll. Library not found.
[2018.06.14-22.19.18:534][  0]LogTcpMessaging: Initializing TcpMessaging bridge
[2018.06.14-22.19.18:559][  0]LogUdpMessaging: Initializing bridge on interface 0.0.0.0:0 to multicast group 230.0.0.1:6666.
[2018.06.14-22.19.18:826][  0]SourceControl: Source control is disabled
[2018.06.14-22.19.18:826][  0]SourceControl: Source control is disabled
[2018.06.14-22.19.18:838][  0]SourceControl: Source control is disabled
[2018.06.14-22.19.18:851][  0]SourceControl: Source control is disabled
[2018.06.14-22.19.19:221][  0]LogAndroidPermission: UAndroidPermissionCallbackProxy::GetInstance
[2018.06.14-22.19.19:328][  0]LogOcInput: OculusInput pre-init called
[2018.06.14-22.19.19:415][  0]LogEngine: Initializing Engine...
[2018.06.14-22.19.19:416][  0]LogHMD: Failed to initialize OpenVR with code 110
[2018.06.14-22.19.19:417][  0]LogStats: UGameplayTagsManager::ConstructGameplayTagTree: Construct from data asset -  0.000 s
[2018.06.14-22.19.19:417][  0]LogStats: UGameplayTagsManager::ConstructGameplayTagTree: GameplayTagTreeChangedEvent.Broadcast -  0.000 s
[2018.06.14-22.19.19:640][  0]LogAIModule: Creating AISystem for world Untitled
[2018.06.14-22.19.19:661][  0]LogInit: XAudio2 using 'Realtek Digital Output (Realtek High Definition Audio)' : 2 channels at 48 kHz using 16 bits per sample (channel mask 0x3)
[2018.06.14-22.19.19:701][  0]LogInit: FAudioDevice initialized.
[2018.06.14-22.19.19:787][  0]LogDerivedDataCache: Saved boot cache 0.09s 74MB C:/Users/aluno/AppData/Local/UnrealEngine/4.19/DerivedDataCache/Boot.ddc.
[2018.06.14-22.19.19:792][  0]LogInit: Texture streaming: Enabled
[2018.06.14-22.19.19:806][  0]LogEngineSessionManager: EngineSessionManager initialized
[2018.06.14-22.19.19:817][  0]LogInit: Transaction tracking system initialized
[2018.06.14-22.19.19:835][  0]BlueprintLog: New page: Editor Load
[2018.06.14-22.19.19:898][  0]LocalizationService: Localization service is disabled
[2018.06.14-22.19.19:975][  0]LogConsoleResponse: Display: 
[2018.06.14-22.19.20:135][  0]LogCook: Display: Max memory allowance for cook 16384mb min free memory 0mb
[2018.06.14-22.19.20:135][  0]LogCook: Display: Mobile HDR setting 1
[2018.06.14-22.19.20:135][  0]LogGameplayTags: Display: UGameplayTagsManager::DoneAddingNativeTags. DelegateIsBound: 0
[2018.06.14-22.19.20:135][  0]LogStats: UGameplayTagsManager::ConstructGameplayTagTree: Construct from data asset -  0.000 s
[2018.06.14-22.19.20:135][  0]LogStats: UGameplayTagsManager::ConstructGameplayTagTree: GameplayTagTreeChangedEvent.Broadcast -  0.000 s
[2018.06.14-22.19.20:422][  0]LogFileCache: Scanning file cache for directory 'C:/Users/aluno/Documents/GitHub/Rafa-game/Content/' took 0.01s
[2018.06.14-22.19.20:422][  0]SourceControl: Source control is disabled
[2018.06.14-22.19.20:422][  0]Cmd: MAP LOAD FILE="../../../../../../Users/aluno/Documents/GitHub/Rafa-game/Content/ThirdPersonBP/Maps/ThirdPersonExampleMap.umap" TEMPLATE=0 SHOWPROGRESS=1 FEATURELEVEL=3
[2018.06.14-22.19.20:423][  0]LightingResults: New page: Lighting Build
[2018.06.14-22.19.20:425][  0]MapCheck: New page: Map Check
[2018.06.14-22.19.20:425][  0]LightingResults: New page: Lighting Build
[2018.06.14-22.19.20:721][  0]LogMaterial: Missing cached shader map for material lambert1, compiling. 
[2018.06.14-22.19.20:748][  0]LogStaticMesh: Building static mesh rafa_girafa_pCube1...
[2018.06.14-22.19.20:791][  0]LogShaderCompilers: Display: Shaders left to compile 22
[2018.06.14-22.19.20:791][  0]LogShaderCompilers: Display: Shaders left to compile 12
[2018.06.14-22.19.20:791][  0]LogShaderCompilers: Display: Shaders left to compile 2
[2018.06.14-22.19.20:791][  0]LogStaticMesh: Built static mesh [0.04s] /Game/Mannequin/Character/rafa_girafa_pCube1.rafa_girafa_pCube1
[2018.06.14-22.19.20:877][  0]LogStaticMesh: Building static mesh maca_verde...
[2018.06.14-22.19.20:889][  0]LogStaticMesh: Built static mesh [0.01s] /Game/arvores/maca_verde.maca_verde
[2018.06.14-22.19.20:891][  0]LogMaterial: Missing cached shader map for material lambert4, compiling. 
[2018.06.14-22.19.21:010][  0]LogSkeletalMesh: Skeletal Mesh found in DDC [17.506510ms] /Game/Mannequin/Character/Mesh/SK_Mannequin.SK_Mannequin
[2018.06.14-22.19.21:033][  0]LogAIModule: Creating AISystem for world ThirdPersonExampleMap
[2018.06.14-22.19.21:060][  0]LogEditorServer: Finished looking for orphan Actors (0.000 secs)
[2018.06.14-22.19.21:075][  0]Cmd: MAP CHECKDEP NOCLEARLOG
[2018.06.14-22.19.21:118][  0]MapCheck: Map check complete: 0 Error(s), 0 Warning(s), took 42,584ms to complete.
[2018.06.14-22.19.21:118][  0]LogFileHelpers: Loading map 'ThirdPersonExampleMap' took 0.695
[2018.06.14-22.19.21:269][  0]LogCollectionManager: Loaded 0 collections in 0.002164 seconds
[2018.06.14-22.19.22:196][  0]LogFileCache: Scanning file cache for directory 'C:/Users/aluno/Documents/GitHub/Rafa-game/Saved/Collections/' took 0.01s
[2018.06.14-22.19.22:196][  0]LogFileCache: Scanning file cache for directory 'C:/Users/aluno/Documents/GitHub/Rafa-game/Content/Developers/aluno/Collections/' took 0.01s
[2018.06.14-22.19.22:196][  0]LogFileCache: Scanning file cache for directory 'C:/Users/aluno/Documents/GitHub/Rafa-game/Content/Collections/' took 0.01s
[2018.06.14-22.19.22:196][  0]LogCollectionManager: Rebuilt the GUID cache for 0 collections in 0.000001 seconds
[2018.06.14-22.19.22:209][  0]LogContentBrowser: Native class hierarchy populated in 0.0116 seconds. Added 2452 classes and 558 folders.
[2018.06.14-22.19.22:223][  0]LogContentBrowser: Native class hierarchy updated for 'WidgetCarousel' in 0.0003 seconds. Added 0 classes and 0 folders.
[2018.06.14-22.19.22:346][  0]LogContentBrowser: Native class hierarchy updated for 'AddContentDialog' in 0.0002 seconds. Added 0 classes and 0 folders.
[2018.06.14-22.19.22:359][  0]LogContentBrowser: Native class hierarchy updated for 'SceneOutliner' in 0.0003 seconds. Added 1 classes and 2 folders.
[2018.06.14-22.19.22:415][  0]LogSlate: Took 0.000155 seconds to synchronously load lazily loaded font '../../../Engine/Content/Slate/Fonts/Roboto-Regular.ttf' (155K)
[2018.06.14-22.19.22:416][  0]LogSlate: Took 0.000136 seconds to synchronously load lazily loaded font '../../../Engine/Content/Slate/Fonts/Roboto-Bold.ttf' (160K)
[2018.06.14-22.19.22:427][  0]LogSlate: Took 0.001659 seconds to synchronously load lazily loaded font '../../../Engine/Content/Editor/Slate/Fonts/FontAwesome.ttf' (139K)
[2018.06.14-22.19.22:553][  0]LogShaderCompilers: Display: Shaders left to compile 22
[2018.06.14-22.19.22:553][  0]LogRenderer: Reallocating scene render targets to support 904x456 Format 10 NumSamples 1 (Frame:1).
[2018.06.14-22.19.24:406][  0]LogShaderCompilers: Display: Shaders left to compile 12
[2018.06.14-22.19.24:406][  0]LogShaderCompilers: Display: Shaders left to compile 2
[2018.06.14-22.19.24:406][  0]LogSlate: FSceneViewport::OnFocusLost() reason 2
[2018.06.14-22.19.24:434][  0]LogSlate: Window 'Tutorials' being destroyed
[2018.06.14-22.19.24:465][  0]LogContentBrowser: Native class hierarchy updated for 'HierarchicalLODOutliner' in 0.0002 seconds. Added 0 classes and 0 folders.
[2018.06.14-22.19.24:466][  0]LogLoad: (Engine Initialization) Total time: 12.08 seconds
[2018.06.14-22.19.24:466][  0]LogLoad: (Engine Initialization) Total Blueprint compile time: 0.00 seconds
[2018.06.14-22.19.24:475][  0]LogWindowsTextInputMethodSystem: Display: IME system now deactivated.
[2018.06.14-22.19.24:507][  0]LogContentStreaming: Texture pool size now 1000 MB
[2018.06.14-22.19.24:539][  0]LogSlate: Took 0.001478 seconds to synchronously load lazily loaded font '../../../Engine/Content/Slate/Fonts/Roboto-Light.ttf' (167K)
[2018.06.14-22.19.24:548][  1]LogFileCache: Retrieving MD5 hashes for directory 'C:/Users/aluno/Documents/GitHub/Rafa-game/Content/' took 0.06s
[2018.06.14-22.19.24:564][  1]LogAssetRegistry: Asset discovery search completed in 8.2256 seconds
[2018.06.14-22.19.24:566][  1]LogCollectionManager: Rebuilt the object cache for 0 collections in 0.000000 seconds (found 0 objects)
[2018.06.14-22.19.24:566][  1]LogCollectionManager: Fixed up redirectors for 0 collections in 0.000051 seconds (updated 0 objects)
[2018.06.14-22.19.25:590][ 10]LogSlate: Took 0.000191 seconds to synchronously load lazily loaded font '../../../Engine/Content/Slate/Fonts/Roboto-Light.ttf' (167K)
[2018.06.14-22.19.36:304][378]LogSlate: FSceneViewport::OnFocusLost() reason 0
[2018.06.14-22.19.37:343][412]LogTemp: Repeating last play command: Selected Viewport
[2018.06.14-22.19.37:354][412]LogBlueprintUserMessages: Early PlayInEditor Detection: Level '/Game/ThirdPersonBP/Maps/ThirdPersonExampleMap.ThirdPersonExampleMap:PersistentLevel' has LevelScriptBlueprint '/Game/ThirdPersonBP/Maps/ThirdPersonExampleMap.ThirdPersonExampleMap:PersistentLevel.ThirdPersonExampleMap' with GeneratedClass '/Game/ThirdPersonBP/Maps/ThirdPersonExampleMap.ThirdPersonExampleMap_C' with ClassGeneratedBy '/Game/ThirdPersonBP/Maps/ThirdPersonExampleMap.ThirdPersonExampleMap:PersistentLevel.ThirdPersonExampleMap'
[2018.06.14-22.19.37:355][412]LogPlayLevel: PlayLevel: No blueprints needed recompiling
[2018.06.14-22.19.37:358][412]PIE: New page: PIE session: ThirdPersonExampleMap (14/06/2018 16:19:37)
[2018.06.14-22.19.37:358][412]LogPlayLevel: Creating play world package: /Game/ThirdPersonBP/Maps/UEDPIE_0_ThirdPersonExampleMap
[2018.06.14-22.19.37:389][412]LogPlayLevel: PIE: StaticDuplicateObject took: (0.030818s)
[2018.06.14-22.19.37:390][412]LogAIModule: Creating AISystem for world ThirdPersonExampleMap
[2018.06.14-22.19.37:391][412]LogPlayLevel: PIE: World Init took: (0.001578s)
[2018.06.14-22.19.37:391][412]LogPlayLevel: PIE: Created PIE world by copying editor world from /Game/ThirdPersonBP/Maps/ThirdPersonExampleMap.ThirdPersonExampleMap to /Game/ThirdPersonBP/Maps/UEDPIE_0_ThirdPersonExampleMap.ThirdPersonExampleMap (0.032821s)
[2018.06.14-22.19.37:405][412]LogInit: XAudio2 using 'Realtek Digital Output (Realtek High Definition Audio)' : 2 channels at 48 kHz using 16 bits per sample (channel mask 0x3)
[2018.06.14-22.19.37:419][412]LogInit: FAudioDevice initialized.
[2018.06.14-22.19.37:468][412]LogLoad: Game class is 'ThirdPersonGameMode_C'
[2018.06.14-22.19.37:472][412]LogWorld: Bringing World /Game/ThirdPersonBP/Maps/UEDPIE_0_ThirdPersonExampleMap.ThirdPersonExampleMap up for play (max tick rate 0) at 2018.06.14-19.19.37
[2018.06.14-22.19.37:474][412]LogWorld: Bringing up level for play took: 0.004647
[2018.06.14-22.19.37:483][412]LogContentBrowser: Native class hierarchy updated for 'MovieSceneCapture' in 0.0002 seconds. Added 11 classes and 0 folders.
[2018.06.14-22.19.37:489][412]PIE: Play in editor start time for /Game/ThirdPersonBP/Maps/UEDPIE_0_ThirdPersonExampleMap 0,974
[2018.06.14-22.19.37:490][412]LogBlueprintUserMessages: Late PlayInEditor Detection: Level '/Game/ThirdPersonBP/Maps/ThirdPersonExampleMap.ThirdPersonExampleMap:PersistentLevel' has LevelScriptBlueprint '/Game/ThirdPersonBP/Maps/ThirdPersonExampleMap.ThirdPersonExampleMap:PersistentLevel.ThirdPersonExampleMap' with GeneratedClass '/Game/ThirdPersonBP/Maps/ThirdPersonExampleMap.ThirdPersonExampleMap_C' with ClassGeneratedBy '/Game/ThirdPersonBP/Maps/ThirdPersonExampleMap.ThirdPersonExampleMap:PersistentLevel.ThirdPersonExampleMap'
[2018.06.14-22.19.43:986][631]LogBlueprintUserMessages: [ThirdPersonCharacter_167] 1
[2018.06.14-22.19.43:986][631]LogBlueprintUserMessages: [apple-certa2_6264] *choc*
[2018.06.14-22.19.44:334][643]LogBlueprintUserMessages: [ThirdPersonCharacter_167] 2
[2018.06.14-22.19.44:334][643]LogBlueprintUserMessages: [apple-certa6_6627] *choc*
[2018.06.14-22.19.44:901][662]LogBlueprintUserMessages: [ThirdPersonCharacter_167] 3
[2018.06.14-22.19.44:901][662]LogBlueprintUserMessages: [apple-certa11_7183] *choc*
[2018.06.14-22.19.48:941][805]LogBlueprintUserMessages: [ThirdPersonCharacter_167] 4
[2018.06.14-22.19.48:942][805]LogBlueprintUserMessages: [apple-certa6_6627] *choc*
[2018.06.14-22.19.49:255][816]LogBlueprintUserMessages: [ThirdPersonCharacter_167] 5
[2018.06.14-22.19.49:255][816]LogBlueprintUserMessages: [apple-certa9_6950] *choc*
[2018.06.14-22.19.50:108][846]LogBlueprintUserMessages: [ThirdPersonCharacter_167] 6
[2018.06.14-22.19.50:108][846]LogBlueprintUserMessages: [apple-certa6_6627] *choc*
[2018.06.14-22.19.54:013][986]LogBlueprintUserMessages: Early EndPlayMap Detection: Level '/Game/ThirdPersonBP/Maps/ThirdPersonExampleMap.ThirdPersonExampleMap:PersistentLevel' has LevelScriptBlueprint '/Game/ThirdPersonBP/Maps/ThirdPersonExampleMap.ThirdPersonExampleMap:PersistentLevel.ThirdPersonExampleMap' with GeneratedClass '/Game/ThirdPersonBP/Maps/ThirdPersonExampleMap.ThirdPersonExampleMap_C' with ClassGeneratedBy '/Game/ThirdPersonBP/Maps/ThirdPersonExampleMap.ThirdPersonExampleMap:PersistentLevel.ThirdPersonExampleMap'
[2018.06.14-22.19.54:073][986]LogBlueprintUserMessages: Late EndPlayMap Detection: Level '/Game/ThirdPersonBP/Maps/ThirdPersonExampleMap.ThirdPersonExampleMap:PersistentLevel' has LevelScriptBlueprint '/Game/ThirdPersonBP/Maps/ThirdPersonExampleMap.ThirdPersonExampleMap:PersistentLevel.ThirdPersonExampleMap' with GeneratedClass '/Game/ThirdPersonBP/Maps/ThirdPersonExampleMap.ThirdPersonExampleMap_C' with ClassGeneratedBy '/Game/ThirdPersonBP/Maps/ThirdPersonExampleMap.ThirdPersonExampleMap:PersistentLevel.ThirdPersonExampleMap'
[2018.06.14-22.20.02:230][190]LogSlate: FSceneViewport::OnFocusLost() reason 0
[2018.06.14-22.20.02:695][192]LogContentBrowser: Native class hierarchy updated for 'BlueprintGraph' in 0.0006 seconds. Added 116 classes and 0 folders.
[2018.06.14-22.20.03:321][192]LogSlate: Took 0.001869 seconds to synchronously load lazily loaded font '../../../Engine/Content/Slate/Fonts/Roboto-BoldCondensed.ttf' (158K)
[2018.06.14-22.22.19:434][392]Cmd: TRANSACTION UNDO
[2018.06.14-22.22.19:434][392]LogEditorTransaction: Undo Create Binding
[2018.06.14-22.24.05:896][300]LogSlate: Took 0.002404 seconds to synchronously load lazily loaded font '../../../Engine/Content/Slate/Fonts/Roboto-Italic.ttf' (157K)
[2018.06.14-22.24.06:353][331]LogSlate: Window 'ThirdPersonExampleMap - Level Blueprint Editor' being destroyed
[2018.06.14-22.29.41:946][274]LogFileHelpers: Editor autosave (incl. sublevels) for '/Game/ThirdPersonBP/Maps/ThirdPersonExampleMap' took 0.023
[2018.06.14-22.29.41:950][274]OBJ SavePackage: Generating thumbnails for [0] asset(s) in package [/Game/ThirdPersonBP/Blueprints/Pontuação] ([1] browsable assets)...
[2018.06.14-22.29.41:950][274]OBJ SavePackage: Finished generating thumbnails for package [/Game/ThirdPersonBP/Blueprints/Pontuação]
[2018.06.14-22.29.41:969][274]LogSavePackage: Save=12.11ms
[2018.06.14-22.29.41:969][274]LogSavePackage: Moving '../../../../../../Users/aluno/Documents/GitHub/Rafa-game/Saved/Pontuação_Auto1C91579EB42E2D55B3288E0BA694040C3.tmp' to '../../../../../../Users/aluno/Documents/GitHub/Rafa-game/Saved/Autosaves/Game/ThirdPersonBP/Blueprints/Pontuação_Auto1.uasset'
[2018.06.14-22.29.41:970][274]LogSavePackage: Display: Finished SavePackage ../../../../../../Users/aluno/Documents/GitHub/Rafa-game/Saved/Autosaves/Game/ThirdPersonBP/Blueprints/Pontuação_Auto1.uasset
[2018.06.14-22.29.41:970][274]LogFileHelpers: Auto-saving content packages took 0.023
[2018.06.14-22.32.42:114][218]LogMetaData: Removing '/Game/ThirdPersonBP/Blueprints/_Pontuação._Pontuação_C' ref from Metadata '/Game/ThirdPersonBP/Blueprints/Pontuação.PackageMetaData'
[2018.06.14-22.32.42:114][218]LogMetaData: Removing '/Game/ThirdPersonBP/Blueprints/_Pontuação._Pontuação:EventGraph.K2Node_Event_0' ref from Metadata '/Game/ThirdPersonBP/Blueprints/Pontuação.PackageMetaData'
[2018.06.14-22.32.42:114][218]LogMetaData: Removing '/Game/ThirdPersonBP/Blueprints/_Pontuação._Pontuação:EventGraph.K2Node_Event_1' ref from Metadata '/Game/ThirdPersonBP/Blueprints/Pontuação.PackageMetaData'
[2018.06.14-22.32.42:114][218]LogMetaData: Removing '/Game/ThirdPersonBP/Blueprints/_Pontuação._Pontuação:EventGraph.K2Node_Event_2' ref from Metadata '/Game/ThirdPersonBP/Blueprints/Pontuação.PackageMetaData'
[2018.06.14-22.32.42:114][218]LogMetaData: Removing '/Game/ThirdPersonBP/Blueprints/_Pontuação._Pontuação:GetPercent_0.K2Node_FunctionEntry_0' ref from Metadata '/Game/ThirdPersonBP/Blueprints/Pontuação.PackageMetaData'
[2018.06.14-22.32.42:114][218]LogMetaData: Removing '/Game/ThirdPersonBP/Blueprints/_Pontuação._Pontuação:GetPercent_0.K2Node_FunctionResult_0' ref from Metadata '/Game/ThirdPersonBP/Blueprints/Pontuação.PackageMetaData'
[2018.06.14-22.32.42:114][218]LogMetaData: Removing '/Game/ThirdPersonBP/Blueprints/_Pontuação._Pontuação:GetPercent_1.K2Node_FunctionResult_1' ref from Metadata '/Game/ThirdPersonBP/Blueprints/Pontuação.PackageMetaData'
[2018.06.14-22.32.42:114][218]LogMetaData: Removing '/Game/ThirdPersonBP/Blueprints/_Pontuação.SKEL__Pontuação_C' ref from Metadata '/Game/ThirdPersonBP/Blueprints/Pontuação.PackageMetaData'
[2018.06.14-22.32.42:114][218]LogMetaData: Removing '/Game/ThirdPersonBP/Blueprints/_Pontuação._Pontuação:GetPercent_1.K2Node_FunctionEntry_3' ref from Metadata '/Game/ThirdPersonBP/Blueprints/Pontuação.PackageMetaData'
[2018.06.14-22.32.42:132][218]Cmd: OBJ SAVEPACKAGE PACKAGE="/Game/ThirdPersonBP/Blueprints/_Pontuação" FILE="../../../../../../Users/aluno/Documents/GitHub/Rafa-game/Content/ThirdPersonBP/Blueprints/_Pontuação.uasset" SILENT=true
[2018.06.14-22.32.42:147][218]LogSavePackage: Save=13.32ms
[2018.06.14-22.32.42:147][218]LogSavePackage: Moving '../../../../../../Users/aluno/Documents/GitHub/Rafa-game/Saved/_PontuaçãoBEDF3587472A816B65D58A8BA452B673.tmp' to '../../../../../../Users/aluno/Documents/GitHub/Rafa-game/Content/ThirdPersonBP/Blueprints/_Pontuação.uasset'
[2018.06.14-22.32.42:148][218]LogSavePackage: Display: Finished SavePackage ../../../../../../Users/aluno/Documents/GitHub/Rafa-game/Content/ThirdPersonBP/Blueprints/_Pontuação.uasset
[2018.06.14-22.32.42:152][218]Cmd: OBJ SAVEPACKAGE PACKAGE="/Game/ThirdPersonBP/Blueprints/Pontuação" FILE="../../../../../../Users/aluno/Documents/GitHub/Rafa-game/Content/ThirdPersonBP/Blueprints/Pontuação.uasset" SILENT=true
[2018.06.14-22.32.42:160][218]LogSavePackage: Save=0.90ms
[2018.06.14-22.32.42:160][218]LogSavePackage: Moving '../../../../../../Users/aluno/Documents/GitHub/Rafa-game/Saved/PontuaçãoAD2235F045351AA97EDA0684212B94A3.tmp' to '../../../../../../Users/aluno/Documents/GitHub/Rafa-game/Content/ThirdPersonBP/Blueprints/Pontuação.uasset'
[2018.06.14-22.32.42:161][218]LogSavePackage: Display: Finished SavePackage ../../../../../../Users/aluno/Documents/GitHub/Rafa-game/Content/ThirdPersonBP/Blueprints/Pontuação.uasset
[2018.06.14-22.34.07:480][130]LogSlate: Took 0.002080 seconds to synchronously load lazily loaded font '../../../Engine/Content/Slate/Fonts/Roboto-BoldCondensedItalic.ttf' (160K)
[2018.06.14-22.35.06:912][228]LogSavePackage: Save=3.39ms
[2018.06.14-22.35.06:912][228]LogSavePackage: Moving '../../../../../../Users/aluno/Documents/GitHub/Rafa-game/Saved/Pontuacao-class3FAC36034310502138644CA1FAFF41E3.tmp' to '../../../../../../Users/aluno/Documents/GitHub/Rafa-game/Content/ThirdPersonBP/Blueprints/Pontuacao-class.uasset'
[2018.06.14-22.35.06:913][228]LogSavePackage: Display: Finished SavePackage ../../../../../../Users/aluno/Documents/GitHub/Rafa-game/Content/ThirdPersonBP/Blueprints/Pontuacao-class.uasset
[2018.06.14-22.39.35:034][971]LogSlate: Window 'Message' being destroyed
[2018.06.14-22.39.42:764][626]LogStats: FPlatformStackWalk::StackWalkAndDump -  0.243 s
[2018.06.14-22.39.42:764][626]LogOutputDevice: Error: === Handled ensure: ===
[2018.06.14-22.39.42:764][626]LogOutputDevice: Error: 
[2018.06.14-22.39.42:764][626]LogOutputDevice: Error: Ensure condition failed: !ExistingGraph [File:D:\Build\++UE4+Release-4.19+Compile\Sync\Engine\Source\Editor\UnrealEd\Private\Kismet2\BlueprintEditorUtils.cpp] [Line: 2334]
[2018.06.14-22.39.42:764][626]LogOutputDevice: Error: Graph Character Values already exists: EdGraph /Game/ThirdPersonBP/Blueprints/ThirdPersonCharacter.ThirdPersonCharacter:Character Values
[2018.06.14-22.39.42:764][626]LogOutputDevice: Error: Stack: 
[2018.06.14-22.39.42:764][626]LogOutputDevice: Error: [Callstack] 0x00000000C88BBA76 UE4Editor-Core.dll!UnknownFunction []
[2018.06.14-22.39.42:764][626]LogOutputDevice: Error: [Callstack] 0x00000000C861AE3A UE4Editor-Core.dll!UnknownFunction []
[2018.06.14-22.39.42:764][626]LogOutputDevice: Error: [Callstack] 0x00000000C862ECD6 UE4Editor-Core.dll!UnknownFunction []
[2018.06.14-22.39.42:764][626]LogOutputDevice: Error: [Callstack] 0x00000000A7C105D7 UE4Editor-UnrealEd.dll!UnknownFunction []
[2018.06.14-22.39.42:764][626]LogOutputDevice: Error: [Callstack] 0x00000000A7C0D497 UE4Editor-UnrealEd.dll!UnknownFunction []
[2018.06.14-22.39.42:764][626]LogOutputDevice: Error: [Callstack] 0x00000000A7C0C506 UE4Editor-UnrealEd.dll!UnknownFunction []
[2018.06.14-22.39.42:764][626]LogOutputDevice: Error: [Callstack] 0x00000000A241A0CA UE4Editor-KismetCompiler.dll!UnknownFunction []
[2018.06.14-22.39.42:764][626]LogOutputDevice: Error: [Callstack] 0x00000000A2418A3A UE4Editor-KismetCompiler.dll!UnknownFunction []
[2018.06.14-22.39.42:764][626]LogOutputDevice: Error: [Callstack] 0x00000000A2417C47 UE4Editor-KismetCompiler.dll!UnknownFunction []
[2018.06.14-22.39.42:764][626]LogOutputDevice: Error: [Callstack] 0x00000000A7C2B843 UE4Editor-UnrealEd.dll!UnknownFunction []
[2018.06.14-22.39.42:764][626]LogOutputDevice: Error: [Callstack] 0x00000000A7C240E9 UE4Editor-UnrealEd.dll!UnknownFunction []
[2018.06.14-22.39.42:764][626]LogOutputDevice: Error: [Callstack] 0x00000000A615266A UE4Editor-Kismet.dll!UnknownFunction []
[2018.06.14-22.39.42:764][626]LogOutputDevice: Error: [Callstack] 0x00000000A61114AC UE4Editor-Kismet.dll!UnknownFunction []
[2018.06.14-22.39.42:764][626]LogOutputDevice: Error: [Callstack] 0x00000000A61158FC UE4Editor-Kismet.dll!UnknownFunction []
[2018.06.14-22.39.42:764][626]LogOutputDevice: Error: [Callstack] 0x00000000A1CB4220 UE4Editor-ClassViewer.dll!UnknownFunction []
[2018.06.14-22.39.42:764][626]LogOutputDevice: Error: [Callstack] 0x00000000A1CA0FFB UE4Editor-ClassViewer.dll!UnknownFunction []
[2018.06.14-22.39.42:764][626]LogOutputDevice: Error: [Callstack] 0x00000000A1CA20CA UE4Editor-ClassViewer.dll!UnknownFunction []
[2018.06.14-22.39.42:764][626]LogOutputDevice: Error: [Callstack] 0x00000000A1CA1AB7 UE4Editor-ClassViewer.dll!UnknownFunction []
[2018.06.14-22.39.42:764][626]LogOutputDevice: Error: [Callstack] 0x00000000A1CC1A6C UE4Editor-ClassViewer.dll!UnknownFunction []
[2018.06.14-22.39.42:764][626]LogOutputDevice: Error: [Callstack] 0x00000000A1CBB3DD UE4Editor-ClassViewer.dll!UnknownFunction []
[2018.06.14-22.39.42:764][626]LogOutputDevice: Error: [Callstack] 0x00000000A8B8485C UE4Editor-Slate.dll!UnknownFunction []
[2018.06.14-22.39.42:764][626]LogOutputDevice: Error: [Callstack] 0x00000000A8B57D75 UE4Editor-Slate.dll!UnknownFunction []
[2018.06.14-22.39.42:764][626]LogOutputDevice: Error: [Callstack] 0x00000000A8BEF617 UE4Editor-Slate.dll!UnknownFunction []
[2018.06.14-22.39.42:764][626]LogOutputDevice: Error: [Callstack] 0x00000000A8BD7D0D UE4Editor-Slate.dll!UnknownFunction []
[2018.06.14-22.39.42:764][626]LogOutputDevice: Error: [Callstack] 0x00000000A8BCB3E2 UE4Editor-Slate.dll!UnknownFunction []
[2018.06.14-22.39.42:764][626]LogOutputDevice: Error: [Callstack] 0x00000000C793E69B UE4Editor-ApplicationCore.dll!UnknownFunction []
[2018.06.14-22.39.42:764][626]LogOutputDevice: Error: [Callstack] 0x00000000C7931B78 UE4Editor-ApplicationCore.dll!UnknownFunction []
[2018.06.14-22.39.42:764][626]LogOutputDevice: Error: [Callstack] 0x00000000C794052C UE4Editor-ApplicationCore.dll!UnknownFunction []
[2018.06.14-22.39.42:764][626]LogOutputDevice: Error: [Callstack] 0x00000000C792D679 UE4Editor-ApplicationCore.dll!UnknownFunction []
[2018.06.14-22.39.42:764][626]LogOutputDevice: Error: [Callstack] 0x0000000038976CC1 USER32.dll!UnknownFunction []
[2018.06.14-22.39.42:764][626]LogOutputDevice: Error: [Callstack] 0x0000000038976693 USER32.dll!UnknownFunction []
[2018.06.14-22.39.42:764][626]LogOutputDevice: Error: [Callstack] 0x00000000C7941666 UE4Editor-ApplicationCore.dll!UnknownFunction []
[2018.06.14-22.39.42:764][626]LogOutputDevice: Error: [Callstack] 0x000000001B745475 UE4Editor.exe!UnknownFunction []
[2018.06.14-22.39.42:764][626]LogOutputDevice: Error: [Callstack] 0x000000001B756BD0 UE4Editor.exe!UnknownFunction []
[2018.06.14-22.39.42:764][626]LogOutputDevice: Error: [Callstack] 0x000000001B756C4A UE4Editor.exe!UnknownFunction []
[2018.06.14-22.39.42:764][626]LogOutputDevice: Error: [Callstack] 0x000000001B764149 UE4Editor.exe!UnknownFunction []
[2018.06.14-22.39.42:764][626]LogOutputDevice: Error: [Callstack] 0x000000001B765B57 UE4Editor.exe!UnknownFunction []
[2018.06.14-22.39.42:764][626]LogOutputDevice: Error: [Callstack] 0x00000000F5D33034 KERNEL32.DLL!UnknownFunction []
[2018.06.14-22.39.42:764][626]LogOutputDevice: Error: [Callstack] 0x00000000F87C1431 ntdll.dll!UnknownFunction []
[2018.06.14-22.39.42:764][626]LogOutputDevice: Error: 
[2018.06.14-22.39.42:774][626]LogStats:                SubmitErrorReport -  0.000 s
[2018.06.14-22.39.43:152][626]LogStats:                    SendNewReport -  0.378 s
[2018.06.14-22.39.43:152][626]LogStats:             FDebug::EnsureFailed -  0.631 s
[2018.06.14-22.40.25:378][726]LogSavePackage: Save=122.79ms
[2018.06.14-22.40.25:378][726]LogSavePackage: Moving '../../../../../../Users/aluno/Documents/GitHub/Rafa-game/Saved/ThirdPersonExampleMap_Auto25EC00EDE4C0B6128F04D43A58699E8C9.tmp' to '../../../../../../Users/aluno/Documents/GitHub/Rafa-game/Saved/Autosaves/Game/ThirdPersonBP/Maps/ThirdPersonExampleMap_Auto2.umap'
[2018.06.14-22.40.25:381][726]LogSavePackage: Display: Finished SavePackage ../../../../../../Users/aluno/Documents/GitHub/Rafa-game/Saved/Autosaves/Game/ThirdPersonBP/Maps/ThirdPersonExampleMap_Auto2.umap
[2018.06.14-22.40.25:383][726]LogFileHelpers: Editor autosave (incl. sublevels) for '/Game/ThirdPersonBP/Maps/ThirdPersonExampleMap' took 0.164
[2018.06.14-22.40.25:383][726]LogFileHelpers: Editor autosave (incl. sublevels) for all levels took 0.164
[2018.06.14-22.40.25:385][726]OBJ SavePackage: Generating thumbnails for [1] asset(s) in package [/Game/ThirdPersonBP/Blueprints/ThirdPersonCharacter] ([1] browsable assets)...
[2018.06.14-22.40.25:417][726]OBJ SavePackage:     Rendered thumbnail for [Blueprint /Game/ThirdPersonBP/Blueprints/ThirdPersonCharacter.ThirdPersonCharacter]
[2018.06.14-22.40.25:417][726]OBJ SavePackage: Finished generating thumbnails for package [/Game/ThirdPersonBP/Blueprints/ThirdPersonCharacter]
[2018.06.14-22.40.25:465][726]LogSavePackage: Save=41.07ms
[2018.06.14-22.40.25:465][726]LogSavePackage: Moving '../../../../../../Users/aluno/Documents/GitHub/Rafa-game/Saved/ThirdPersonCharacter_Auto20DC988714B7A658C2CDCAE806F479492.tmp' to '../../../../../../Users/aluno/Documents/GitHub/Rafa-game/Saved/Autosaves/Game/ThirdPersonBP/Blueprints/ThirdPersonCharacter_Auto2.uasset'
[2018.06.14-22.40.25:466][726]LogSavePackage: Display: Finished SavePackage ../../../../../../Users/aluno/Documents/GitHub/Rafa-game/Saved/Autosaves/Game/ThirdPersonBP/Blueprints/ThirdPersonCharacter_Auto2.uasset
[2018.06.14-22.40.25:466][726]LogFileHelpers: Auto-saving content packages took 0.081
[2018.06.14-22.41.23:344][915]LogSavePackage: Save=2.03ms
[2018.06.14-22.41.23:344][915]LogSavePackage: Moving '../../../../../../Users/aluno/Documents/GitHub/Rafa-game/Saved/Pontuacao-class9AE86901439C33A258D5248E55A9F3C4.tmp' to '../../../../../../Users/aluno/Documents/GitHub/Rafa-game/Content/ThirdPersonBP/Blueprints/Pontuacao-class.uasset'
[2018.06.14-22.41.23:345][915]LogSavePackage: Display: Finished SavePackage ../../../../../../Users/aluno/Documents/GitHub/Rafa-game/Content/ThirdPersonBP/Blueprints/Pontuacao-class.uasset
[2018.06.14-22.41.24:524][ 56]BlueprintLog: New page: Compile Pontuacao-class
[2018.06.14-22.41.25:585][159]LogSavePackage: Save=2.22ms
[2018.06.14-22.41.25:585][159]LogSavePackage: Moving '../../../../../../Users/aluno/Documents/GitHub/Rafa-game/Saved/Pontuacao-classEC845BFC4430E3F1648B558F2AF94096.tmp' to '../../../../../../Users/aluno/Documents/GitHub/Rafa-game/Content/ThirdPersonBP/Blueprints/Pontuacao-class.uasset'
[2018.06.14-22.41.25:586][159]LogSavePackage: Display: Finished SavePackage ../../../../../../Users/aluno/Documents/GitHub/Rafa-game/Content/ThirdPersonBP/Blueprints/Pontuacao-class.uasset
[2018.06.14-22.41.30:006][470]LogSlate: Window 'Message' being destroyed
[2018.06.14-22.41.30:974][538]LogSlate: Prevented a slow task dialog from being summoned while a context menu was open
[2018.06.14-22.41.38:924][236]LogBlueprint: Error: [ThirdPersonCharacter] ImplementNewInterface: Blueprint '/Game/ThirdPersonBP/Blueprints/ThirdPersonCharacter.ThirdPersonCharacter' has a function or graph which conflicts with the function PontuacaoNovoTeste in the interface called 'Pontuacao-class_C'
[2018.06.14-22.41.47:878][ 44]LogBlueprint: Error: [ThirdPersonCharacter] ImplementNewInterface: Blueprint '/Game/ThirdPersonBP/Blueprints/ThirdPersonCharacter.ThirdPersonCharacter' has a function or graph which conflicts with the function PontuacaoNovoTeste in the interface called 'Pontuacao-class_C'
[2018.06.14-22.41.50:936][309]LogBlueprint: Error: [ThirdPersonCharacter] ImplementNewInterface: Blueprint '/Game/ThirdPersonBP/Blueprints/ThirdPersonCharacter.ThirdPersonCharacter' has a function or graph which conflicts with the function PontuacaoNovoTeste in the interface called 'Pontuacao-class_C'
[2018.06.14-22.42.31:277][328]LogSlate: Window 'Message' being destroyed
[2018.06.14-22.43.16:879][763]LogSlate: Window 'Delete Assets' being destroyed
[2018.06.14-22.43.59:094][551]LogMetaData: Removing '/Game/ThirdPersonBP/Blueprints/PontuaçaoNovoTeste.SKEL_PontuaçaoNovoTeste_C' ref from Metadata '/Game/ThirdPersonBP/Blueprints/NewInterface.PackageMetaData'
[2018.06.14-22.43.59:094][551]LogMetaData: Removing '/Game/ThirdPersonBP/Blueprints/PontuaçaoNovoTeste.PontuaçaoNovoTeste_C' ref from Metadata '/Game/ThirdPersonBP/Blueprints/NewInterface.PackageMetaData'
[2018.06.14-22.43.59:115][551]LogSavePackage: Save=2.35ms
[2018.06.14-22.43.59:115][551]LogSavePackage: Moving '../../../../../../Users/aluno/Documents/GitHub/Rafa-game/Saved/PontuaçaoNovoTesteF133101F46B454A7F4D11FAC92C8B424.tmp' to '../../../../../../Users/aluno/Documents/GitHub/Rafa-game/Content/ThirdPersonBP/Blueprints/PontuaçaoNovoTeste.uasset'
[2018.06.14-22.43.59:117][551]LogSavePackage: Display: Finished SavePackage ../../../../../../Users/aluno/Documents/GitHub/Rafa-game/Content/ThirdPersonBP/Blueprints/PontuaçaoNovoTeste.uasset
[2018.06.14-22.44.34:684][938]LogSlate: Window 'PontuaçaoNovoTeste*' being destroyed
[2018.06.14-22.45.18:217][707]LogSlate: Prevented a slow task dialog from being summoned while a context menu was open
[2018.06.14-22.47.30:522][848]BlueprintLog: New page: Compile ThirdPersonCharacter
[2018.06.14-22.47.36:421][381]BlueprintLog: New page: Compile PontuaçaoNovoTeste
[2018.06.14-22.47.37:745][516]LogSavePackage: Save=2.15ms
[2018.06.14-22.47.37:745][516]LogSavePackage: Moving '../../../../../../Users/aluno/Documents/GitHub/Rafa-game/Saved/PontuaçaoNovoTesteD3AE07C14E1B121D2B1DCAA3D30C16A0.tmp' to '../../../../../../Users/aluno/Documents/GitHub/Rafa-game/Content/ThirdPersonBP/Blueprints/PontuaçaoNovoTeste.uasset'
[2018.06.14-22.47.37:746][516]LogSavePackage: Display: Finished SavePackage ../../../../../../Users/aluno/Documents/GitHub/Rafa-game/Content/ThirdPersonBP/Blueprints/PontuaçaoNovoTeste.uasset
[2018.06.14-22.47.39:526][690]BlueprintLog: New page: Compile ThirdPersonCharacter
[2018.06.14-22.47.40:712][745]LogSavePackage: Save=35.41ms
[2018.06.14-22.47.40:712][745]LogSavePackage: Moving '../../../../../../Users/aluno/Documents/GitHub/Rafa-game/Saved/ThirdPersonCharacterBE3D3FD84698545B608132946B3D87C2.tmp' to '../../../../../../Users/aluno/Documents/GitHub/Rafa-game/Content/ThirdPersonBP/Blueprints/ThirdPersonCharacter.uasset'
[2018.06.14-22.47.40:714][745]LogSavePackage: Display: Finished SavePackage ../../../../../../Users/aluno/Documents/GitHub/Rafa-game/Content/ThirdPersonBP/Blueprints/ThirdPersonCharacter.uasset
[2018.06.14-22.49.27:765][686]LogRenderer: Reallocating scene render targets to support 904x568 Format 10 NumSamples 1 (Frame:1).
[2018.06.14-22.51.13:327][174]BlueprintLog: New page: Compile ThirdPersonCharacter
[2018.06.14-22.51.41:454][329]LogEditorTransaction: Undo Delete current selection
[2018.06.14-22.51.41:767][336]LogEditorTransaction: Undo Create Reroute Node
[2018.06.14-22.51.42:021][348]LogEditorTransaction: Undo Change Number Pin Value
[2018.06.14-22.51.42:400][377]LogEditorTransaction: Undo Move Node
[2018.06.14-22.51.42:684][395]LogEditorTransaction: Undo Move Node
[2018.06.14-22.51.42:916][408]LogEditorTransaction: Undo Move Node
[2018.06.14-22.51.43:112][416]LogEditorTransaction: Undo Move Node
[2018.06.14-22.51.43:333][427]LogEditorTransaction: Undo Create Pin Link
[2018.06.14-22.51.43:334][427]LogUObjectHash: Warning: Ambiguous search, could be EdGraph /Game/ThirdPersonBP/Blueprints/ThirdPersonCharacter.ThirdPersonCharacter:PontuacaoNovoTeste or EdGraph /Game/ThirdPersonBP/Blueprints/ThirdPersonCharacter.ThirdPersonCharacter:PontuacaoNovoTeste
[2018.06.14-22.51.43:334][427]LogUObjectHash: Warning: Ambiguous search, could be EdGraph /Game/ThirdPersonBP/Blueprints/ThirdPersonCharacter.ThirdPersonCharacter:PontuacaoNovoTeste or EdGraph /Game/ThirdPersonBP/Blueprints/ThirdPersonCharacter.ThirdPersonCharacter:PontuacaoNovoTeste
[2018.06.14-22.51.43:335][427]LogWindows: Windows GetLastError: The operation completed successfully. (0)
[2018.06.14-22.51.43:519][427]LogWindows: Error: === Critical error: ===
[2018.06.14-22.51.43:519][427]LogWindows: Error: 
[2018.06.14-22.51.43:519][427]LogWindows: Error: Fatal error: [File:D:\Build\++UE4+Release-4.19+Compile\Sync\Engine\Source\Runtime\CoreUObject\Private\UObject\Obj.cpp] [Line: 198] 
[2018.06.14-22.51.43:519][427]LogWindows: Error: Renaming an object (EdGraph /Game/ThirdPersonBP/Blueprints/ThirdPersonCharacter.ThirdPersonCharacter:EdGraph_102) on top of an existing object (EdGraph /Game/ThirdPersonBP/Blueprints/ThirdPersonCharacter.ThirdPersonCharacter:PontuacaoNovoTeste) is not allowed
[2018.06.14-22.51.43:519][427]LogWindows: Error: 
[2018.06.14-22.51.43:519][427]LogWindows: Error: 
[2018.06.14-22.51.43:519][427]LogWindows: Error: [Callstack] 0x00000000F4FEA388 KERNELBASE.dll!UnknownFunction []
[2018.06.14-22.51.43:519][427]LogWindows: Error: [Callstack] 0x00000000C7947884 UE4Editor-ApplicationCore.dll!UnknownFunction []
[2018.06.14-22.51.43:519][427]LogWindows: Error: [Callstack] 0x00000000C86D6D9B UE4Editor-Core.dll!UnknownFunction []
[2018.06.14-22.51.43:519][427]LogWindows: Error: [Callstack] 0x00000000C8611939 UE4Editor-Core.dll!UnknownFunction []
[2018.06.14-22.51.43:519][427]LogWindows: Error: [Callstack] 0x00000000C7C81849 UE4Editor-CoreUObject.dll!UnknownFunction []
[2018.06.14-22.51.43:519][427]LogWindows: Error: [Callstack] 0x00000000A7C10713 UE4Editor-UnrealEd.dll!UnknownFunction []
[2018.06.14-22.51.43:519][427]LogWindows: Error: [Callstack] 0x00000000A7C0D497 UE4Editor-UnrealEd.dll!UnknownFunction []
[2018.06.14-22.51.43:519][427]LogWindows: Error: [Callstack] 0x00000000A7C0C506 UE4Editor-UnrealEd.dll!UnknownFunction []
[2018.06.14-22.51.43:519][427]LogWindows: Error: [Callstack] 0x00000000A241A0CA UE4Editor-KismetCompiler.dll!UnknownFunction []
[2018.06.14-22.51.43:519][427]LogWindows: Error: [Callstack] 0x00000000A2418A3A UE4Editor-KismetCompiler.dll!UnknownFunction []
[2018.06.14-22.51.43:519][427]LogWindows: Error: [Callstack] 0x00000000A2417C47 UE4Editor-KismetCompiler.dll!UnknownFunction []
[2018.06.14-22.51.43:519][427]LogWindows: Error: [Callstack] 0x00000000A7C2B843 UE4Editor-UnrealEd.dll!UnknownFunction []
[2018.06.14-22.51.43:519][427]LogWindows: Error: [Callstack] 0x00000000A6284A31 UE4Editor-Kismet.dll!UnknownFunction []
[2018.06.14-22.51.43:519][427]LogWindows: Error: [Callstack] 0x00000000A788A0A6 UE4Editor-UnrealEd.dll!UnknownFunction []
[2018.06.14-22.51.43:519][427]LogWindows: Error: [Callstack] 0x00000000A78B2062 UE4Editor-UnrealEd.dll!UnknownFunction []
[2018.06.14-22.51.43:519][427]LogWindows: Error: [Callstack] 0x00000000A7899329 UE4Editor-UnrealEd.dll!UnknownFunction []
[2018.06.14-22.51.43:520][427]LogWindows: Error: [Callstack] 0x00000000A7899C5B UE4Editor-UnrealEd.dll!UnknownFunction []
[2018.06.14-22.51.43:520][427]LogWindows: Error: [Callstack] 0x00000000A790019B UE4Editor-UnrealEd.dll!UnknownFunction []
[2018.06.14-22.51.43:520][427]LogWindows: Error: [Callstack] 0x00000000A7941F9E UE4Editor-UnrealEd.dll!UnknownFunction []
[2018.06.14-22.51.43:520][427]LogWindows: Error: [Callstack] 0x00000000A610FE41 UE4Editor-Kismet.dll!UnknownFunction []
[2018.06.14-22.51.43:520][427]LogWindows: Error: [Callstack] 0x00000000A6114BA6 UE4Editor-Kismet.dll!UnknownFunction []
[2018.06.14-22.51.43:520][427]LogWindows: Error: [Callstack] 0x00000000A8B98376 UE4Editor-Slate.dll!UnknownFunction []
[2018.06.14-22.51.43:520][427]LogWindows: Error: [Callstack] 0x00000000A8BD4BD0 UE4Editor-Slate.dll!UnknownFunction []
[2018.06.14-22.51.43:520][427]LogWindows: Error: [Callstack] 0x00000000A80E05AE UE4Editor-UnrealEd.dll!UnknownFunction []
[2018.06.14-22.51.43:520][427]LogWindows: Error: [Callstack] 0x00000000A80CBB4C UE4Editor-UnrealEd.dll!UnknownFunction []
[2018.06.14-22.51.43:520][427]LogWindows: Error: [Callstack] 0x00000000A8B84D61 UE4Editor-Slate.dll!UnknownFunction []
[2018.06.14-22.51.43:520][427]LogWindows: Error: [Callstack] 0x00000000A8B56D2D UE4Editor-Slate.dll!UnknownFunction []
[2018.06.14-22.51.43:520][427]LogWindows: Error: [Callstack] 0x00000000A8B588F6 UE4Editor-Slate.dll!UnknownFunction []
[2018.06.14-22.51.43:520][427]LogWindows: Error: [Callstack] 0x00000000A8BD63CA UE4Editor-Slate.dll!UnknownFunction []
[2018.06.14-22.51.43:520][427]LogWindows: Error: [Callstack] 0x00000000A8BC99C8 UE4Editor-Slate.dll!UnknownFunction []
[2018.06.14-22.51.43:520][427]LogWindows: Error: [Callstack] 0x00000000C793E3DA UE4Editor-ApplicationCore.dll!UnknownFunction []
[2018.06.14-22.51.43:520][427]LogWindows: Error: [Callstack] 0x00000000C7931B78 UE4Editor-ApplicationCore.dll!UnknownFunction []
[2018.06.14-22.51.43:520][427]LogWindows: Error: [Callstack] 0x00000000C794052C UE4Editor-ApplicationCore.dll!UnknownFunction []
[2018.06.14-22.51.43:520][427]LogWindows: Error: [Callstack] 0x00000000C792D679 UE4Editor-ApplicationCore.dll!UnknownFunction []
[2018.06.14-22.51.43:520][427]LogWindows: Error: [Callstack] 0x0000000038976CC1 USER32.dll!UnknownFunction []
[2018.06.14-22.51.43:520][427]LogWindows: Error: [Callstack] 0x0000000038976693 USER32.dll!UnknownFunction []
[2018.06.14-22.51.43:520][427]LogWindows: Error: [Callstack] 0x00000000C7941666 UE4Editor-ApplicationCore.dll!UnknownFunction []
[2018.06.14-22.51.43:520][427]LogWindows: Error: [Callstack] 0x000000001B745475 UE4Editor.exe!UnknownFunction []
[2018.06.14-22.51.43:520][427]LogWindows: Error: [Callstack] 0x000000001B756BD0 UE4Editor.exe!UnknownFunction []
[2018.06.14-22.51.43:520][427]LogWindows: Error: [Callstack] 0x000000001B756C4A UE4Editor.exe!UnknownFunction []
[2018.06.14-22.51.43:520][427]LogWindows: Error: [Callstack] 0x000000001B764149 UE4Editor.exe!UnknownFunction []
[2018.06.14-22.51.43:520][427]LogWindows: Error: [Callstack] 0x000000001B765B57 UE4Editor.exe!UnknownFunction []
[2018.06.14-22.51.43:520][427]LogWindows: Error: [Callstack] 0x00000000F5D33034 KERNEL32.DLL!UnknownFunction []
[2018.06.14-22.51.43:520][427]LogWindows: Error: [Callstack] 0x00000000F87C1431 ntdll.dll!UnknownFunction []
[2018.06.14-22.51.43:520][427]LogWindows: Error: [Callstack] 0x00000000F87C1431 ntdll.dll!UnknownFunction []
[2018.06.14-22.51.43:520][427]LogWindows: Error: 
[2018.06.14-22.51.43:536][427]LogExit: Executing StaticShutdownAfterError
[2018.06.14-22.51.43:539][427]LogWindows: FPlatformMisc::RequestExit(1)
[2018.06.14-22.51.43:540][427]Log file closed, 06/14/18 19:51:43
