Log file open, 06/28/18 19:49:16
LogWindows: Failed to load 'aqProf.dll' (GetLastError=126)
LogWindows: File 'aqProf.dll' does not exist
LogWindows: Failed to load 'VtuneApi.dll' (GetLastError=126)
LogWindows: File 'VtuneApi.dll' does not exist
LogWindows: Failed to load 'VtuneApi32e.dll' (GetLastError=126)
LogWindows: File 'VtuneApi32e.dll' does not exist
LogInit: Display: Running engine for game: RafaGirafa
LogPlatformFile: Not using cached read wrapper
LogInit: Display: RandInit(-142154900) SRandInit(-142154900).
LogInit: Read version file with build ID '3944462'
LogInit: Overriding engine version to CL 4033788, compatible CL 3944462
LogInit: Registered custom module enumerator with build ID '3944462'
LogTaskGraph: Started task graph with 5 named threads and 11 total threads with 3 sets of task threads.
LogStats: Stats thread started at 0.173208
LogD3D11RHI: Aftermath initialized
LogICUInternationalization: Display: ICU TimeZone Detection - Raw Offset: -3:00, Platform Override: ''
LogModuleManager: Display: Found up-to-date module file ../../../Engine/Plugins/2D/Paper2D/Binaries/Win64/UE4Editor-Paper2D.dll (API version 3944462).
LogModuleManager: Display: Found up-to-date module file ../../../Engine/Plugins/2D/Paper2D/Binaries/Win64/UE4Editor-Paper2DEditor.dll (API version 3944462).
LogModuleManager: Display: Found up-to-date module file ../../../Engine/Plugins/2D/Paper2D/Binaries/Win64/UE4Editor-PaperSpriteSheetImporter.dll (API version 3944462).
LogModuleManager: Display: Found up-to-date module file ../../../Engine/Plugins/2D/Paper2D/Binaries/Win64/UE4Editor-PaperTiledImporter.dll (API version 3944462).
LogModuleManager: Display: Found up-to-date module file ../../../Engine/Plugins/2D/Paper2D/Binaries/Win64/UE4Editor-SmartSnapping.dll (API version 3944462).
LogModuleManager: Display: Found up-to-date module file ../../../Engine/Plugins/Blendables/LightPropagationVolume/Binaries/Win64/UE4Editor-LightPropagationVolumeRuntime.dll (API version 3944462).
LogModuleManager: Display: Found up-to-date module file ../../../Engine/Plugins/Blendables/LightPropagationVolume/Binaries/Win64/UE4Editor-LightPropagationVolumeEditor.dll (API version 3944462).
LogModuleManager: Display: Found up-to-date module file ../../../Engine/Plugins/Developer/CLionSourceCodeAccess/Binaries/Win64/UE4Editor-CLionSourceCodeAccess.dll (API version 3944462).
LogModuleManager: Display: Found up-to-date module file ../../../Engine/Plugins/Developer/GitSourceControl/Binaries/Win64/UE4Editor-GitSourceControl.dll (API version 3944462).
LogModuleManager: Display: Found up-to-date module file ../../../Engine/Plugins/Developer/PerforceSourceControl/Binaries/Win64/UE4Editor-PerforceSourceControl.dll (API version 3944462).
LogModuleManager: Display: Found up-to-date module file ../../../Engine/Plugins/Developer/SubversionSourceControl/Binaries/Win64/UE4Editor-SubversionSourceControl.dll (API version 3944462).
LogModuleManager: Display: Found up-to-date module file ../../../Engine/Plugins/Developer/UObjectPlugin/Binaries/Win64/UE4Editor-UObjectPlugin.dll (API version 3944462).
LogModuleManager: Display: Found up-to-date module file ../../../Engine/Plugins/Developer/VisualStudioCodeSourceCodeAccess/Binaries/Win64/UE4Editor-VisualStudioCodeSourceCodeAccess.dll (API version 3944462).
LogModuleManager: Display: Found up-to-date module file ../../../Engine/Plugins/Developer/VisualStudioSourceCodeAccess/Binaries/Win64/UE4Editor-VisualStudioSourceCodeAccess.dll (API version 3944462).
LogModuleManager: Display: Found up-to-date module file ../../../Engine/Plugins/Editor/AssetManagerEditor/Binaries/Win64/UE4Editor-AssetManagerEditor.dll (API version 3944462).
LogModuleManager: Display: Found up-to-date module file ../../../Engine/Plugins/Editor/CryptoKeys/Binaries/Win64/UE4Editor-CryptoKeys.dll (API version 3944462).
LogModuleManager: Display: Found up-to-date module file ../../../Engine/Plugins/Editor/CryptoKeys/Binaries/Win64/UE4Editor-CryptoKeysOpenSSL.dll (API version 3944462).
LogModuleManager: Display: Found up-to-date module file ../../../Engine/Plugins/Editor/DataValidation/Binaries/Win64/UE4Editor-DataValidation.dll (API version 3944462).
LogModuleManager: Display: Found up-to-date module file ../../../Engine/Plugins/Editor/FacialAnimation/Binaries/Win64/UE4Editor-FacialAnimation.dll (API version 3944462).
LogModuleManager: Display: Found up-to-date module file ../../../Engine/Plugins/Editor/FacialAnimation/Binaries/Win64/UE4Editor-FacialAnimationEditor.dll (API version 3944462).
LogModuleManager: Display: Found up-to-date module file ../../../Engine/Plugins/Editor/GameplayTagsEditor/Binaries/Win64/UE4Editor-GameplayTagsEditor.dll (API version 3944462).
LogModuleManager: Display: Found up-to-date module file ../../../Engine/Plugins/Editor/MobileLauncherProfileWizard/Binaries/Win64/UE4Editor-MobileLauncherProfileWizard.dll (API version 3944462).
LogModuleManager: Display: Found up-to-date module file ../../../Engine/Plugins/Editor/PluginBrowser/Binaries/Win64/UE4Editor-PluginBrowser.dll (API version 3944462).
LogModuleManager: Display: Found up-to-date module file ../../../Engine/Plugins/Editor/SpeedTreeImporter/Binaries/Win64/UE4Editor-SpeedTreeImporter.dll (API version 3944462).
LogModuleManager: Display: Found up-to-date module file ../../../Engine/Plugins/Enterprise/DatasmithContent/Binaries/Win64/UE4Editor-DatasmithContent.dll (API version 3944462).
LogModuleManager: Display: Found up-to-date module file ../../../Engine/Plugins/Experimental/AlembicImporter/Binaries/Win64/UE4Editor-AlembicImporter.dll (API version 3944462).
LogModuleManager: Display: Found up-to-date module file ../../../Engine/Plugins/Experimental/AlembicImporter/Binaries/Win64/UE4Editor-AlembicLibrary.dll (API version 3944462).
LogModuleManager: Display: Found up-to-date module file ../../../Engine/Plugins/Experimental/CharacterAI/Binaries/Win64/UE4Editor-CharacterAI.dll (API version 3944462).
LogModuleManager: Display: Found up-to-date module file ../../../Engine/Plugins/Experimental/HTML5Networking/Binaries/Win64/UE4Editor-HTML5Networking.dll (API version 3944462).
LogModuleManager: Display: Found up-to-date module file ../../../Engine/Plugins/Media/AndroidMedia/Binaries/Win64/UE4Editor-AndroidMediaEditor.dll (API version 3944462).
LogModuleManager: Display: Found up-to-date module file ../../../Engine/Plugins/Media/AndroidMedia/Binaries/Win64/UE4Editor-AndroidMediaFactory.dll (API version 3944462).
LogModuleManager: Display: Found up-to-date module file ../../../Engine/Plugins/Media/AvfMedia/Binaries/Win64/UE4Editor-AvfMediaEditor.dll (API version 3944462).
LogModuleManager: Display: Found up-to-date module file ../../../Engine/Plugins/Media/AvfMedia/Binaries/Win64/UE4Editor-AvfMediaFactory.dll (API version 3944462).
LogModuleManager: Display: Found up-to-date module file ../../../Engine/Plugins/Media/AvfMedia/Binaries/Win64/UE4Editor-AvfMediaFactory.dll (API version 3944462).
LogModuleManager: Display: Found up-to-date module file ../../../Engine/Plugins/Media/ImgMedia/Binaries/Win64/UE4Editor-ImgMedia.dll (API version 3944462).
LogModuleManager: Display: Found up-to-date module file ../../../Engine/Plugins/Media/ImgMedia/Binaries/Win64/UE4Editor-ImgMediaEditor.dll (API version 3944462).
LogModuleManager: Display: Found up-to-date module file ../../../Engine/Plugins/Media/ImgMedia/Binaries/Win64/UE4Editor-ImgMediaFactory.dll (API version 3944462).
LogModuleManager: Display: Found up-to-date module file ../../../Engine/Plugins/Media/ImgMedia/Binaries/Win64/UE4Editor-ImgMediaFactory.dll (API version 3944462).
LogModuleManager: Display: Found up-to-date module file ../../../Engine/Plugins/Media/ImgMedia/Binaries/Win64/UE4Editor-OpenExrWrapper.dll (API version 3944462).
LogModuleManager: Display: Found up-to-date module file ../../../Engine/Plugins/Media/LinearTimecode/Binaries/Win64/UE4Editor-LinearTimecode.dll (API version 3944462).
LogModuleManager: Display: Found up-to-date module file ../../../Engine/Plugins/Media/MediaCompositing/Binaries/Win64/UE4Editor-MediaCompositing.dll (API version 3944462).
LogModuleManager: Display: Found up-to-date module file ../../../Engine/Plugins/Media/MediaCompositing/Binaries/Win64/UE4Editor-MediaCompositingEditor.dll (API version 3944462).
LogModuleManager: Display: Found up-to-date module file ../../../Engine/Plugins/Media/MediaPlayerEditor/Binaries/Win64/UE4Editor-MediaPlayerEditor.dll (API version 3944462).
LogModuleManager: Display: Found up-to-date module file ../../../Engine/Plugins/Media/WmfMedia/Binaries/Win64/UE4Editor-WmfMedia.dll (API version 3944462).
LogModuleManager: Display: Found up-to-date module file ../../../Engine/Plugins/Media/WmfMedia/Binaries/Win64/UE4Editor-WmfMediaEditor.dll (API version 3944462).
LogModuleManager: Display: Found up-to-date module file ../../../Engine/Plugins/Media/WmfMedia/Binaries/Win64/UE4Editor-WmfMediaFactory.dll (API version 3944462).
LogModuleManager: Display: Found up-to-date module file ../../../Engine/Plugins/Media/WmfMedia/Binaries/Win64/UE4Editor-WmfMediaFactory.dll (API version 3944462).
LogModuleManager: Display: Found up-to-date module file ../../../Engine/Plugins/Messaging/TcpMessaging/Binaries/Win64/UE4Editor-TcpMessaging.dll (API version 3944462).
LogModuleManager: Display: Found up-to-date module file ../../../Engine/Plugins/Messaging/UdpMessaging/Binaries/Win64/UE4Editor-UdpMessaging.dll (API version 3944462).
LogModuleManager: Display: Found up-to-date module file ../../../Engine/Plugins/MovieScene/ActorSequence/Binaries/Win64/UE4Editor-ActorSequence.dll (API version 3944462).
LogModuleManager: Display: Found up-to-date module file ../../../Engine/Plugins/MovieScene/LevelSequenceEditor/Binaries/Win64/UE4Editor-LevelSequenceEditor.dll (API version 3944462).
LogModuleManager: Display: Found up-to-date module file ../../../Engine/Plugins/MovieScene/MatineeToLevelSequence/Binaries/Win64/UE4Editor-MatineeToLevelSequence.dll (API version 3944462).
LogModuleManager: Display: Found up-to-date module file ../../../Engine/Plugins/NetcodeUnitTest/NetcodeUnitTest/Binaries/Win64/UE4Editor-NetcodeUnitTest.dll (API version 3944462).
LogModuleManager: Display: Found up-to-date module file ../../../Engine/Plugins/NetcodeUnitTest/NUTUnrealEngine4/Binaries/Win64/UE4Editor-NUTUnrealEngine4.dll (API version 3944462).
LogModuleManager: Display: Found up-to-date module file ../../../Engine/Plugins/Online/OnlineSubsystem/Binaries/Win64/UE4Editor-OnlineSubsystem.dll (API version 3944462).
LogModuleManager: Display: Found up-to-date module file ../../../Engine/Plugins/Runtime/AndroidPermission/Binaries/Win64/UE4Editor-AndroidPermission.dll (API version 3944462).
LogModuleManager: Display: Found up-to-date module file ../../../Engine/Plugins/Online/OnlineSubsystemNull/Binaries/Win64/UE4Editor-OnlineSubsystemNull.dll (API version 3944462).
LogModuleManager: Display: Found up-to-date module file ../../../Engine/Plugins/Online/OnlineSubsystemUtils/Binaries/Win64/UE4Editor-OnlineSubsystemUtils.dll (API version 3944462).
LogModuleManager: Display: Found up-to-date module file ../../../Engine/Plugins/Online/OnlineSubsystemUtils/Binaries/Win64/UE4Editor-OnlineBlueprintSupport.dll (API version 3944462).
LogModuleManager: Display: Found up-to-date module file ../../../Engine/Plugins/Runtime/AndroidDeviceProfileSelector/Binaries/Win64/UE4Editor-AndroidDeviceProfileSelector.dll (API version 3944462).
LogModuleManager: Display: Found up-to-date module file ../../../Engine/Plugins/Runtime/AppleARKit/Binaries/Win64/UE4Editor-AppleARKit.dll (API version 3944462).
LogModuleManager: Display: Found up-to-date module file ../../../Engine/Plugins/Runtime/ProceduralMeshComponent/Binaries/Win64/UE4Editor-ProceduralMeshComponent.dll (API version 3944462).
LogModuleManager: Display: Found up-to-date module file ../../../Engine/Plugins/Runtime/ProceduralMeshComponent/Binaries/Win64/UE4Editor-ProceduralMeshComponentEditor.dll (API version 3944462).
LogModuleManager: Display: Found up-to-date module file ../../../Engine/Plugins/Animation/LiveLink/Binaries/Win64/UE4Editor-LiveLink.dll (API version 3944462).
LogModuleManager: Display: Found up-to-date module file ../../../Engine/Plugins/Animation/LiveLink/Binaries/Win64/UE4Editor-LiveLinkEditor.dll (API version 3944462).
LogModuleManager: Display: Found up-to-date module file ../../../Engine/Plugins/Runtime/ArchVisCharacter/Binaries/Win64/UE4Editor-ArchVisCharacter.dll (API version 3944462).
LogModuleManager: Display: Found up-to-date module file ../../../Engine/Plugins/Runtime/AudioCapture/Binaries/Win64/UE4Editor-AudioCapture.dll (API version 3944462).
LogModuleManager: Display: Found up-to-date module file ../../../Engine/Plugins/Runtime/AudioCapture/Binaries/Win64/UE4Editor-AudioCaptureEditor.dll (API version 3944462).
LogModuleManager: Display: Found up-to-date module file ../../../Engine/Plugins/Runtime/CableComponent/Binaries/Win64/UE4Editor-CableComponent.dll (API version 3944462).
LogModuleManager: Display: Found up-to-date module file ../../../Engine/Plugins/Runtime/CustomMeshComponent/Binaries/Win64/UE4Editor-CustomMeshComponent.dll (API version 3944462).
LogModuleManager: Display: Found up-to-date module file ../../../Engine/Plugins/Runtime/ExampleDeviceProfileSelector/Binaries/Win64/UE4Editor-ExampleDeviceProfileSelector.dll (API version 3944462).
LogModuleManager: Display: Found up-to-date module file ../../../Engine/Plugins/Runtime/ImmediatePhysics/Binaries/Win64/UE4Editor-ImmediatePhysics.dll (API version 3944462).
LogModuleManager: Display: Found up-to-date module file ../../../Engine/Plugins/Runtime/ImmediatePhysics/Binaries/Win64/UE4Editor-ImmediatePhysicsEditor.dll (API version 3944462).
LogModuleManager: Display: Found up-to-date module file ../../../Engine/Plugins/Runtime/LocationServicesBPLibrary/Binaries/Win64/UE4Editor-LocationServicesBPLibrary.dll (API version 3944462).
LogModuleManager: Display: Found up-to-date module file ../../../Engine/Plugins/Runtime/MobilePatchingUtils/Binaries/Win64/UE4Editor-MobilePatchingUtils.dll (API version 3944462).
LogModuleManager: Display: Found up-to-date module file ../../../Engine/Plugins/Runtime/Oculus/OculusVR/Binaries/Win64/UE4Editor-OculusHMD.dll (API version 3944462).
LogModuleManager: Display: Found up-to-date module file ../../../Engine/Plugins/Runtime/Oculus/OculusVR/Binaries/Win64/UE4Editor-OculusInput.dll (API version 3944462).
LogModuleManager: Display: Found up-to-date module file ../../../Engine/Plugins/Runtime/Oculus/OculusVR/Binaries/Win64/UE4Editor-OculusEditor.dll (API version 3944462).
LogModuleManager: Display: Found up-to-date module file ../../../Engine/Plugins/Runtime/PhysXVehicles/Binaries/Win64/UE4Editor-PhysXVehicles.dll (API version 3944462).
LogModuleManager: Display: Found up-to-date module file ../../../Engine/Plugins/Runtime/PhysXVehicles/Binaries/Win64/UE4Editor-PhysXVehiclesEditor.dll (API version 3944462).
LogModuleManager: Display: Found up-to-date module file ../../../Engine/Plugins/Runtime/RuntimePhysXCooking/Binaries/Win64/UE4Editor-RuntimePhysXCooking.dll (API version 3944462).
LogModuleManager: Display: Found up-to-date module file ../../../Engine/Plugins/Runtime/Steam/SteamVR/Binaries/Win64/UE4Editor-SteamVR.dll (API version 3944462).
LogModuleManager: Display: Found up-to-date module file ../../../Engine/Plugins/Runtime/Steam/SteamVR/Binaries/Win64/UE4Editor-SteamVRController.dll (API version 3944462).
LogModuleManager: Display: Found up-to-date module file ../../../Engine/Plugins/Runtime/WindowsMoviePlayer/Binaries/Win64/UE4Editor-WindowsMoviePlayer.dll (API version 3944462).
LogPluginManager: Mounting plugin Paper2D
LogPluginManager: Mounting plugin LiveLink
LogPluginManager: Mounting plugin LightPropagationVolume
LogPluginManager: Mounting plugin CLionSourceCodeAccess
LogPluginManager: Mounting plugin CodeLiteSourceCodeAccess
LogPluginManager: Mounting plugin GitSourceControl
LogPluginManager: Mounting plugin KDevelopSourceCodeAccess
LogPluginManager: Mounting plugin NullSourceCodeAccess
LogPluginManager: Mounting plugin PerforceSourceControl
LogPluginManager: Mounting plugin SubversionSourceControl
LogPluginManager: Mounting plugin UObjectPlugin
LogPluginManager: Mounting plugin VisualStudioCodeSourceCodeAccess
LogPluginManager: Mounting plugin VisualStudioSourceCodeAccess
LogPluginManager: Mounting plugin XCodeSourceCodeAccess
LogPluginManager: Mounting plugin AssetManagerEditor
LogPluginManager: Mounting plugin CryptoKeys
LogPluginManager: Mounting plugin DataValidation
LogPluginManager: Mounting plugin FacialAnimation
LogPluginManager: Mounting plugin GameplayTagsEditor
LogPluginManager: Mounting plugin MobileLauncherProfileWizard
LogPluginManager: Mounting plugin PluginBrowser
LogPluginManager: Mounting plugin SpeedTreeImporter
LogPluginManager: Mounting plugin DatasmithContent
LogPluginManager: Mounting plugin AlembicImporter
LogPluginManager: Mounting plugin CharacterAI
LogPluginManager: Mounting plugin HTML5Networking
LogPluginManager: Mounting plugin AndroidMedia
LogPluginManager: Mounting plugin AvfMedia
LogPluginManager: Mounting plugin ImgMedia
LogPluginManager: Mounting plugin LinearTimecode
LogPluginManager: Mounting plugin MediaCompositing
LogPluginManager: Mounting plugin MediaPlayerEditor
LogPluginManager: Mounting plugin WmfMedia
LogPluginManager: Mounting plugin TcpMessaging
LogPluginManager: Mounting plugin UdpMessaging
LogPluginManager: Mounting plugin ActorSequence
LogPluginManager: Mounting plugin LevelSequenceEditor
LogPluginManager: Mounting plugin MatineeToLevelSequence
LogPluginManager: Mounting plugin NetcodeUnitTest
LogPluginManager: Mounting plugin NUTUnrealEngine4
LogPluginManager: Mounting plugin OnlineSubsystemGooglePlay
LogPluginManager: Mounting plugin OnlineSubsystemIOS
LogPluginManager: Mounting plugin OnlineSubsystem
LogPluginManager: Mounting plugin OnlineSubsystemNull
LogPluginManager: Mounting plugin OnlineSubsystemUtils
LogPluginManager: Mounting plugin AndroidDeviceProfileSelector
LogPluginManager: Mounting plugin AndroidMoviePlayer
LogPluginManager: Mounting plugin AndroidPermission
LogPluginManager: Mounting plugin AppleARKit
LogPluginManager: Mounting plugin AppleMoviePlayer
LogPluginManager: Mounting plugin ArchVisCharacter
LogPluginManager: Mounting plugin AudioCapture
LogPluginManager: Mounting plugin CableComponent
LogPluginManager: Mounting plugin CustomMeshComponent
LogPluginManager: Mounting plugin ExampleDeviceProfileSelector
LogPluginManager: Mounting plugin GoogleCloudMessaging
LogPluginManager: Mounting plugin ImmediatePhysics
LogPluginManager: Mounting plugin IOSDeviceProfileSelector
LogPluginManager: Mounting plugin LinuxDeviceProfileSelector
LogPluginManager: Mounting plugin LocationServicesBPLibrary
LogPluginManager: Mounting plugin MobilePatchingUtils
LogPluginManager: Mounting plugin OculusVR
LogPluginManager: Plugin shader directory ../../../Engine/Plugins/Runtime/Oculus/OculusVR/Shaders found
LogPluginManager: Mapping shader source directory ../../../Engine/Plugins/Runtime/Oculus/OculusVR/Shaders to virtual directory /Plugin/OculusVR
LogPluginManager: Mounting plugin PhysXVehicles
LogPluginManager: Mounting plugin ProceduralMeshComponent
LogPluginManager: Mounting plugin RuntimePhysXCooking
LogPluginManager: Mounting plugin SteamVR
LogPluginManager: Mounting plugin WindowsMoviePlayer
LogStreaming: Display: Took  3.002s to configure plugins.
LogInit: Using libcurl 7.47.1
LogInit:  - built for x86_64-pc-win32
LogInit:  - supports SSL with OpenSSL/1.0.2g
LogInit:  - supports HTTP deflate (compression) using libz 1.2.8
LogInit:  - other features:
LogInit:      CURL_VERSION_SSL
LogInit:      CURL_VERSION_LIBZ
LogInit:      CURL_VERSION_IPV6
LogInit:      CURL_VERSION_ASYNCHDNS
LogInit:      CURL_VERSION_LARGEFILE
LogInit:      CURL_VERSION_IDN
LogInit:  CurlRequestOptions (configurable via config and command line):
LogInit:  - bVerifyPeer = false  - Libcurl will NOT verify peer certificate
LogInit:  - bUseHttpProxy = false  - Libcurl will NOT use HTTP proxy
LogInit:  - bDontReuseConnections = false  - Libcurl will reuse connections
LogInit:  - CertBundlePath = nullptr  - Libcurl will use whatever was configured at build time.
LogInit:  - MaxHostConnections = 16  - Libcurl will limit the number of connections to a host
LogInit:  - LocalHostAddr = Default
LogInit: WinSock: version 1.1 (2.2), MaxSocks=32767, MaxUdp=65467
LogInit: WinSock: I am DESKTOP-SP95I47 (192.168.0.100:0)
LogInit: Build: ++UE4+Release-4.19-CL-4033788
LogInit: Engine Version: 4.19.2-4033788+++UE4+Release-4.19
LogInit: Compatible Engine Version: 4.19.0-3944462+++UE4+Release-4.19
LogInit: Net CL: 3944462
LogDevObjectVersion: Number of dev versions registered: 18
LogDevObjectVersion:   Dev-Blueprints (B0D832E4-1F89-4F0D-ACCF-7EB736FD4AA2): 10
LogDevObjectVersion:   Dev-Build (E1C64328-A22C-4D53-A36C-8E866417BD8C): 0
LogDevObjectVersion:   Dev-Core (375EC13C-06E4-48FB-B500-84F0262A717E): 2
LogDevObjectVersion:   Dev-Editor (E4B068ED-F494-42E9-A231-DA0B2E46BB41): 23
LogDevObjectVersion:   Dev-Framework (CFFC743F-43B0-4480-9391-14DF171D2073): 33
LogDevObjectVersion:   Dev-Mobile (B02B49B5-BB20-44E9-A304-32B752E40360): 2
LogDevObjectVersion:   Dev-Networking (A4E4105C-59A1-49B5-A7C5-40C4547EDFEE): 0
LogDevObjectVersion:   Dev-Online (39C831C9-5AE6-47DC-9A44-9C173E1C8E7C): 0
LogDevObjectVersion:   Dev-Physics (78F01B33-EBEA-4F98-B9B4-84EACCB95AA2): 0
LogDevObjectVersion:   Dev-Platform (6631380F-2D4D-43E0-8009-CF276956A95A): 0
LogDevObjectVersion:   Dev-Rendering (12F88B9F-8875-4AFC-A67C-D90C383ABD29): 25
LogDevObjectVersion:   Dev-Sequencer (7B5AE74C-D270-4C10-A958-57980B212A5A): 6
LogDevObjectVersion:   Dev-VR (D7296918-1DD6-4BDD-9DE2-64A83CC13884): 1
LogDevObjectVersion:   Dev-LoadTimes (C2A15278-BFE7-4AFE-6C17-90FF531DF755): 1
LogDevObjectVersion:   Private-Geometry (6EACA3D4-40EC-4CC1-B786-8BED09428FC5): 2
LogDevObjectVersion:   Dev-AnimPhys (29E575DD-E0A3-4627-9D10-D276232CDCEA): 16
LogDevObjectVersion:   Dev-ReflectionCapture (6B266CEC-1EC7-4B8F-A30B-E4D90942FC07): 1
LogDevObjectVersion:   Dev-Automation (0DF73D61-A23F-47EA-B727-89E90C41499A): 1
LogInit: Compiled (64-bit): Apr 27 2018 02:06:57
LogInit: Compiled with Visual C++: 19.00.24215.01
LogInit: Build Configuration: Development
LogInit: Branch Name: ++UE4+Release-4.19
LogInit: Command Line:  
LogInit: Base Directory: C:/Program Files/Epic Games/UE_4.19/Engine/Binaries/Win64/
LogInit: Installed Engine Build: 1
LogStreaming: Display: Took  0.015s to delete old logs.
LogInit: Presizing for max 8388607 objects, including 0 objects not considered by GC, pre-allocating 0 bytes for permanent pool.
LogInit: Object subsystem initialized
[2018.06.28-22.49.21:309][  0]LogInit: Selected Device Profile: [Windows]
[2018.06.28-22.49.21:310][  0]LogInit: Applying CVar settings loaded from the selected device profile: [Windows]
[2018.06.28-22.49.21:355][  0]LogInit: Computer: DESKTOP-SP95I47
[2018.06.28-22.49.21:355][  0]LogInit: User: juaia
[2018.06.28-22.49.21:355][  0]LogInit: CPU Page size=4096, Cores=2
[2018.06.28-22.49.21:355][  0]LogInit: High frequency timer resolution =2.835943 MHz
[2018.06.28-22.49.21:356][  0]LogMemory: Memory total: Physical=7.9GB (8GB approx)
[2018.06.28-22.49.21:356][  0]LogMemory: Platform Memory Stats for Windows
[2018.06.28-22.49.21:356][  0]LogMemory: Process Physical Memory: 273.22 MB used, 273.22 MB peak
[2018.06.28-22.49.21:356][  0]LogMemory: Process Virtual Memory: 265.91 MB used, 265.91 MB peak
[2018.06.28-22.49.21:356][  0]LogMemory: Physical Memory: 3480.21 MB used,  4590.41 MB free, 8070.62 MB total
[2018.06.28-22.49.21:356][  0]LogMemory: Virtual Memory: 4781.89 MB used,  4590.41 MB free, 134217728.00 MB total
[2018.06.28-22.49.21:968][  0]LogInit: Using OS detected language (pt-BR).
[2018.06.28-22.49.21:968][  0]LogInit: Using OS detected locale (pt-BR).
[2018.06.28-22.49.22:858][  0]LogStreaming: Display: Took  0.910s to EndInitTextLocalization.
[2018.06.28-22.49.22:877][  0]LogInit: Setting process to per monitor DPI aware
[2018.06.28-22.49.23:386][  0]LogSlate: New Slate User Created.  User Index 0, Is Virtual User: 0
[2018.06.28-22.49.23:386][  0]LogSlate: Slate User Registered.  User Index 0, Is Virtual User: 0
[2018.06.28-22.49.26:743][  0]LogD3D11RHI: D3D11 adapters:
[2018.06.28-22.49.26:756][  0]LogD3D11RHI:    0. 'Intel(R) HD Graphics 620' (Feature Level 11_0)
[2018.06.28-22.49.26:756][  0]LogD3D11RHI:       128/0/4035 MB DedicatedVideo/DedicatedSystem/SharedSystem, Outputs:1, VendorId:0x8086
[2018.06.28-22.49.27:423][  0]LogD3D11RHI:    1. 'Radeon (TM) R7 M445' (Feature Level 11_0)
[2018.06.28-22.49.27:423][  0]LogD3D11RHI:       4087/0/4035 MB DedicatedVideo/DedicatedSystem/SharedSystem, Outputs:0, VendorId:0x1002
[2018.06.28-22.49.27:426][  0]LogD3D11RHI:    2. 'Microsoft Basic Render Driver' (Feature Level 11_0)
[2018.06.28-22.49.27:426][  0]LogD3D11RHI:       0/0/4035 MB DedicatedVideo/DedicatedSystem/SharedSystem, Outputs:0, VendorId:0x1414
[2018.06.28-22.49.27:426][  0]LogD3D11RHI: Chosen D3D11 Adapter: 1
[2018.06.28-22.49.27:478][  0]LogD3D11RHI: Creating new Direct3DDevice
[2018.06.28-22.49.27:478][  0]LogD3D11RHI:     GPU DeviceId: 0x6900 (for the marketing name, search the web for "GPU Device Id")
[2018.06.28-22.49.27:478][  0]LogWindows: EnumDisplayDevices:
[2018.06.28-22.49.27:479][  0]LogWindows:    0. 'Intel(R) HD Graphics 620' (P:1 D:1)
[2018.06.28-22.49.27:479][  0]LogWindows:    1. 'Intel(R) HD Graphics 620' (P:0 D:0)
[2018.06.28-22.49.27:479][  0]LogWindows:    2. 'Intel(R) HD Graphics 620' (P:0 D:0)
[2018.06.28-22.49.27:479][  0]LogWindows: DebugString: GetVideoDriverDetailsInvalid PrimaryIsNotTheChoosenAdapter GetVideoDriverDetailsInvalid PrimaryIsNotTheChoosenAdapter GetVideoDriverDetailsInvalid PrimaryIsNotTheChoosenAdapter FoundDriverCount:0 
[2018.06.28-22.49.27:480][  0]LogD3D11RHI:     Adapter Name: Radeon (TM) R7 M445
[2018.06.28-22.49.27:480][  0]LogD3D11RHI:   Driver Version: Unknown (internal:Unknown, unified:Unknown)
[2018.06.28-22.49.27:480][  0]LogD3D11RHI:      Driver Date: Unknown
[2018.06.28-22.49.27:480][  0]LogRHI: Texture pool is 2861 MB (70% of 4087 MB)
[2018.06.28-22.49.27:552][  0]LogD3D11RHI: Async texture creation enabled
[2018.06.28-22.49.27:661][  0]LogD3D11RHI: GPU Timing Frequency: 27.000000 (Debug: 2 1)
[2018.06.28-22.49.27:688][  0]LogShaderCompilers: Guid format shader working directory is -10 characters bigger than the processId version (../../../../../../Users/juaia/Documents/GitHub/Rafa-game/Intermediate/Shaders/WorkingDirectory/7676/).
[2018.06.28-22.49.27:693][  0]LogShaderCompilers: Cleaned the shader compiler working directory 'C:/Users/juaia/AppData/Local/Temp/UnrealShaderWorkingDir/2CDC1355479E1E778CD3BC90B883AE60/'.
[2018.06.28-22.49.28:870][  0]LogTemp: Display: Loaded TP AllDesktopTargetPlatform
[2018.06.28-22.49.28:901][  0]LogTemp: Display: Loaded TP MacClientTargetPlatform
[2018.06.28-22.49.28:925][  0]LogTemp: Display: Loaded TP MacNoEditorTargetPlatform
[2018.06.28-22.49.28:951][  0]LogTemp: Display: Loaded TP MacServerTargetPlatform
[2018.06.28-22.49.29:000][  0]LogTemp: Display: Loaded TP MacTargetPlatform
[2018.06.28-22.49.29:043][  0]LogTemp: Display: Loaded TP WindowsClientTargetPlatform
[2018.06.28-22.49.29:104][  0]LogTemp: Display: Loaded TP WindowsNoEditorTargetPlatform
[2018.06.28-22.49.29:188][  0]LogTemp: Display: Loaded TP WindowsServerTargetPlatform
[2018.06.28-22.49.29:230][  0]LogTemp: Display: Loaded TP WindowsTargetPlatform
[2018.06.28-22.49.29:255][  0]LogTemp: Display: Loaded TP Android_ASTCTargetPlatform
[2018.06.28-22.49.29:286][  0]LogTemp: Display: Loaded TP Android_ATCTargetPlatform
[2018.06.28-22.49.29:303][  0]LogTemp: Display: Loaded TP Android_DXTTargetPlatform
[2018.06.28-22.49.29:328][  0]LogTemp: Display: Loaded TP Android_ETC1aTargetPlatform
[2018.06.28-22.49.29:355][  0]LogTemp: Display: Loaded TP Android_ETC1TargetPlatform
[2018.06.28-22.49.29:380][  0]LogTemp: Display: Loaded TP Android_ETC2TargetPlatform
[2018.06.28-22.49.29:427][  0]LogTemp: Display: Loaded TP Android_MultiTargetPlatform
[2018.06.28-22.49.29:427][  0]LogTemp: Display: Loaded TP Android_PVRTCTargetPlatform
[2018.06.28-22.49.29:476][  0]LogTemp: Display: Loaded TP AndroidTargetPlatform
[2018.06.28-22.49.29:507][  0]LogTemp: Display: Loaded TP HTML5TargetPlatform
[2018.06.28-22.49.29:632][  0]LogTemp: Display: Loaded TP IOSTargetPlatform
[2018.06.28-22.49.29:659][  0]LogTemp: Display: Loaded TP TVOSTargetPlatform
[2018.06.28-22.49.29:707][  0]LogTemp: Display: Loaded TP LinuxClientTargetPlatform
[2018.06.28-22.49.29:786][  0]LogTemp: Display: Loaded TP LinuxNoEditorTargetPlatform
[2018.06.28-22.49.29:864][  0]LogTemp: Display: Loaded TP LinuxServerTargetPlatform
[2018.06.28-22.49.29:942][  0]LogTemp: Display: Loaded TP LinuxTargetPlatform
[2018.06.28-22.49.29:942][  0]LogTargetPlatformManager: Display: Building Assets For Windows
[2018.06.28-22.49.30:924][  0]LogXGEController: Cleaning working directory: C:/Users/juaia/AppData/Local/Temp/UnrealXGEWorkingDir/
[2018.06.28-22.49.30:925][  0]LogXGEController: Cannot use XGE Controller as Incredibuild is not installed on this machine.
[2018.06.28-22.49.30:925][  0]LogShaderCompilers: Cannot use XGE Shader Compiler as Incredibuild is not installed on this machine.
[2018.06.28-22.49.30:925][  0]LogShaderCompilers: Display: Using Local Shader Compiler.
[2018.06.28-22.49.33:824][  0]LogDerivedDataCache: Display: Max Cache Size: 512 MB
[2018.06.28-22.49.34:684][  0]LogDerivedDataCache: Loaded boot cache 0.85s 74MB C:/Users/juaia/AppData/Local/UnrealEngine/4.19/DerivedDataCache/Boot.ddc.
[2018.06.28-22.49.34:684][  0]LogDerivedDataCache: Display: Loaded Boot cache: C:/Users/juaia/AppData/Local/UnrealEngine/4.19/DerivedDataCache/Boot.ddc
[2018.06.28-22.49.34:685][  0]LogDerivedDataCache: FDerivedDataBackendGraph:  Pak pak cache file ../../../../../../Users/juaia/Documents/GitHub/Rafa-game/DerivedDataCache/DDC.ddp not found, will not use a pak cache.
[2018.06.28-22.49.34:685][  0]LogDerivedDataCache: Unable to find inner node Pak for hierarchical cache Hierarchy.
[2018.06.28-22.49.34:685][  0]LogDerivedDataCache: FDerivedDataBackendGraph:  CompressedPak pak cache file ../../../../../../Users/juaia/Documents/GitHub/Rafa-game/DerivedDataCache/Compressed.ddp not found, will not use a pak cache.
[2018.06.28-22.49.34:685][  0]LogDerivedDataCache: Unable to find inner node CompressedPak for hierarchical cache Hierarchy.
[2018.06.28-22.49.34:793][  0]LogDerivedDataCache: Display: Pak cache opened for reading ../../../Engine/DerivedDataCache/Compressed.ddp.
[2018.06.28-22.49.34:806][  0]LogDerivedDataCache: Using Local data cache path C:/Users/juaia/AppData/Local/UnrealEngine/Common/DerivedDataCache: Writable
[2018.06.28-22.49.34:806][  0]LogDerivedDataCache: Shared data cache path not found in *engine.ini, will not use an Shared cache.
[2018.06.28-22.49.34:806][  0]LogDerivedDataCache: Unable to find inner node Shared for hierarchical cache Hierarchy.
[2018.06.28-22.49.34:841][  0]LogMaterial: Verifying Global Shaders for PCD3D_SM5
[2018.06.28-22.49.34:875][  0]LogSlate: Using Freetype 2.6.0
[2018.06.28-22.49.34:954][  0]LogSlate: SlateFontCache - WITH_FREETYPE: 1, WITH_HARFBUZZ: 1
[2018.06.28-22.49.34:954][  0]LogSlate: SlateFontCache - WITH_FREETYPE: 1, WITH_HARFBUZZ: 1
[2018.06.28-22.49.39:899][  0]LogAssetRegistry: FAssetRegistry took 0.0266 seconds to start up
[2018.06.28-22.49.47:546][  0]LogInit: Selected Device Profile: [Windows]
[2018.06.28-22.49.48:661][  0]LogSimplygon: Simplygon DLL not present - disabling.
[2018.06.28-22.49.48:699][  0]LogMeshReduction: Using SimplygonSwarm for distributed automatic mesh merging
[2018.06.28-22.49.48:712][  0]LogMeshReduction: Using QuadricMeshReduction for automatic static mesh reduction
[2018.06.28-22.49.48:735][  0]LogMeshReduction: No automatic skeletal mesh reduction module available
[2018.06.28-22.49.48:735][  0]LogMeshReduction: No automatic mesh merging module available
[2018.06.28-22.49.48:735][  0]LogMeshMerging: No automatic mesh merging module available
[2018.06.28-22.49.48:957][  0]LogNetVersion: RafaGirafa , NetCL: 3944462, EngineNetVer: 2, GameNetVer: 0 (Checksum: 2121433062)
[2018.06.28-22.49.52:043][  0]LogPackageLocalizationCache: Processed 9 localized package path(s) for 2 prioritized culture(s) in 0.133618 seconds
[2018.06.28-22.49.52:063][  0]LogUObjectArray: 36728 objects as part of root set at end of initial load.
[2018.06.28-22.49.52:063][  0]LogUObjectAllocator: 7314304 out of 0 bytes used by permanent object pool.
[2018.06.28-22.49.52:063][  0]LogUObjectArray: CloseDisregardForGC: 0/0 objects in disregard for GC pool
[2018.06.28-22.50.14:927][  0]LogTcpMessaging: Initializing TcpMessaging bridge
[2018.06.28-22.50.14:992][  0]LogUdpMessaging: Initializing bridge on interface 0.0.0.0:0 to multicast group 230.0.0.1:6666.
[2018.06.28-22.50.17:020][  0]SourceControl: Controle de origem desativado
[2018.06.28-22.50.17:021][  0]SourceControl: Controle de origem desativado
[2018.06.28-22.50.17:106][  0]SourceControl: Controle de origem desativado
[2018.06.28-22.50.17:166][  0]SourceControl: Controle de origem desativado
[2018.06.28-22.50.18:949][  0]LogAndroidPermission: UAndroidPermissionCallbackProxy::GetInstance
[2018.06.28-22.50.19:353][  0]LogOcInput: OculusInput pre-init called
[2018.06.28-22.50.20:046][  0]LogEngine: Initializing Engine...
[2018.06.28-22.50.20:138][  0]LogHMD: Failed to initialize OpenVR with code 110
[2018.06.28-22.50.20:160][  0]LogStats: UGameplayTagsManager::ConstructGameplayTagTree: Construct from data asset -  0.000 s
[2018.06.28-22.50.20:161][  0]LogStats: UGameplayTagsManager::ConstructGameplayTagTree: GameplayTagTreeChangedEvent.Broadcast -  0.000 s
[2018.06.28-22.50.21:068][  0]LogAIModule: Creating AISystem for world Untitled
[2018.06.28-22.50.21:115][  0]LogInit: XAudio2 using 'Fones de ouvido / Alto falantes (Realtek Audio)' : 2 channels at 48 kHz using 32 bits per sample (channel mask 0x3)
[2018.06.28-22.50.23:027][  0]LogInit: FAudioDevice initialized.
[2018.06.28-22.50.23:271][  0]LogDerivedDataCache: Saved boot cache 0.23s 74MB C:/Users/juaia/AppData/Local/UnrealEngine/4.19/DerivedDataCache/Boot.ddc.
[2018.06.28-22.50.23:287][  0]LogInit: Texture streaming: Enabled
[2018.06.28-22.50.23:384][  0]LogEngineSessionManager: EngineSessionManager initialized
[2018.06.28-22.50.23:497][  0]LogInit: Transaction tracking system initialized
[2018.06.28-22.50.23:972][  0]BlueprintLog: New page: Carregar Editor
[2018.06.28-22.50.25:162][  0]LocalizationService: Localization service is disabled
[2018.06.28-22.50.26:103][  0]LogConsoleResponse: Display: 
[2018.06.28-22.50.30:554][  0]LogFileCache: Scanning file cache for directory 'C:/Users/juaia/Documents/GitHub/Rafa-game/Content/' took 0.02s
[2018.06.28-22.50.30:554][  0]LogCook: Display: Max memory allowance for cook 16384mb min free memory 0mb
[2018.06.28-22.50.30:575][  0]LogCook: Display: Mobile HDR setting 1
[2018.06.28-22.50.30:632][  0]LogGameplayTags: Display: UGameplayTagsManager::DoneAddingNativeTags. DelegateIsBound: 0
[2018.06.28-22.50.30:632][  0]LogStats: UGameplayTagsManager::ConstructGameplayTagTree: Construct from data asset -  0.000 s
[2018.06.28-22.50.30:632][  0]LogStats: UGameplayTagsManager::ConstructGameplayTagTree: GameplayTagTreeChangedEvent.Broadcast -  0.000 s
[2018.06.28-22.50.36:998][  0]SourceControl: Controle de origem desativado
[2018.06.28-22.50.37:050][  0]Cmd: MAP LOAD FILE="../../../../../../Users/juaia/Documents/GitHub/Rafa-game/Content/ThirdPersonBP/Maps/ThirdPersonExampleMap.umap" TEMPLATE=0 SHOWPROGRESS=1 FEATURELEVEL=3
[2018.06.28-22.50.37:059][  0]LightingResults: New page: Compilação de Iluminação
[2018.06.28-22.50.37:130][  0]MapCheck: New page: Verificação de Mapa
[2018.06.28-22.50.37:130][  0]LightingResults: New page: Compilação de Iluminação
[2018.06.28-22.50.37:529][  0]LogUObjectGlobals: Created PersistentFrame Addr=0x000001897d80ef70, Size=72, Default__RafaBlueprint_C Function /Game/RafaGirafa/AnimGir/RafaBlueprint.RafaBlueprint_C:ExecuteUbergraph_RafaBlueprint
[2018.06.28-22.50.37:558][  0]LogUObjectGlobals: Destroyed PersistentFrame Addr=0x000001897d80ef70, Size=72
[2018.06.28-22.50.37:559][  0]LogUObjectGlobals: Created PersistentFrame Addr=0x000001897d80afc0, Size=72, Default__RafaBlueprint_C Function /Engine/Transient.REINST_RafaBlueprint_C_0:ExecuteUbergraph_RafaBlueprint
[2018.06.28-22.50.37:574][  0]LogUObjectGlobals: Created PersistentFrame Addr=0x00000189155ae0c0, Size=72, Default__RafaBlueprint_C Function /Game/RafaGirafa/AnimGir/RafaBlueprint.RafaBlueprint_C:ExecuteUbergraph_RafaBlueprint
[2018.06.28-22.50.37:610][  0]LogUObjectGlobals: Created PersistentFrame Addr=0x000001891565f880, Size=296, Default__ThirdPersonCharacter_C Function /Game/ThirdPersonBP/Blueprints/ThirdPersonCharacter.ThirdPersonCharacter_C:ExecuteUbergraph_ThirdPersonCharacter
[2018.06.28-22.50.37:611][  0]LogUObjectGlobals: Created PersistentFrame Addr=0x000001897e03b0d0, Size=4, Default__GAMEOVER_C Function /Game/UI/GAMEOVER.GAMEOVER_C:ExecuteUbergraph_GAMEOVER
[2018.06.28-22.50.37:686][  0]LogUObjectGlobals: Destroyed PersistentFrame Addr=0x000001897e03b0d0, Size=4
[2018.06.28-22.50.37:686][  0]LogUObjectGlobals: Created PersistentFrame Addr=0x000001897e03b0d0, Size=4, Default__GAMEOVER_C Function /Engine/Transient.REINST_GAMEOVER_C_0:ExecuteUbergraph_GAMEOVER
[2018.06.28-22.50.37:686][  0]LogUObjectGlobals: Destroyed PersistentFrame Addr=0x000001891565f880, Size=296
[2018.06.28-22.50.37:686][  0]LogUObjectGlobals: Created PersistentFrame Addr=0x000001891565f880, Size=296, Default__ThirdPersonCharacter_C Function /Engine/Transient.REINST_ThirdPersonCharacter_C_6:ExecuteUbergraph_ThirdPersonCharacter
[2018.06.28-22.50.37:709][  0]LogUObjectGlobals: Created PersistentFrame Addr=0x000001897e0382a0, Size=4, Default__GAMEOVER_C Function /Game/UI/GAMEOVER.GAMEOVER_C:ExecuteUbergraph_GAMEOVER
[2018.06.28-22.50.37:711][  0]LogUObjectGlobals: Created PersistentFrame Addr=0x0000018915c9fec0, Size=296, Default__ThirdPersonCharacter_C Function /Game/ThirdPersonBP/Blueprints/ThirdPersonCharacter.ThirdPersonCharacter_C:ExecuteUbergraph_ThirdPersonCharacter
[2018.06.28-22.50.37:837][  0]LogUObjectGlobals: Created PersistentFrame Addr=0x0000018915875d00, Size=616, Default__maca_normal_C Function /Game/Objetos/maca_normal.maca_normal_C:ExecuteUbergraph_maca_normal
[2018.06.28-22.50.37:865][  0]LogUObjectGlobals: Destroyed PersistentFrame Addr=0x0000018915875d00, Size=616
[2018.06.28-22.50.37:865][  0]LogUObjectGlobals: Created PersistentFrame Addr=0x0000018915875d00, Size=616, Default__maca_normal_C Function /Engine/Transient.REINST_maca_normal_C_9:ExecuteUbergraph_maca_normal
[2018.06.28-22.50.37:882][  0]LogUObjectGlobals: Created PersistentFrame Addr=0x0000018915593100, Size=616, Default__maca_normal_C Function /Game/Objetos/maca_normal.maca_normal_C:ExecuteUbergraph_maca_normal
[2018.06.28-22.50.38:362][  0]LogUObjectGlobals: Created PersistentFrame Addr=0x0000018915c96e00, Size=24, Default__START_C Function /Game/UI/START.START_C:ExecuteUbergraph_START
[2018.06.28-22.50.38:366][  0]LogUObjectGlobals: Destroyed PersistentFrame Addr=0x0000018915c96e00, Size=24
[2018.06.28-22.50.38:366][  0]LogUObjectGlobals: Created PersistentFrame Addr=0x0000018915c96e00, Size=24, Default__START_C Function /Engine/Transient.REINST_START_C_1:ExecuteUbergraph_START
[2018.06.28-22.50.38:367][  0]LogUObjectGlobals: Created PersistentFrame Addr=0x0000018915c963b0, Size=24, Default__START_C Function /Game/UI/START.START_C:ExecuteUbergraph_START
[2018.06.28-22.50.38:371][  0]LogUObjectGlobals: Created PersistentFrame Addr=0x0000018915ba3660, Size=32, Default__ThirdPersonExampleMap_C Function /Game/ThirdPersonBP/Maps/ThirdPersonExampleMap.ThirdPersonExampleMap_C:ExecuteUbergraph_ThirdPersonExampleMap
[2018.06.28-22.50.38:372][  0]LogUObjectGlobals: Destroyed PersistentFrame Addr=0x0000018915ba3660, Size=32
[2018.06.28-22.50.38:372][  0]LogUObjectGlobals: Created PersistentFrame Addr=0x0000018915ba3660, Size=32, Default__ThirdPersonExampleMap_C Function /Engine/Transient.REINST_ThirdPersonExampleMap_C_12:ExecuteUbergraph_ThirdPersonExampleMap
[2018.06.28-22.50.38:373][  0]LogUObjectGlobals: Created PersistentFrame Addr=0x0000018915ba1dc0, Size=32, Default__ThirdPersonExampleMap_C Function /Game/ThirdPersonBP/Maps/ThirdPersonExampleMap.ThirdPersonExampleMap_C:ExecuteUbergraph_ThirdPersonExampleMap
[2018.06.28-22.50.39:637][  0]LogSkeletalMesh: Skeletal Mesh found in DDC [21.767715ms] /Game/RafaGirafa/AnimGir/RAFA_WALK_01.RAFA_WALK_01
[2018.06.28-22.50.40:053][  0]LogAIModule: Creating AISystem for world ThirdPersonExampleMap
[2018.06.28-22.50.40:700][  0]LogEditorServer: Finished looking for orphan Actors (0.000 secs)
[2018.06.28-22.50.40:789][  0]LogUObjectGlobals: Destroyed PersistentFrame Addr=0x000001897d80afc0, Size=72
[2018.06.28-22.50.40:790][  0]LogUObjectGlobals: Destroyed PersistentFrame Addr=0x000001891565f880, Size=296
[2018.06.28-22.50.40:790][  0]LogUObjectGlobals: Destroyed PersistentFrame Addr=0x000001897e03b0d0, Size=4
[2018.06.28-22.50.40:790][  0]LogUObjectGlobals: Destroyed PersistentFrame Addr=0x0000018915875d00, Size=616
[2018.06.28-22.50.40:790][  0]LogUObjectGlobals: Destroyed PersistentFrame Addr=0x0000018915c96e00, Size=24
[2018.06.28-22.50.40:790][  0]LogUObjectGlobals: Destroyed PersistentFrame Addr=0x0000018915ba3660, Size=32
[2018.06.28-22.50.40:815][  0]Cmd: MAP CHECKDEP NOCLEARLOG
[2018.06.28-22.50.41:132][  0]MapCheck: Map check complete: 0 Error(s), 0 Warning(s), took 309,771ms to complete.
[2018.06.28-22.50.41:133][  0]LogFileHelpers: Loading map 'ThirdPersonExampleMap' took 4.083
[2018.06.28-22.50.42:103][  0]LogCollectionManager: Loaded 0 collections in 0.002086 seconds
[2018.06.28-22.50.42:263][  0]LogFileCache: Scanning file cache for directory 'C:/Users/juaia/Documents/GitHub/Rafa-game/Saved/Collections/' took 0.01s
[2018.06.28-22.50.42:263][  0]LogFileCache: Scanning file cache for directory 'C:/Users/juaia/Documents/GitHub/Rafa-game/Content/Developers/juaia/Collections/' took 0.01s
[2018.06.28-22.50.42:263][  0]LogFileCache: Scanning file cache for directory 'C:/Users/juaia/Documents/GitHub/Rafa-game/Content/Collections/' took 0.01s
[2018.06.28-22.50.42:263][  0]LogCollectionManager: Rebuilt the GUID cache for 0 collections in 0.000001 seconds
[2018.06.28-22.50.42:278][  0]LogContentBrowser: Native class hierarchy populated in 0.0137 seconds. Added 2452 classes and 558 folders.
[2018.06.28-22.50.42:340][  0]LogContentBrowser: Native class hierarchy updated for 'WidgetCarousel' in 0.0003 seconds. Added 0 classes and 0 folders.
[2018.06.28-22.50.43:648][  0]LogContentBrowser: Native class hierarchy updated for 'AddContentDialog' in 0.0003 seconds. Added 0 classes and 0 folders.
[2018.06.28-22.50.43:687][  0]LogContentBrowser: Native class hierarchy updated for 'SceneOutliner' in 0.0002 seconds. Added 1 classes and 2 folders.
[2018.06.28-22.50.43:939][  0]LogSlate: Took 0.010677 seconds to synchronously load lazily loaded font '../../../Engine/Content/Slate/Fonts/Roboto-Regular.ttf' (155K)
[2018.06.28-22.50.43:959][  0]LogSlate: Took 0.018272 seconds to synchronously load lazily loaded font '../../../Engine/Content/Slate/Fonts/Roboto-Bold.ttf' (160K)
[2018.06.28-22.50.43:980][  0]LogSlate: Took 0.016887 seconds to synchronously load lazily loaded font '../../../Engine/Content/Editor/Slate/Fonts/FontAwesome.ttf' (139K)
[2018.06.28-22.50.44:318][  0]LogRenderer: Reallocating scene render targets to support 692x372 Format 10 NumSamples 1 (Frame:1).
[2018.06.28-22.50.44:738][  0]LogContentBrowser: Native class hierarchy updated for 'HierarchicalLODOutliner' in 0.0002 seconds. Added 0 classes and 0 folders.
[2018.06.28-22.50.44:738][  0]LogLoad: (Engine Initialization) Total time: 99.24 seconds
[2018.06.28-22.50.44:738][  0]LogLoad: (Engine Initialization) Total Blueprint compile time: 0.00 seconds
[2018.06.28-22.50.44:825][  0]LogContentStreaming: Texture pool size now 1000 MB
[2018.06.28-22.50.44:862][  0]LogSlate: Took 0.012043 seconds to synchronously load lazily loaded font '../../../Engine/Content/Slate/Fonts/Roboto-Light.ttf' (167K)
[2018.06.28-22.50.44:927][  1]LogFileCache: Retrieving MD5 hashes for directory 'C:/Users/juaia/Documents/GitHub/Rafa-game/Content/' took 0.14s
[2018.06.28-22.50.44:974][  1]LogAssetRegistry: Asset discovery search completed in 65.0973 seconds
[2018.06.28-22.50.44:976][  1]LogCollectionManager: Rebuilt the object cache for 0 collections in 0.000000 seconds (found 0 objects)
[2018.06.28-22.50.44:976][  1]LogCollectionManager: Fixed up redirectors for 0 collections in 0.000061 seconds (updated 0 objects)
[2018.06.28-22.50.45:791][ 41]LogSlate: Took 0.000251 seconds to synchronously load lazily loaded font '../../../Engine/Content/Slate/Fonts/Roboto-Light.ttf' (167K)
[2018.06.28-22.58.33:522][549]LogSlate: FSceneViewport::OnFocusLost() reason 2
[2018.06.28-22.58.37:739][769]LogContentBrowser: Native class hierarchy updated for 'BlueprintGraph' in 0.0006 seconds. Added 116 classes and 0 folders.
[2018.06.28-22.58.38:085][769]LogUObjectGlobals: Created PersistentFrame Addr=0x0000018908a004e8, Size=4, Default__SKEL_PROTO_BP_AnimBlueprint_0_C Function /Engine/Transient.SKEL_PROTO_BP_AnimBlueprint_0_C:ExecuteUbergraph_PROTO_BP_AnimBlueprint_0
[2018.06.28-22.58.38:085][769]LogUObjectGlobals: Created PersistentFrame Addr=0x0000018908a004e0, Size=4, Default__PROTO_BP_AnimBlueprint_0_C Function /Engine/Transient.PROTO_BP_AnimBlueprint_0_C:ExecuteUbergraph_PROTO_BP_AnimBlueprint_0
[2018.06.28-22.58.38:899][769]LogSlate: Took 0.017033 seconds to synchronously load lazily loaded font '../../../Engine/Content/Slate/Fonts/Roboto-BoldCondensed.ttf' (158K)
[2018.06.28-22.58.39:079][770]LogSlate: Took 0.031903 seconds to synchronously load lazily loaded font '../../../Engine/Content/Slate/Fonts/Roboto-Italic.ttf' (157K)
[2018.06.28-22.58.40:804][869]LogRenderer: Reallocating scene render targets to support 800x440 Format 10 NumSamples 1 (Frame:1).
[2018.06.28-22.58.54:291][625]LogSlate: FSceneViewport::OnFocusLost() reason 2
[2018.06.28-22.58.56:365][708]LogSkeletalMesh: Skeletal Mesh found in DDC [30.019291ms] /Game/Mannequin/Character/Mesh/SK_Mannequin.SK_Mannequin
[2018.06.28-22.58.56:440][708]LogAnimation: Warning: AnimBP RafaBlueprint_C is incompatible with skeleton UE4_Mannequin_Skeleton, removing AnimBP from actor.
[2018.06.28-22.58.56:441][708]LogAnimation: Warning: AnimBP RafaBlueprint_C is incompatible with skeleton UE4_Mannequin_Skeleton, removing AnimBP from actor.
[2018.06.28-22.58.56:441][708]LogAnimation: Warning: AnimBP RafaBlueprint_C is incompatible with skeleton UE4_Mannequin_Skeleton, removing AnimBP from actor.
[2018.06.28-22.59.24:095][218]LogSlate: FSceneViewport::OnFocusLost() reason 2
[2018.06.28-22.59.32:518][515]LogSlate: FSceneViewport::OnFocusLost() reason 2
[2018.06.28-22.59.32:551][515]LogSlate: FSceneViewport::OnFocusLost() reason 2
[2018.06.28-22.59.41:313][  1]LogSlate: FSceneViewport::OnFocusLost() reason 0
[2018.06.28-23.00.28:383][415]LogContentBrowser: Native class hierarchy updated for 'SkeletonEditor' in 0.0003 seconds. Added 1 classes and 2 folders.
[2018.06.28-23.00.28:863][415]LogActorComponent: RegisterComponentWithWorld: (/Engine/Transient.World_8:PersistentLevel.Actor_0.DebugSkelMeshComponent_0) Already registered. Aborting.
[2018.06.28-23.00.28:875][415]LogContentBrowser: Native class hierarchy updated for 'PinnedCommandList' in 0.0002 seconds. Added 1 classes and 0 folders.
[2018.06.28-23.00.29:202][415]LogSkeletalMesh: USkeletalMeshComponent::InitArticulated : Bodies already created (/Engine/Transient.World_8:PersistentLevel.Actor_0.DebugSkelMeshComponent_0) - call TermArticulated first.
[2018.06.28-23.00.29:628][415]LogContentBrowser: Native class hierarchy updated for 'ClothingSystemEditorInterface' in 0.0003 seconds. Added 1 classes and 0 folders.
[2018.06.28-23.00.29:755][415]LogContentBrowser: Verbose: The majority of assets in the view are of type: AnimSequence
[2018.06.28-23.01.45:422][931]LogSlate: FSceneViewport::OnFocusLost() reason 0
[2018.06.28-23.02.19:254][889]LogSlate: FSceneViewport::OnFocusLost() reason 0
[2018.06.28-23.02.52:465][124]LogSlate: Prevented a slow task dialog from being summoned while a context menu was open
[2018.06.28-23.02.57:866][326]LogClass: Warning: In asset 'None', there is an enum property of type 'EAnimationMode' with an invalid value of ''
[2018.06.28-23.02.57:866][326]LogClass: Warning: In asset 'None', there is an enum property of type 'EAnimationMode' with an invalid value of ''
[2018.06.28-23.03.21:533][563]LogClass: Warning: In asset 'None', there is an enum property of type 'EAnimationMode' with an invalid value of ''
[2018.06.28-23.03.21:533][563]LogClass: Warning: In asset 'None', there is an enum property of type 'EAnimationMode' with an invalid value of ''
[2018.06.28-23.03.52:987][644]LogSlate: FSceneViewport::OnFocusLost() reason 0
[2018.06.28-23.03.54:465][730]LogEditorTransaction: Undo Modificar Componente(s)
[2018.06.28-23.03.54:468][730]LogActorComponent: ~FComponentReregisterContext: (/Engine/Transient.World_1:PersistentLevel.ThirdPersonCharacter_C_1.CollisionCylinder) Component already registered.
[2018.06.28-23.03.54:618][730]LogActorComponent: RegisterComponentWithWorld: (/Engine/Transient.World_8:PersistentLevel.Actor_0.DebugSkelMeshComponent_0) Already registered. Aborting.
[2018.06.28-23.03.56:861][891]LogSlate: FSceneViewport::OnFocusLost() reason 0
[2018.06.28-23.04.23:327][829]LogSlate: FSceneViewport::OnFocusLost() reason 0
[2018.06.28-23.04.41:896][185]LogSlate: FSceneViewport::OnFocusLost() reason 0
[2018.06.28-23.05.04:240][572]LogSlate: FSceneViewport::OnFocusLost() reason 0
[2018.06.28-23.05.27:994][220]LogSlate: FSceneViewport::OnFocusLost() reason 0
[2018.06.28-23.05.33:393][595]LogSlate: FSceneViewport::OnFocusLost() reason 0
[2018.06.28-23.05.52:703][807]LogSlate: FSceneViewport::OnFocusLost() reason 0
[2018.06.28-23.05.52:778][815]BlueprintLog: New page: Compilar ThirdPersonCharacter
[2018.06.28-23.05.52:832][815]LogUObjectGlobals: Destroyed PersistentFrame Addr=0x0000018915c9fec0, Size=296
[2018.06.28-23.05.52:832][815]LogUObjectGlobals: Created PersistentFrame Addr=0x0000018933690f40, Size=296, Default__ThirdPersonCharacter_C Function /Engine/Transient.REINST_ThirdPersonCharacter_C_31:ExecuteUbergraph_ThirdPersonCharacter
[2018.06.28-23.05.52:840][815]LogUObjectGlobals: Created PersistentFrame Addr=0x00000189a804fc40, Size=296, Default__ThirdPersonCharacter_C Function /Game/ThirdPersonBP/Blueprints/ThirdPersonCharacter.ThirdPersonCharacter_C:ExecuteUbergraph_ThirdPersonCharacter
[2018.06.28-23.05.56:210][ 58]LogTemp: Repeating last play command: Selected Viewport
[2018.06.28-23.05.56:285][ 58]LogBlueprintUserMessages: Early PlayInEditor Detection: Level '/Game/ThirdPersonBP/Maps/ThirdPersonExampleMap.ThirdPersonExampleMap:PersistentLevel' has LevelScriptBlueprint '/Game/ThirdPersonBP/Maps/ThirdPersonExampleMap.ThirdPersonExampleMap:PersistentLevel.ThirdPersonExampleMap' with GeneratedClass '/Game/ThirdPersonBP/Maps/ThirdPersonExampleMap.ThirdPersonExampleMap_C' with ClassGeneratedBy '/Game/ThirdPersonBP/Maps/ThirdPersonExampleMap.ThirdPersonExampleMap:PersistentLevel.ThirdPersonExampleMap'
[2018.06.28-23.05.56:286][ 58]LogPlayLevel: PlayLevel: No blueprints needed recompiling
[2018.06.28-23.05.56:308][ 58]PIE: New page: Sessão de PIE : ThirdPersonExampleMap (28/06/2018 17:05:56)
[2018.06.28-23.05.56:308][ 58]LogPlayLevel: Creating play world package: /Game/ThirdPersonBP/Maps/UEDPIE_0_ThirdPersonExampleMap
[2018.06.28-23.05.56:403][ 58]LogPlayLevel: PIE: StaticDuplicateObject took: (0.094794s)
[2018.06.28-23.05.56:404][ 58]LogAIModule: Creating AISystem for world ThirdPersonExampleMap
[2018.06.28-23.05.56:405][ 58]LogPlayLevel: PIE: World Init took: (0.001693s)
[2018.06.28-23.05.56:405][ 58]LogPlayLevel: PIE: Created PIE world by copying editor world from /Game/ThirdPersonBP/Maps/ThirdPersonExampleMap.ThirdPersonExampleMap to /Game/ThirdPersonBP/Maps/UEDPIE_0_ThirdPersonExampleMap.ThirdPersonExampleMap (0.097003s)
[2018.06.28-23.05.56:432][ 58]LogInit: XAudio2 using 'Fones de ouvido / Alto falantes (Realtek Audio)' : 2 channels at 48 kHz using 32 bits per sample (channel mask 0x3)
[2018.06.28-23.05.56:508][ 58]LogInit: FAudioDevice initialized.
[2018.06.28-23.05.56:575][ 58]LogUObjectGlobals: Created PersistentFrame Addr=0x0000018925719b28, Size=24, Default__ThirdPersonGameMode_C Function /Game/ThirdPersonBP/Blueprints/ThirdPersonGameMode.ThirdPersonGameMode_C:ExecuteUbergraph_ThirdPersonGameMode
[2018.06.28-23.05.56:577][ 58]LogUObjectGlobals: Destroyed PersistentFrame Addr=0x0000018925719b28, Size=24
[2018.06.28-23.05.56:577][ 58]LogUObjectGlobals: Created PersistentFrame Addr=0x0000018925719b28, Size=24, Default__ThirdPersonGameMode_C Function /Engine/Transient.REINST_ThirdPersonGameMode_C_34:ExecuteUbergraph_ThirdPersonGameMode
[2018.06.28-23.05.56:578][ 58]LogUObjectGlobals: Created PersistentFrame Addr=0x0000018925719678, Size=24, Default__ThirdPersonGameMode_C Function /Game/ThirdPersonBP/Blueprints/ThirdPersonGameMode.ThirdPersonGameMode_C:ExecuteUbergraph_ThirdPersonGameMode
[2018.06.28-23.05.56:586][ 58]LogLoad: Game class is 'ThirdPersonGameMode_C'
[2018.06.28-23.05.56:624][ 58]LogWorld: Bringing World /Game/ThirdPersonBP/Maps/UEDPIE_0_ThirdPersonExampleMap.ThirdPersonExampleMap up for play (max tick rate 0) at 2018.06.28-20.05.56
[2018.06.28-23.05.56:629][ 58]LogWorld: Bringing up level for play took: 0.041669
[2018.06.28-23.05.56:714][ 58]LogContentBrowser: Native class hierarchy updated for 'MovieSceneCapture' in 0.0003 seconds. Added 11 classes and 0 folders.
[2018.06.28-23.05.56:728][ 58]PIE: Momento de início de reprodução no editor para /Game/ThirdPersonBP/Maps/UEDPIE_0_ThirdPersonExampleMap 1,19
[2018.06.28-23.05.56:728][ 58]LogBlueprintUserMessages: Late PlayInEditor Detection: Level '/Game/ThirdPersonBP/Maps/ThirdPersonExampleMap.ThirdPersonExampleMap:PersistentLevel' has LevelScriptBlueprint '/Game/ThirdPersonBP/Maps/ThirdPersonExampleMap.ThirdPersonExampleMap:PersistentLevel.ThirdPersonExampleMap' with GeneratedClass '/Game/ThirdPersonBP/Maps/ThirdPersonExampleMap.ThirdPersonExampleMap_C' with ClassGeneratedBy '/Game/ThirdPersonBP/Maps/ThirdPersonExampleMap.ThirdPersonExampleMap:PersistentLevel.ThirdPersonExampleMap'
[2018.06.28-23.06.15:690][343]LogBlueprintUserMessages: Early EndPlayMap Detection: Level '/Game/ThirdPersonBP/Maps/ThirdPersonExampleMap.ThirdPersonExampleMap:PersistentLevel' has LevelScriptBlueprint '/Game/ThirdPersonBP/Maps/ThirdPersonExampleMap.ThirdPersonExampleMap:PersistentLevel.ThirdPersonExampleMap' with GeneratedClass '/Game/ThirdPersonBP/Maps/ThirdPersonExampleMap.ThirdPersonExampleMap_C' with ClassGeneratedBy '/Game/ThirdPersonBP/Maps/ThirdPersonExampleMap.ThirdPersonExampleMap:PersistentLevel.ThirdPersonExampleMap'
[2018.06.28-23.06.15:733][343]LogBlueprintUserMessages: Late EndPlayMap Detection: Level '/Game/ThirdPersonBP/Maps/ThirdPersonExampleMap.ThirdPersonExampleMap:PersistentLevel' has LevelScriptBlueprint '/Game/ThirdPersonBP/Maps/ThirdPersonExampleMap.ThirdPersonExampleMap:PersistentLevel.ThirdPersonExampleMap' with GeneratedClass '/Game/ThirdPersonBP/Maps/ThirdPersonExampleMap.ThirdPersonExampleMap_C' with ClassGeneratedBy '/Game/ThirdPersonBP/Maps/ThirdPersonExampleMap.ThirdPersonExampleMap:PersistentLevel.ThirdPersonExampleMap'
[2018.06.28-23.06.15:767][343]LogUObjectGlobals: Destroyed PersistentFrame Addr=0x0000018925719b28, Size=24
[2018.06.28-23.06.52:438][954]LogFileHelpers: Editor autosave (incl. sublevels) for '/Game/ThirdPersonBP/Maps/ThirdPersonExampleMap' took 0.023
[2018.06.28-23.06.52:443][954]OBJ SavePackage: Generating thumbnails for [1] asset(s) in package [/Game/ThirdPersonBP/Blueprints/ThirdPersonCharacter] ([1] browsable assets)...
[2018.06.28-23.06.52:469][954]OBJ SavePackage:     Rendered thumbnail for [Blueprint /Game/ThirdPersonBP/Blueprints/ThirdPersonCharacter.ThirdPersonCharacter]
[2018.06.28-23.06.52:469][954]OBJ SavePackage: Finished generating thumbnails for package [/Game/ThirdPersonBP/Blueprints/ThirdPersonCharacter]
[2018.06.28-23.06.52:560][954]LogSavePackage: Save=70.96ms
[2018.06.28-23.06.52:560][954]LogSavePackage: Moving '../../../../../../Users/juaia/Documents/GitHub/Rafa-game/Saved/ThirdPersonCharacter_Auto1272510C745CE5F15FF00629720564A95.tmp' to '../../../../../../Users/juaia/Documents/GitHub/Rafa-game/Saved/Autosaves/Game/ThirdPersonBP/Blueprints/ThirdPersonCharacter_Auto1.uasset'
[2018.06.28-23.06.52:564][954]LogSavePackage: Display: Finished SavePackage ../../../../../../Users/juaia/Documents/GitHub/Rafa-game/Saved/Autosaves/Game/ThirdPersonBP/Blueprints/ThirdPersonCharacter_Auto1.uasset
[2018.06.28-23.06.52:564][954]LogFileHelpers: Auto-saving content packages took 0.125
[2018.06.28-23.06.59:721][976]LogEditorViewport: Clicking on Actor (LMB): StaticMeshActor (arvore_13)
[2018.06.28-23.07.20:497][784]LogSlate: FSceneViewport::OnFocusLost() reason 0
